#
# A fatal error has been detected by the Java Runtime Environment:
#
#  EXCEPTION_ACCESS_VIOLATION (0xc0000005) at pc=0x00007ffaae9e6490, pid=209228, tid=0x0000000000033210
#
# JRE version: Java(TM) SE Runtime Environment (8.0_111-b14) (build 1.8.0_111-b14)
# Java VM: Java HotSpot(TM) 64-Bit Server VM (25.111-b14 mixed mode windows-amd64 compressed oops)
# Problematic frame:
# C  [glfw.dll+0x6490]
#
# Failed to write core dump. Minidumps are not enabled by default on client versions of Windows
#
# If you would like to submit a bug report, please visit:
#   http://bugreport.java.com/bugreport/crash.jsp
# The crash happened outside the Java Virtual Machine in native code.
# See problematic frame for where to report the bug.
#

---------------  T H R E A D  ---------------

Current thread (0x0000000002a24000):  JavaThread "main" [_thread_in_native, id=209424, stack(0x00000000028d0000,0x00000000029d0000)]

siginfo: ExceptionCode=0xc0000005, reading address 0x0000000000000000

Registers:
RAX=0x0000000000000000, RBX=0x0000000000f23400, RCX=0x0000000000000000, RDX=0x00007ffaaea37ee0
RSP=0x00000000029cf1f0, RBP=0x00000000029cf280, RSI=0x0000000000000108, RDI=0x0000000002b27e70
R8 =0x0000000000f23400, R9 =0x00007ffaae9e63e0, R10=0x00007ffaaea51b10, R11=0x0000000003012bd8
R12=0x0000000000000000, R13=0x00000000029cf298, R14=0x00000000029cf270, R15=0x0000000002a24000
RIP=0x00007ffaae9e6490, EFLAGS=0x0000000000010287

Top of Stack: (sp=0x00000000029cf1f0)
0x00000000029cf1f0:   0000000000f23400 0000000002a24000
0x00000000029cf200:   00000000029cf200 0000000000000000
0x00000000029cf210:   0000000016b6c788 0000000003012c8a
0x00000000029cf220:   0000000000000000 0000000016b674d8
0x00000000029cf230:   0000000000000000 00000000029cf260
0x00000000029cf240:   00000000029cf2d0 0000000002b27e70
0x00000000029cf250:   000000008e440aa0 0000000002b319d7
0x00000000029cf260:   00007ffaae9e3ea0 00007ffaae9e3ea0
0x00000000029cf270:   000000008e440aa0 0000000000000010
0x00000000029cf280:   00000000029cf2f8 0000000002b2835d
0x00000000029cf290:   0000000002b2835d 00007ffaae9e63e0
0x00000000029cf2a0:   00000000029cf320 0000000000f23400
0x00000000029cf2b0:   0000000000000000 00000000029cf2b8
0x00000000029cf2c0:   0000000016ba162e 00000000029cf320
0x00000000029cf2d0:   0000000016bacfd8 000000001cf52ed0
0x00000000029cf2e0:   0000000016ba1660 00000000029cf298 

Instructions: (pc=0x00007ffaae9e6490)
0x00007ffaae9e6470:   48 8b 0d 69 1a 05 00 48 8d 15 62 1a 05 00 48 3b
0x00007ffaae9e6480:   cb 74 1b 0f 1f 40 00 66 0f 1f 84 00 00 00 00 00
0x00007ffaae9e6490:   48 8b 01 48 8b d1 48 8b c8 48 3b c3 75 f2 48 8b
0x00007ffaae9e64a0:   03 48 8b cb 48 89 02 48 83 c4 20 5b e9 97 27 01 


Register to memory mapping:

RAX=0x0000000000000000 is an unknown value
RBX=0x0000000000f23400 is an unknown value
RCX=0x0000000000000000 is an unknown value
RDX=0x00007ffaaea37ee0 is an unknown value
RSP=0x00000000029cf1f0 is pointing into the stack for thread: 0x0000000002a24000
RBP=0x00000000029cf280 is pointing into the stack for thread: 0x0000000002a24000
RSI=0x0000000000000108 is an unknown value
RDI=0x0000000002b27e70 is at code_begin+1040 in an Interpreter codelet
invoke return entry points  [0x0000000002b27a60, 0x0000000002b28440]  2528 bytes
R8 =0x0000000000f23400 is an unknown value
R9 =0x00007ffaae9e63e0 is an unknown value
R10=0x00007ffaaea51b10 is an unknown value
R11=0x0000000003012bd8 is at entry_point+24 in (nmethod*)0x0000000003012a50
R12=0x0000000000000000 is an unknown value
R13=0x00000000029cf298 is pointing into the stack for thread: 0x0000000002a24000
R14=0x00000000029cf270 is pointing into the stack for thread: 0x0000000002a24000
R15=0x0000000002a24000 is a thread


Stack: [0x00000000028d0000,0x00000000029d0000],  sp=0x00000000029cf1f0,  free space=1020k
Native frames: (J=compiled Java code, j=interpreted, Vv=VM code, C=native code)
C  [glfw.dll+0x6490]
C  0x0000000003012c8a

Java frames: (J=compiled Java code, j=interpreted, Vv=VM code)
J 1258  org.lwjgl.system.JNI.invokePV(JJ)V (0 bytes) @ 0x0000000003012c04 [0x0000000003012bc0+0x44]
j  org.lwjgl.glfw.GLFW.glfwDestroyWindow(J)V+6
j  com.base.engine.rendering.windowManagement.GLFWWindow.dispose()V+22
j  com.base.engine.rendering.windowManagement.GLFWWindowManager.lambda$0(Ljava/lang/String;Lcom/base/engine/rendering/windowManagement/GLFWWindow;)V+1
j  com.base.engine.rendering.windowManagement.GLFWWindowManager$$Lambda$23.accept(Ljava/lang/Object;Ljava/lang/Object;)V+8
j  java.util.HashMap.forEach(Ljava/util/function/BiConsumer;)V+65
j  com.base.engine.rendering.windowManagement.GLFWWindowManager.destroyAll()V+8
j  com.base.engine.core.CoreEngine.cleanUp()V+0
j  com.base.engine.core.CoreEngine.run()V+224
j  com.base.engine.core.CoreEngine.start()V+9
j  com.base.engine.core.Main.run([Ljava/lang/String;)V+370
j  tests.game.Start.run([Ljava/lang/String;)V+2
j  tests.game.Start.main([Ljava/lang/String;)V+14
v  ~StubRoutines::call_stub

---------------  P R O C E S S  ---------------

Java Threads: ( => current thread )
  0x0000000019401000 JavaThread "Java2D Disposer" daemon [_thread_blocked, id=208264, stack(0x000000001c770000,0x000000001c870000)]
  0x00000000188fd800 JavaThread "Service Thread" daemon [_thread_blocked, id=209100, stack(0x0000000018cd0000,0x0000000018dd0000)]
  0x0000000016fa6000 JavaThread "C1 CompilerThread2" daemon [_thread_blocked, id=209672, stack(0x00000000187d0000,0x00000000188d0000)]
  0x0000000016f8a800 JavaThread "C2 CompilerThread1" daemon [_thread_in_native, id=209828, stack(0x00000000186d0000,0x00000000187d0000)]
  0x0000000016f84000 JavaThread "C2 CompilerThread0" daemon [_thread_blocked, id=196728, stack(0x00000000185d0000,0x00000000186d0000)]
  0x0000000016f80000 JavaThread "Attach Listener" daemon [_thread_blocked, id=139996, stack(0x00000000184d0000,0x00000000185d0000)]
  0x0000000016f7f000 JavaThread "Signal Dispatcher" daemon [_thread_blocked, id=209344, stack(0x00000000183d0000,0x00000000184d0000)]
  0x0000000016f6a800 JavaThread "Finalizer" daemon [_thread_blocked, id=140568, stack(0x00000000181f0000,0x00000000182f0000)]
  0x0000000016f49000 JavaThread "Reference Handler" daemon [_thread_blocked, id=208980, stack(0x00000000180f0000,0x00000000181f0000)]
=>0x0000000002a24000 JavaThread "main" [_thread_in_native, id=209424, stack(0x00000000028d0000,0x00000000029d0000)]

Other Threads:
  0x0000000016f47000 VMThread [stack: 0x0000000017ff0000,0x00000000180f0000] [id=140672]
  0x000000001891b800 WatcherThread [stack: 0x0000000018dd0000,0x0000000018ed0000] [id=208572]

VM state:not at safepoint (normal execution)

VM Mutex/Monitor currently owned by a thread: None

Heap:
 PSYoungGen      total 129536K, used 82545K [0x00000000d9d00000, 0x00000000e9c00000, 0x0000000100000000)
  eden space 120832K, 67% used [0x00000000d9d00000,0x00000000ded34620,0x00000000e1300000)
  from space 8704K, 4% used [0x00000000e1300000,0x00000000e1368000,0x00000000e1b80000)
  to   space 9728K, 0% used [0x00000000e9280000,0x00000000e9280000,0x00000000e9c00000)
 ParOldGen       total 79360K, used 16365K [0x000000008d600000, 0x0000000092380000, 0x00000000d9d00000)
  object space 79360K, 20% used [0x000000008d600000,0x000000008e5fb7b8,0x0000000092380000)
 Metaspace       used 11747K, capacity 11951K, committed 12160K, reserved 1060864K
  class space    used 1040K, capacity 1138K, committed 1152K, reserved 1048576K

Card table byte_map: [0x0000000011ee0000,0x0000000012280000] byte_map_base: 0x0000000011a75000

Marking Bits: (ParMarkBitMap*) 0x000000005ef3a6c0
 Begin Bits: [0x00000000128f0000, 0x0000000014598000)
 End Bits:   [0x0000000014598000, 0x0000000016240000)

Polling page: 0x00000000010b0000

CodeCache: size=245760Kb used=5773Kb max_used=5784Kb free=239986Kb
 bounds [0x0000000002b20000, 0x00000000030d0000, 0x0000000011b20000]
 total_blobs=2413 nmethods=1484 adapters=843
 compilation: enabled

Compilation events (10 events):
Event: 7.760 Thread 0x0000000016f84000 1481       4       java.lang.String::toCharArray (25 bytes)
Event: 7.762 Thread 0x0000000016f84000 nmethod 1481 0x00000000030bc410 code [0x00000000030bc560, 0x00000000030bc678]
Event: 7.762 Thread 0x0000000016f84000 1482       4       java.lang.String::<init> (100 bytes)
Event: 7.766 Thread 0x0000000016f84000 nmethod 1482 0x000000000308c010 code [0x000000000308c160, 0x000000000308c418]
Event: 7.766 Thread 0x0000000016f84000 1483       4       org.lwjgl.system.MemoryStack::nmalloc (61 bytes)
Event: 7.767 Thread 0x0000000016fa6000 1485       3       java.io.BufferedOutputStream::flushBuffer (29 bytes)
Event: 7.767 Thread 0x0000000016f84000 nmethod 1483 0x000000000308bd90 code [0x000000000308bec0, 0x000000000308bf58]
Event: 7.767 Thread 0x0000000016f84000 1484   !   4       org.lwjgl.system.MemoryUtil::wrap (78 bytes)
Event: 7.767 Thread 0x0000000016fa6000 nmethod 1485 0x0000000003091e50 code [0x0000000003091fc0, 0x0000000003092248]
Event: 7.768 Thread 0x0000000016f84000 nmethod 1484 0x00000000030c5610 code [0x00000000030c5760, 0x00000000030c58d8]

GC Heap History (10 events):
Event: 2.071 GC heap before
{Heap before GC invocations=3 (full 0):
 PSYoungGen      total 34816K, used 33803K [0x00000000d9d00000, 0x00000000de100000, 0x0000000100000000)
  eden space 30208K, 100% used [0x00000000d9d00000,0x00000000dba80000,0x00000000dba80000)
  from space 4608K, 78% used [0x00000000dbf00000,0x00000000dc282c30,0x00000000dc380000)
  to   space 4608K, 0% used [0x00000000dba80000,0x00000000dba80000,0x00000000dbf00000)
 ParOldGen       total 79360K, used 624K [0x000000008d600000, 0x0000000092380000, 0x00000000d9d00000)
  object space 79360K, 0% used [0x000000008d600000,0x000000008d69c020,0x0000000092380000)
 Metaspace       used 11159K, capacity 11369K, committed 11648K, reserved 1060864K
  class space    used 1010K, capacity 1097K, committed 1152K, reserved 1048576K
Event: 2.078 GC heap after
Heap after GC invocations=3 (full 0):
 PSYoungGen      total 34816K, used 4584K [0x00000000d9d00000, 0x00000000de100000, 0x0000000100000000)
  eden space 30208K, 0% used [0x00000000d9d00000,0x00000000d9d00000,0x00000000dba80000)
  from space 4608K, 99% used [0x00000000dba80000,0x00000000dbefa3a8,0x00000000dbf00000)
  to   space 4608K, 0% used [0x00000000ddc80000,0x00000000ddc80000,0x00000000de100000)
 ParOldGen       total 79360K, used 760K [0x000000008d600000, 0x0000000092380000, 0x00000000d9d00000)
  object space 79360K, 0% used [0x000000008d600000,0x000000008d6be020,0x0000000092380000)
 Metaspace       used 11159K, capacity 11369K, committed 11648K, reserved 1060864K
  class space    used 1010K, capacity 1097K, committed 1152K, reserved 1048576K
}
Event: 2.126 GC heap before
{Heap before GC invocations=4 (full 0):
 PSYoungGen      total 34816K, used 34792K [0x00000000d9d00000, 0x00000000de100000, 0x0000000100000000)
  eden space 30208K, 100% used [0x00000000d9d00000,0x00000000dba80000,0x00000000dba80000)
  from space 4608K, 99% used [0x00000000dba80000,0x00000000dbefa3a8,0x00000000dbf00000)
  to   space 4608K, 0% used [0x00000000ddc80000,0x00000000ddc80000,0x00000000de100000)
 ParOldGen       total 79360K, used 760K [0x000000008d600000, 0x0000000092380000, 0x00000000d9d00000)
  object space 79360K, 0% used [0x000000008d600000,0x000000008d6be020,0x0000000092380000)
 Metaspace       used 11163K, capacity 11369K, committed 11648K, reserved 1060864K
  class space    used 1010K, capacity 1097K, committed 1152K, reserved 1048576K
Event: 2.144 GC heap after
Heap after GC invocations=4 (full 0):
 PSYoungGen      total 65024K, used 4601K [0x00000000d9d00000, 0x00000000de100000, 0x0000000100000000)
  eden space 60416K, 0% used [0x00000000d9d00000,0x00000000d9d00000,0x00000000dd800000)
  from space 4608K, 99% used [0x00000000ddc80000,0x00000000de0fe468,0x00000000de100000)
  to   space 4608K, 0% used [0x00000000dd800000,0x00000000dd800000,0x00000000ddc80000)
 ParOldGen       total 79360K, used 2184K [0x000000008d600000, 0x0000000092380000, 0x00000000d9d00000)
  object space 79360K, 2% used [0x000000008d600000,0x000000008d822020,0x0000000092380000)
 Metaspace       used 11163K, capacity 11369K, committed 11648K, reserved 1060864K
  class space    used 1010K, capacity 1097K, committed 1152K, reserved 1048576K
}
Event: 2.209 GC heap before
{Heap before GC invocations=5 (full 0):
 PSYoungGen      total 65024K, used 65017K [0x00000000d9d00000, 0x00000000de100000, 0x0000000100000000)
  eden space 60416K, 100% used [0x00000000d9d00000,0x00000000dd800000,0x00000000dd800000)
  from space 4608K, 99% used [0x00000000ddc80000,0x00000000de0fe468,0x00000000de100000)
  to   space 4608K, 0% used [0x00000000dd800000,0x00000000dd800000,0x00000000ddc80000)
 ParOldGen       total 79360K, used 2184K [0x000000008d600000, 0x0000000092380000, 0x00000000d9d00000)
  object space 79360K, 2% used [0x000000008d600000,0x000000008d822020,0x0000000092380000)
 Metaspace       used 11163K, capacity 11369K, committed 11648K, reserved 1060864K
  class space    used 1010K, capacity 1097K, committed 1152K, reserved 1048576K
Event: 2.228 GC heap after
Heap after GC invocations=5 (full 0):
 PSYoungGen      total 65024K, used 4606K [0x00000000d9d00000, 0x00000000e2400000, 0x0000000100000000)
  eden space 60416K, 0% used [0x00000000d9d00000,0x00000000d9d00000,0x00000000dd800000)
  from space 4608K, 99% used [0x00000000dd800000,0x00000000ddc7fb58,0x00000000ddc80000)
  to   space 8704K, 0% used [0x00000000e1b80000,0x00000000e1b80000,0x00000000e2400000)
 ParOldGen       total 79360K, used 5722K [0x000000008d600000, 0x0000000092380000, 0x00000000d9d00000)
  object space 79360K, 7% used [0x000000008d600000,0x000000008db96950,0x0000000092380000)
 Metaspace       used 11163K, capacity 11369K, committed 11648K, reserved 1060864K
  class space    used 1010K, capacity 1097K, committed 1152K, reserved 1048576K
}
Event: 2.740 GC heap before
{Heap before GC invocations=6 (full 0):
 PSYoungGen      total 65024K, used 65022K [0x00000000d9d00000, 0x00000000e2400000, 0x0000000100000000)
  eden space 60416K, 100% used [0x00000000d9d00000,0x00000000dd800000,0x00000000dd800000)
  from space 4608K, 99% used [0x00000000dd800000,0x00000000ddc7fb58,0x00000000ddc80000)
  to   space 8704K, 0% used [0x00000000e1b80000,0x00000000e1b80000,0x00000000e2400000)
 ParOldGen       total 79360K, used 5722K [0x000000008d600000, 0x0000000092380000, 0x00000000d9d00000)
  object space 79360K, 7% used [0x000000008d600000,0x000000008db96950,0x0000000092380000)
 Metaspace       used 11541K, capacity 11723K, committed 11904K, reserved 1060864K
  class space    used 1030K, capacity 1130K, committed 1152K, reserved 1048576K
Event: 2.750 GC heap after
Heap after GC invocations=6 (full 0):
 PSYoungGen      total 129536K, used 6756K [0x00000000d9d00000, 0x00000000e2400000, 0x0000000100000000)
  eden space 120832K, 0% used [0x00000000d9d00000,0x00000000d9d00000,0x00000000e1300000)
  from space 8704K, 77% used [0x00000000e1b80000,0x00000000e2219398,0x00000000e2400000)
  to   space 8704K, 0% used [0x00000000e1300000,0x00000000e1300000,0x00000000e1b80000)
 ParOldGen       total 79360K, used 13922K [0x000000008d600000, 0x0000000092380000, 0x00000000d9d00000)
  object space 79360K, 17% used [0x000000008d600000,0x000000008e398970,0x0000000092380000)
 Metaspace       used 11541K, capacity 11723K, committed 11904K, reserved 1060864K
  class space    used 1030K, capacity 1130K, committed 1152K, reserved 1048576K
}
Event: 4.029 GC heap before
{Heap before GC invocations=7 (full 0):
 PSYoungGen      total 129536K, used 127588K [0x00000000d9d00000, 0x00000000e2400000, 0x0000000100000000)
  eden space 120832K, 100% used [0x00000000d9d00000,0x00000000e1300000,0x00000000e1300000)
  from space 8704K, 77% used [0x00000000e1b80000,0x00000000e2219398,0x00000000e2400000)
  to   space 8704K, 0% used [0x00000000e1300000,0x00000000e1300000,0x00000000e1b80000)
 ParOldGen       total 79360K, used 13922K [0x000000008d600000, 0x0000000092380000, 0x00000000d9d00000)
  object space 79360K, 17% used [0x000000008d600000,0x000000008e398970,0x0000000092380000)
 Metaspace       used 11710K, capacity 11943K, committed 12160K, reserved 1060864K
  class space    used 1037K, capacity 1136K, committed 1152K, reserved 1048576K
Event: 4.037 GC heap after
Heap after GC invocations=7 (full 0):
 PSYoungGen      total 129536K, used 416K [0x00000000d9d00000, 0x00000000e9c00000, 0x0000000100000000)
  eden space 120832K, 0% used [0x00000000d9d00000,0x00000000d9d00000,0x00000000e1300000)
  from space 8704K, 4% used [0x00000000e1300000,0x00000000e1368000,0x00000000e1b80000)
  to   space 9728K, 0% used [0x00000000e9280000,0x00000000e9280000,0x00000000e9c00000)
 ParOldGen       total 79360K, used 16365K [0x000000008d600000, 0x0000000092380000, 0x00000000d9d00000)
  object space 79360K, 20% used [0x000000008d600000,0x000000008e5fb7b8,0x0000000092380000)
 Metaspace       used 11710K, capacity 11943K, committed 12160K, reserved 1060864K
  class space    used 1037K, capacity 1136K, committed 1152K, reserved 1048576K
}

Deoptimization events (10 events):
Event: 3.017 Thread 0x0000000002a24000 Uncommon trap: reason=class_check action=maybe_recompile pc=0x0000000002eff4d0 method=java.util.HashMap.putVal(ILjava/lang/Object;Ljava/lang/Object;ZZ)Ljava/lang/Object; @ 91
Event: 3.024 Thread 0x0000000002a24000 Uncommon trap: reason=class_check action=maybe_recompile pc=0x0000000002f05228 method=java.util.HashMap.putVal(ILjava/lang/Object;Ljava/lang/Object;ZZ)Ljava/lang/Object; @ 91
Event: 3.035 Thread 0x0000000002a24000 Uncommon trap: reason=unstable_if action=reinterpret pc=0x0000000002f05cbc method=java.util.HashMap.getNode(ILjava/lang/Object;)Ljava/util/HashMap$Node; @ 129
Event: 3.040 Thread 0x0000000002a24000 Uncommon trap: reason=unstable_if action=reinterpret pc=0x0000000002f07898 method=java.util.HashMap.getNode(ILjava/lang/Object;)Ljava/util/HashMap$Node; @ 129
Event: 4.617 Thread 0x0000000002a24000 Uncommon trap: reason=unstable_if action=reinterpret pc=0x000000000306df3c method=com.base.engine.math.Transform.update()V @ 4
Event: 4.617 Thread 0x0000000002a24000 Uncommon trap: reason=unstable_if action=reinterpret pc=0x0000000003065138 method=com.base.engine.math.Transform.update()V @ 4
Event: 7.670 Thread 0x0000000002a24000 Uncommon trap: reason=unstable_if action=reinterpret pc=0x00000000030a2f00 method=java.util.HashMap.forEach(Ljava/util/function/BiConsumer;)V @ 16
Event: 7.670 Thread 0x0000000002a24000 Uncommon trap: reason=unstable_if action=reinterpret pc=0x0000000003091424 method=org.lwjgl.system.ThreadLocalUtil.setEnv(JI)V @ 32
Event: 7.671 Thread 0x0000000002a24000 Uncommon trap: reason=unstable_if action=reinterpret pc=0x0000000003090a28 method=org.lwjgl.system.ThreadLocalUtil.setEnv(JI)V @ 32
Event: 7.671 Thread 0x0000000002a24000 Uncommon trap: reason=unstable_if action=reinterpret pc=0x00000000030bd088 method=java.util.HashMap$HashIterator.<init>(Ljava/util/HashMap;)V @ 45

Internal exceptions (10 events):
Event: 0.572 Thread 0x0000000002a24000 Exception <a 'sun/nio/fs/WindowsException'> (0x00000000da371088) thrown at [C:\re\workspace\8-2-build-windows-amd64-cygwin\jdk8u111\7883\hotspot\src\share\vm\prims\jni.cpp, line 709]
Event: 0.676 Thread 0x0000000002a24000 Exception <a 'sun/nio/fs/WindowsException'> (0x00000000da4ff8b0) thrown at [C:\re\workspace\8-2-build-windows-amd64-cygwin\jdk8u111\7883\hotspot\src\share\vm\prims\jni.cpp, line 709]
Event: 0.676 Thread 0x0000000002a24000 Exception <a 'sun/nio/fs/WindowsException'> (0x00000000da500008) thrown at [C:\re\workspace\8-2-build-windows-amd64-cygwin\jdk8u111\7883\hotspot\src\share\vm\prims\jni.cpp, line 709]
Event: 0.755 Thread 0x0000000002a24000 Exception <a 'sun/nio/fs/WindowsException'> (0x00000000da5a1330) thrown at [C:\re\workspace\8-2-build-windows-amd64-cygwin\jdk8u111\7883\hotspot\src\share\vm\prims\jni.cpp, line 709]
Event: 0.755 Thread 0x0000000002a24000 Exception <a 'sun/nio/fs/WindowsException'> (0x00000000da5a1a38) thrown at [C:\re\workspace\8-2-build-windows-amd64-cygwin\jdk8u111\7883\hotspot\src\share\vm\prims\jni.cpp, line 709]
Event: 1.229 Thread 0x0000000002a24000 Exception <a 'sun/nio/fs/WindowsException'> (0x00000000da6987a0) thrown at [C:\re\workspace\8-2-build-windows-amd64-cygwin\jdk8u111\7883\hotspot\src\share\vm\prims\jni.cpp, line 709]
Event: 1.229 Thread 0x0000000002a24000 Exception <a 'sun/nio/fs/WindowsException'> (0x00000000da698f08) thrown at [C:\re\workspace\8-2-build-windows-amd64-cygwin\jdk8u111\7883\hotspot\src\share\vm\prims\jni.cpp, line 709]
Event: 1.233 Thread 0x0000000002a24000 Exception <a 'sun/nio/fs/WindowsException'> (0x00000000da6a9218) thrown at [C:\re\workspace\8-2-build-windows-amd64-cygwin\jdk8u111\7883\hotspot\src\share\vm\prims\jni.cpp, line 709]
Event: 1.233 Thread 0x0000000002a24000 Exception <a 'sun/nio/fs/WindowsException'> (0x00000000da6a9838) thrown at [C:\re\workspace\8-2-build-windows-amd64-cygwin\jdk8u111\7883\hotspot\src\share\vm\prims\jni.cpp, line 709]
Event: 1.672 Thread 0x0000000002a24000 Exception <a 'java/io/FileNotFoundException'> (0x00000000dafd1fe0) thrown at [C:\re\workspace\8-2-build-windows-amd64-cygwin\jdk8u111\7883\hotspot\src\share\vm\prims\jni.cpp, line 709]

Events (10 events):
Event: 7.671 Thread 0x0000000002a24000 Uncommon trap: trap_request=0xffffff65 fr.pc=0x0000000003090a28
Event: 7.671 Thread 0x0000000002a24000 DEOPT PACKING pc=0x0000000003090a28 sp=0x00000000029cf400
Event: 7.671 Thread 0x0000000002a24000 DEOPT UNPACKING pc=0x0000000002b6582a sp=0x00000000029cf398 mode 2
Event: 7.671 Thread 0x0000000002a24000 Uncommon trap: trap_request=0xffffff65 fr.pc=0x00000000030bd088
Event: 7.671 Thread 0x0000000002a24000 DEOPT PACKING pc=0x00000000030bd088 sp=0x00000000029cf3f0
Event: 7.671 Thread 0x0000000002a24000 DEOPT UNPACKING pc=0x0000000002b6582a sp=0x00000000029cf390 mode 2
Event: 7.672 loading class com/base/engine/rendering/windowManagement/GLFWWindow
Event: 7.672 loading class com/base/engine/rendering/windowManagement/GLFWWindow done
Event: 7.672 loading class com/base/engine/rendering/windowManagement/GLFWWindow
Event: 7.672 loading class com/base/engine/rendering/windowManagement/GLFWWindow done


Dynamic libraries:
0x00007ff6bc660000 - 0x00007ff6bc697000 	C:\Program Files\Java\jre1.8.0_111\bin\javaw.exe
0x00007ffabcd70000 - 0x00007ffabcf1d000 	C:\windows\SYSTEM32\ntdll.dll
0x00007ffabad40000 - 0x00007ffabae7e000 	C:\windows\system32\KERNEL32.DLL
0x00007ffaba1c0000 - 0x00007ffaba2d5000 	C:\windows\system32\KERNELBASE.dll
0x00007ffab86c0000 - 0x00007ffab874e000 	C:\windows\system32\apphelp.dll
0x00007ffaaebf0000 - 0x00007ffaaec43000 	C:\windows\AppPatch\AppPatch64\AcGenral.DLL
0x00007ffabae80000 - 0x00007ffabaf2a000 	C:\windows\system32\msvcrt.dll
0x00007ffab9f60000 - 0x00007ffab9f8e000 	C:\windows\system32\SspiCli.dll
0x00007ffaba7d0000 - 0x00007ffaba824000 	C:\windows\system32\SHLWAPI.dll
0x00007ffabaa20000 - 0x00007ffabab97000 	C:\windows\system32\USER32.dll
0x00007ffabc990000 - 0x00007ffabcb24000 	C:\windows\system32\ole32.dll
0x00007ffabb400000 - 0x00007ffabc928000 	C:\windows\system32\SHELL32.dll
0x00007ffab9330000 - 0x00007ffab9351000 	C:\windows\SYSTEM32\USERENV.dll
0x00007ffaba900000 - 0x00007ffaba9aa000 	C:\windows\system32\ADVAPI32.dll
0x00007ffaaf7c0000 - 0x00007ffaaf7de000 	C:\windows\SYSTEM32\MPR.dll
0x00007ffabb2a0000 - 0x00007ffabb3e0000 	C:\windows\system32\RPCRT4.dll
0x00007ffabcb30000 - 0x00007ffabcb89000 	C:\windows\SYSTEM32\sechost.dll
0x00007ffaba450000 - 0x00007ffaba661000 	C:\windows\SYSTEM32\combase.dll
0x00007ffabaf90000 - 0x00007ffabb0df000 	C:\windows\system32\GDI32.dll
0x00007ffab9e90000 - 0x00007ffab9ea5000 	C:\windows\SYSTEM32\profapi.dll
0x00007ffab8080000 - 0x00007ffab8132000 	C:\windows\SYSTEM32\SHCORE.dll
0x00007ffaba3f0000 - 0x00007ffaba426000 	C:\windows\system32\IMM32.DLL
0x00007ffaba670000 - 0x00007ffaba7c2000 	C:\windows\system32\MSCTF.dll
0x00007ffab72c0000 - 0x00007ffab753b000 	C:\windows\WinSxS\amd64_microsoft.windows.common-controls_6595b64144ccf1df_6.0.9600.18006_none_623f33d3ecbe86e8\COMCTL32.dll
0x000000005f1e0000 - 0x000000005f2b2000 	C:\Program Files\Java\jre1.8.0_111\bin\msvcr100.dll
0x000000005e720000 - 0x000000005efba000 	C:\Program Files\Java\jre1.8.0_111\bin\server\jvm.dll
0x00007ffaafbe0000 - 0x00007ffaafbe9000 	C:\windows\SYSTEM32\WSOCK32.dll
0x00007ffab6e50000 - 0x00007ffab6e72000 	C:\windows\SYSTEM32\WINMM.dll
0x00007ffab7220000 - 0x00007ffab722a000 	C:\windows\SYSTEM32\VERSION.dll
0x00007ffababb0000 - 0x00007ffababb7000 	C:\windows\system32\PSAPI.DLL
0x00007ffabc930000 - 0x00007ffabc98a000 	C:\windows\system32\WS2_32.dll
0x00007ffab6de0000 - 0x00007ffab6e0a000 	C:\windows\SYSTEM32\WINMMBASE.dll
0x00007ffabb3e0000 - 0x00007ffabb3e9000 	C:\windows\system32\NSI.dll
0x00007ffab9f90000 - 0x00007ffab9fdf000 	C:\windows\SYSTEM32\cfgmgr32.dll
0x00007ffab8ae0000 - 0x00007ffab8b08000 	C:\windows\SYSTEM32\DEVOBJ.dll
0x000000005e630000 - 0x000000005e63f000 	C:\Program Files\Java\jre1.8.0_111\bin\verify.dll
0x000000005e600000 - 0x000000005e629000 	C:\Program Files\Java\jre1.8.0_111\bin\java.dll
0x000000005e5e0000 - 0x000000005e5f6000 	C:\Program Files\Java\jre1.8.0_111\bin\zip.dll
0x000000005e5c0000 - 0x000000005e5da000 	C:\Program Files\Java\jre1.8.0_111\bin\net.dll
0x00007ffab9690000 - 0x00007ffab96e9000 	C:\windows\system32\mswsock.dll
0x000000005e5a0000 - 0x000000005e5b1000 	C:\Program Files\Java\jre1.8.0_111\bin\nio.dll
0x00007ffaaea50000 - 0x00007ffaaeab4000 	C:\Users\abinash\AppData\Local\Temp\lwjglabinash\3.2.3-build-13\lwjgl.dll
0x00007ffaa6cc0000 - 0x00007ffaa6f13000 	C:\Users\abinash\AppData\Local\Temp\lwjglabinash\3.2.3-build-13\jemalloc.dll
0x00007ffaae9e0000 - 0x00007ffaaea42000 	C:\Users\abinash\AppData\Local\Temp\lwjglabinash\3.2.3-build-13\glfw.dll
0x00007ffab8910000 - 0x00007ffab8a39000 	C:\windows\system32\uxtheme.dll
0x00007ffab0610000 - 0x00007ffab0652000 	C:\windows\SYSTEM32\dinput8.dll
0x00007ffab5cc0000 - 0x00007ffab5ccd000 	C:\windows\SYSTEM32\xinput1_4.dll
0x00007ffab7b90000 - 0x00007ffab7bb1000 	C:\windows\SYSTEM32\dwmapi.dll
0x00007ffab8e90000 - 0x00007ffab8e9d000 	C:\windows\SYSTEM32\HID.DLL
0x00007ffabcb90000 - 0x00007ffabcd6a000 	C:\windows\system32\SETUPAPI.DLL
0x00007ffaba2e0000 - 0x00007ffaba331000 	C:\windows\system32\WINTRUST.dll
0x00007ffab9fe0000 - 0x00007ffaba1bf000 	C:\windows\system32\CRYPT32.dll
0x00007ffab9f40000 - 0x00007ffab9f51000 	C:\windows\system32\MSASN1.dll
0x00007ffaad8b0000 - 0x00007ffaad9db000 	C:\windows\SYSTEM32\opengl32.dll
0x00007ffab26b0000 - 0x00007ffab26de000 	C:\windows\SYSTEM32\GLU32.dll
0x00007ffaaa7b0000 - 0x00007ffaaa8a8000 	C:\windows\SYSTEM32\DDRAW.dll
0x00007ffab35c0000 - 0x00007ffab35c9000 	C:\windows\SYSTEM32\DCIMAN32.dll
0x00007ffaaeed0000 - 0x00007ffaaeee8000 	C:\windows\SYSTEM32\atig6pxx.dll
0x000000005c4c0000 - 0x000000005e2bd000 	C:\windows\SYSTEM32\atio6axx.dll
0x00007ffaa7590000 - 0x00007ffaa76d1000 	C:\windows\SYSTEM32\atiadlxx.dll
0x00007ffab5480000 - 0x00007ffab55ff000 	C:\windows\SYSTEM32\PROPSYS.dll
0x00007ffab6b00000 - 0x00007ffab6b12000 	C:\windows\SYSTEM32\WTSAPI32.dll
0x00007ffab4f30000 - 0x00007ffab4f5a000 	C:\windows\SYSTEM32\IPHLPAPI.DLL
0x00007ffaba830000 - 0x00007ffaba8f6000 	C:\windows\system32\OLEAUT32.dll
0x00007ffab4f20000 - 0x00007ffab4f2a000 	C:\windows\SYSTEM32\WINNSI.DLL
0x00007ffaae990000 - 0x00007ffaae9bc000 	C:\windows\SYSTEM32\atig6txx.dll
0x00007ffab8b10000 - 0x00007ffab8b1b000 	C:\windows\SYSTEM32\kernel.appcore.dll
0x00007ffab9d00000 - 0x00007ffab9d0b000 	C:\windows\SYSTEM32\CRYPTBASE.dll
0x00007ffab9c90000 - 0x00007ffab9cf3000 	C:\windows\SYSTEM32\bcryptPrimitives.dll
0x00007ffaae680000 - 0x00007ffaae6d9000 	C:\Users\abinash\AppData\Local\Temp\lwjglabinash\3.2.3-build-13\lwjgl_opengl.dll
0x00007ffab98b0000 - 0x00007ffab98d0000 	C:\windows\SYSTEM32\CRYPTSP.dll
0x00007ffab93a0000 - 0x00007ffab93d6000 	C:\windows\system32\rsaenh.dll
0x00007ffab9a50000 - 0x00007ffab9a76000 	C:\windows\SYSTEM32\bcrypt.dll
0x00007ffab4c20000 - 0x00007ffab4c36000 	C:\windows\SYSTEM32\dhcpcsvc6.DLL
0x00007ffab4c00000 - 0x00007ffab4c1a000 	C:\windows\SYSTEM32\dhcpcsvc.DLL
0x000000005e3e0000 - 0x000000005e578000 	C:\Program Files\Java\jre1.8.0_111\bin\awt.dll
0x000000005f1a0000 - 0x000000005f1d1000 	C:\Program Files\Java\jre1.8.0_111\bin\jpeg.dll
0x00007ffababc0000 - 0x00007ffabac76000 	C:\windows\SYSTEM32\clbcatq.dll
0x00007ffaaa8b0000 - 0x00007ffaaaa39000 	C:\windows\SYSTEM32\dbghelp.dll

VM Arguments:
jvm_args: -Dfile.encoding=UTF-8 
java_command: tests.game.Start
java_class_path (initial): C:\Users\abinash\Desktop\Programing\Java Game Engine\AbisEngine2\target\classes;C:\Users\abinash\Desktop\Programing\Java Game Engine\AbisEngine2\lib\jar\commons-cli-1.4.jar;C:\Users\abinash\.m2\repository\org\lwjgl\lwjgl\3.2.3\lwjgl-3.2.3.jar;C:\Users\abinash\.m2\repository\org\lwjgl\lwjgl-assimp\3.2.3\lwjgl-assimp-3.2.3.jar;C:\Users\abinash\.m2\repository\org\lwjgl\lwjgl-bgfx\3.2.3\lwjgl-bgfx-3.2.3.jar;C:\Users\abinash\.m2\repository\org\lwjgl\lwjgl-cuda\3.2.3\lwjgl-cuda-3.2.3.jar;C:\Users\abinash\.m2\repository\org\lwjgl\lwjgl-egl\3.2.3\lwjgl-egl-3.2.3.jar;C:\Users\abinash\.m2\repository\org\lwjgl\lwjgl-glfw\3.2.3\lwjgl-glfw-3.2.3.jar;C:\Users\abinash\.m2\repository\org\lwjgl\lwjgl-jawt\3.2.3\lwjgl-jawt-3.2.3.jar;C:\Users\abinash\.m2\repository\org\lwjgl\lwjgl-jemalloc\3.2.3\lwjgl-jemalloc-3.2.3.jar;C:\Users\abinash\.m2\repository\org\lwjgl\lwjgl-libdivide\3.2.3\lwjgl-libdivide-3.2.3.jar;C:\Users\abinash\.m2\repository\org\lwjgl\lwjgl-llvm\3.2.3\lwjgl-llvm-3.2.3.jar;C:\Users\abinash\.m2\repository\org\lwjgl\lwjgl-lmdb\3.2.3\lwjgl-lmdb-3.2.3.jar;C:\Users\abinash\.m2\repository\org\lwjgl\lwjgl-lz4\3.2.3\lwjgl-lz4-3.2.3.jar;C:\Users\abinash\.m2\repository\org\lwjgl\lwjgl-meow\3.2.3\lwjgl-meow-3.2.3.jar;C:\Users\abinash\.m2\repository\org\lwjgl\lwjgl-nanovg\3.2.3\lwjgl-nanovg-3.2.3.jar;C:\Users\abinash\.m2\repository\org\lwjgl\lwjgl-nfd\3.2.3\lwjgl-nfd-3.2.3.jar;C:\Users\abinash\.m2\repository\org\lwjgl\lwjgl-nuklear\3.2.3\lwjgl-nuklear-3.2.3.jar;C:\Users\abinash\.m2\repository\org\lwjgl\lwjgl-odbc\3.2.3\lwjgl-odbc-3.2.3.jar;C:\Users\abinash\.m2\repository\org\lwjgl\lwjgl-openal\3.2.3\lwjgl-openal-3.2.3.jar;C:\Users\abinash\.m2\repository\org\lwjgl\lwjgl-opencl\3.2.3\lwjgl-opencl-3.2.3.jar;C:\Users\abinash\.m2\repository\org\lwjgl\lwjgl-opengl\3.2.3\lwjgl-opengl-3.2.3.jar;C:\Users\abinash\.m2\repository\org\lwjgl\lwjgl-opengles\3.2.3\lwjgl-opengles-3.2.3.jar;C:\Users\abinash\.m2\repository\org\lwjgl\lwjgl-openvr\3.2.3\lwjgl-openvr-3.2.3.ja
Launcher Type: SUN_STANDARD

Environment Variables:
PATH=C:/Program Files/Java/jre1.8.0_111/bin/server;C:/Program Files/Java/jre1.8.0_111/bin;C:/Program Files/Java/jre1.8.0_111/lib/amd64;C:\Program Files (x86)\Common Files\Oracle\Java\javapath;C:\ProgramData\Oracle\Java\javapath;C:\windows\system32;C:\windows;C:\windows\System32\Wbem;C:\windows\System32\WindowsPowerShell\v1.0\;C:\Program Files (x86)\ATI Technologies\ATI.ACE\Core-Static;C:\Program Files (x86)\Windows Live\Shared;C:\Program Files (x86)\AMD\ATI.ACE\Core-Static;C:\Program Files (x86)\QuickTime\QTSystem\;C:\Program Files\nodejs\;C:\Program Files\Microsoft VS Code\bin;C:\Program Files\PuTTY\;C:\Program Files\Git\cmd;C:\Program Files\Git\mingw64\bin;C:\Program Files\Git\usr\bin;C:\Go\bin;C:\Program Files\dotnet\;C:\Program Files (x86)\Bitvise SSH Client;C:\Program Files\Git LFS;C:\Users\abinash\AppData\Local\Programs\Python\Python35\Scripts\;C:\Users\abinash\AppData\Local\Programs\Python\Python35\;C:\Users\abinash\AppData\Local\Programs\Python\Python35-32\Scripts\;C:\Users\abinash\AppData\Local\Programs\Python\Python35-32\;C:\Users\abinash\Documents\gocode\bin;C:\Users\abinash\AppData\Local\GitHubDesktop\bin;C:\Users\abinash\AppData\Local\atom\bin;C:\Program Files (x86)\Nmap;C:\Program Files\Microsoft VS Code\bin;C:\Users\abinash\AppData\Roaming\npm;C:\Users\abinash\go\bin;C:\Users\abinash\eclipse\java-2018-09\eclipse;
USERNAME=abinash
OS=Windows_NT
PROCESSOR_IDENTIFIER=AMD64 Family 21 Model 19 Stepping 1, AuthenticAMD



---------------  S Y S T E M  ---------------

OS: Windows 8.1 , 64 bit Build 9600 (6.3.9600.17415)

CPU:total 4 (4 cores per cpu, 1 threads per core) family 21 model 19 stepping 1, cmov, cx8, fxsr, mmx, sse, sse2, sse3, ssse3, sse4.1, sse4.2, popcnt, avx, aes, clmul, mmxext, 3dnowpref, lzcnt, sse4a, tsc, tscinvbit, tscinv, bmi1

Memory: 4k page, physical 7509188k(3217440k free), swap 15373508k(9711884k free)

vm_info: Java HotSpot(TM) 64-Bit Server VM (25.111-b14) for windows-amd64 JRE (1.8.0_111-b14), built on Sep 22 2016 19:24:05 by "java_re" with MS VC++ 10.0 (VS2010)

time: Thu Oct 31 19:24:42 2019
elapsed time: 7 seconds (0d 0h 0m 7s)

