#
# A fatal error has been detected by the Java Runtime Environment:
#
#  EXCEPTION_ACCESS_VIOLATION (0xc0000005) at pc=0x00007ffaae9e6490, pid=140084, tid=0x0000000000032f3c
#
# JRE version: Java(TM) SE Runtime Environment (8.0_111-b14) (build 1.8.0_111-b14)
# Java VM: Java HotSpot(TM) 64-Bit Server VM (25.111-b14 mixed mode windows-amd64 compressed oops)
# Problematic frame:
# C  [glfw.dll+0x6490]
#
# Failed to write core dump. Minidumps are not enabled by default on client versions of Windows
#
# If you would like to submit a bug report, please visit:
#   http://bugreport.java.com/bugreport/crash.jsp
# The crash happened outside the Java Virtual Machine in native code.
# See problematic frame for where to report the bug.
#

---------------  T H R E A D  ---------------

Current thread (0x0000000002924000):  JavaThread "main" [_thread_in_native, id=208700, stack(0x0000000002820000,0x0000000002920000)]

siginfo: ExceptionCode=0xc0000005, reading address 0x0000000000000000

Registers:
RAX=0x0000000000000000, RBX=0x0000000000e03400, RCX=0x0000000000000000, RDX=0x00007ffaaea37ee0
RSP=0x000000000291f190, RBP=0x000000000291f220, RSI=0x0000000000000108, RDI=0x0000000002a27e70
R8 =0x0000000000e03400, R9 =0x00007ffaae9e63e0, R10=0x00007ffaaea51b10, R11=0x0000000002f42c98
R12=0x0000000000000000, R13=0x000000000291f240, R14=0x000000000291f210, R15=0x0000000002924000
RIP=0x00007ffaae9e6490, EFLAGS=0x0000000000010287

Top of Stack: (sp=0x000000000291f190)
0x000000000291f190:   0000000000e03400 000000005e85bd20
0x000000000291f1a0:   0000000100000d48 000000000291f1a8
0x000000000291f1b0:   0000000016a6c788 0000000002f42d4a
0x000000000291f1c0:   0000000016a96000 0000000000000000
0x000000000291f1d0:   0000000016a574d8 0000000000000000
0x000000000291f1e0:   000000000291f208 000000000291f278
0x000000000291f1f0:   0000000002a27e70 000000008d600a08
0x000000000291f200:   0000000002a319d7 00007ffaae9e3ea0
0x000000000291f210:   000000008d600a08 0000000000000000
0x000000000291f220:   000000000291f2a0 0000000002a2835d
0x000000000291f230:   0000000000000011 0000000002a2835d
0x000000000291f240:   00007ffaae9e63e0 000000000291f2c8
0x000000000291f250:   0000000000e03400 0000000000000000
0x000000000291f260:   000000000291f260 0000000016aa162e
0x000000000291f270:   000000000291f2c8 0000000016aacfd8
0x000000000291f280:   000000001ce11650 0000000016aa1660 

Instructions: (pc=0x00007ffaae9e6490)
0x00007ffaae9e6470:   48 8b 0d 69 1a 05 00 48 8d 15 62 1a 05 00 48 3b
0x00007ffaae9e6480:   cb 74 1b 0f 1f 40 00 66 0f 1f 84 00 00 00 00 00
0x00007ffaae9e6490:   48 8b 01 48 8b d1 48 8b c8 48 3b c3 75 f2 48 8b
0x00007ffaae9e64a0:   03 48 8b cb 48 89 02 48 83 c4 20 5b e9 97 27 01 


Register to memory mapping:

RAX=0x0000000000000000 is an unknown value
RBX=0x0000000000e03400 is an unknown value
RCX=0x0000000000000000 is an unknown value
RDX=0x00007ffaaea37ee0 is an unknown value
RSP=0x000000000291f190 is pointing into the stack for thread: 0x0000000002924000
RBP=0x000000000291f220 is pointing into the stack for thread: 0x0000000002924000
RSI=0x0000000000000108 is an unknown value
RDI=0x0000000002a27e70 is at code_begin+1040 in an Interpreter codelet
invoke return entry points  [0x0000000002a27a60, 0x0000000002a28440]  2528 bytes
R8 =0x0000000000e03400 is an unknown value
R9 =0x00007ffaae9e63e0 is an unknown value
R10=0x00007ffaaea51b10 is an unknown value
R11=0x0000000002f42c98 is at entry_point+24 in (nmethod*)0x0000000002f42b10
R12=0x0000000000000000 is an unknown value
R13=0x000000000291f240 is pointing into the stack for thread: 0x0000000002924000
R14=0x000000000291f210 is pointing into the stack for thread: 0x0000000002924000
R15=0x0000000002924000 is a thread


Stack: [0x0000000002820000,0x0000000002920000],  sp=0x000000000291f190,  free space=1020k
Native frames: (J=compiled Java code, j=interpreted, Vv=VM code, C=native code)
C  [glfw.dll+0x6490]
C  0x0000000002f42d4a

Java frames: (J=compiled Java code, j=interpreted, Vv=VM code)
J 1326  org.lwjgl.system.JNI.invokePV(JJ)V (0 bytes) @ 0x0000000002f42cc4 [0x0000000002f42c80+0x44]
j  org.lwjgl.glfw.GLFW.glfwDestroyWindow(J)V+6
j  com.base.engine.rendering.windowManagement.GLFWWindow.dispose()V+15
j  com.base.engine.rendering.windowManagement.GLFWWindowManager.lambda$0(Ljava/lang/String;Lcom/base/engine/rendering/windowManagement/GLFWWindow;)V+1
j  com.base.engine.rendering.windowManagement.GLFWWindowManager$$Lambda$23.accept(Ljava/lang/Object;Ljava/lang/Object;)V+8
J 1476 C1 java.util.HashMap.forEach(Ljava/util/function/BiConsumer;)V (103 bytes) @ 0x0000000002f984cc [0x0000000002f982c0+0x20c]
j  com.base.engine.rendering.windowManagement.GLFWWindowManager.destroyAll()V+8
j  com.base.engine.core.CoreEngine.cleanUp()V+0
j  com.base.engine.core.CoreEngine.run()V+224
j  com.base.engine.core.CoreEngine.start()V+9
j  com.base.engine.core.Main.run([Ljava/lang/String;)V+370
j  tests.game.Start.run([Ljava/lang/String;)V+2
j  tests.game.Start.main([Ljava/lang/String;)V+14
v  ~StubRoutines::call_stub

---------------  P R O C E S S  ---------------

Java Threads: ( => current thread )
  0x0000000019235800 JavaThread "Java2D Disposer" daemon [_thread_blocked, id=108008, stack(0x000000001c510000,0x000000001c610000)]
  0x0000000016edd800 JavaThread "Service Thread" daemon [_thread_blocked, id=209132, stack(0x0000000018ad0000,0x0000000018bd0000)]
  0x0000000016eb8000 JavaThread "C1 CompilerThread2" daemon [_thread_blocked, id=209024, stack(0x00000000185d0000,0x00000000186d0000)]
  0x0000000016e89000 JavaThread "C2 CompilerThread1" daemon [_thread_blocked, id=208660, stack(0x00000000184d0000,0x00000000185d0000)]
  0x0000000016e83800 JavaThread "C2 CompilerThread0" daemon [_thread_in_native, id=206912, stack(0x00000000183d0000,0x00000000184d0000)]
  0x0000000016e7c800 JavaThread "Attach Listener" daemon [_thread_blocked, id=208012, stack(0x00000000182d0000,0x00000000183d0000)]
  0x0000000016e88800 JavaThread "Signal Dispatcher" daemon [_thread_blocked, id=209280, stack(0x00000000181d0000,0x00000000182d0000)]
  0x0000000016e6a800 JavaThread "Finalizer" daemon [_thread_blocked, id=209036, stack(0x00000000180d0000,0x00000000181d0000)]
  0x0000000002a12800 JavaThread "Reference Handler" daemon [_thread_blocked, id=209596, stack(0x0000000017fd0000,0x00000000180d0000)]
=>0x0000000002924000 JavaThread "main" [_thread_in_native, id=208700, stack(0x0000000002820000,0x0000000002920000)]

Other Threads:
  0x0000000016e48000 VMThread [stack: 0x0000000017ed0000,0x0000000017fd0000] [id=208400]
  0x0000000018719800 WatcherThread [stack: 0x0000000018bd0000,0x0000000018cd0000] [id=209304]

VM state:not at safepoint (normal execution)

VM Mutex/Monitor currently owned by a thread: None

Heap:
 PSYoungGen      total 129536K, used 65807K [0x00000000d9d00000, 0x00000000e9c00000, 0x0000000100000000)
  eden space 120832K, 54% used [0x00000000d9d00000,0x00000000ddccbd58,0x00000000e1300000)
  from space 8704K, 5% used [0x00000000e1300000,0x00000000e1378000,0x00000000e1b80000)
  to   space 9728K, 0% used [0x00000000e9280000,0x00000000e9280000,0x00000000e9c00000)
 ParOldGen       total 79360K, used 17033K [0x000000008d600000, 0x0000000092380000, 0x00000000d9d00000)
  object space 79360K, 21% used [0x000000008d600000,0x000000008e6a2728,0x0000000092380000)
 Metaspace       used 11750K, capacity 11951K, committed 12160K, reserved 1060864K
  class space    used 1040K, capacity 1138K, committed 1152K, reserved 1048576K

Card table byte_map: [0x0000000011de0000,0x0000000012180000] byte_map_base: 0x0000000011975000

Marking Bits: (ParMarkBitMap*) 0x000000005ef3a6c0
 Begin Bits: [0x00000000127f0000, 0x0000000014498000)
 End Bits:   [0x0000000014498000, 0x0000000016140000)

Polling page: 0x0000000000d70000

CodeCache: size=245760Kb used=5815Kb max_used=5828Kb free=239944Kb
 bounds [0x0000000002a20000, 0x0000000002fe0000, 0x0000000011a20000]
 total_blobs=2410 nmethods=1481 adapters=843
 compilation: enabled

Compilation events (10 events):
Event: 7.314 Thread 0x0000000016e89000 1478       4       java.lang.StringBuilder::append (8 bytes)
Event: 7.317 Thread 0x0000000016e89000 nmethod 1478 0x0000000002f979d0 code [0x0000000002f97b20, 0x0000000002f97e58]
Event: 7.317 Thread 0x0000000016e89000 1479       4       java.lang.String::<init> (100 bytes)
Event: 7.320 Thread 0x0000000016eb8000 1482       3       java.io.BufferedOutputStream::flushBuffer (29 bytes)
Event: 7.321 Thread 0x0000000016eb8000 nmethod 1482 0x0000000002f93e90 code [0x0000000002f94000, 0x0000000002f94288]
Event: 7.322 Thread 0x0000000016e89000 nmethod 1479 0x0000000002f93890 code [0x0000000002f939e0, 0x0000000002f93c98]
Event: 7.322 Thread 0x0000000016e89000 1480   !   4       org.lwjgl.system.MemoryUtil::wrap (78 bytes)
Event: 7.324 Thread 0x0000000016e89000 nmethod 1480 0x0000000002f93450 code [0x0000000002f935a0, 0x0000000002f93718]
Event: 7.324 Thread 0x0000000016e89000 1481   !   4       org.lwjgl.system.FunctionProvider::getFunctionAddress (95 bytes)
Event: 7.339 Thread 0x0000000016e89000 nmethod 1481 0x0000000002fc9c90 code [0x0000000002fc9e40, 0x0000000002fca470]

GC Heap History (10 events):
Event: 1.721 GC heap before
{Heap before GC invocations=3 (full 0):
 PSYoungGen      total 34816K, used 33529K [0x00000000d9d00000, 0x00000000de100000, 0x0000000100000000)
  eden space 30208K, 100% used [0x00000000d9d00000,0x00000000dba80000,0x00000000dba80000)
  from space 4608K, 72% used [0x00000000dbf00000,0x00000000dc23e540,0x00000000dc380000)
  to   space 4608K, 0% used [0x00000000dba80000,0x00000000dba80000,0x00000000dbf00000)
 ParOldGen       total 79360K, used 2059K [0x000000008d600000, 0x0000000092380000, 0x00000000d9d00000)
  object space 79360K, 2% used [0x000000008d600000,0x000000008d802f70,0x0000000092380000)
 Metaspace       used 11146K, capacity 11369K, committed 11648K, reserved 1060864K
  class space    used 1010K, capacity 1097K, committed 1152K, reserved 1048576K
Event: 1.727 GC heap after
Heap after GC invocations=3 (full 0):
 PSYoungGen      total 34816K, used 4523K [0x00000000d9d00000, 0x00000000de100000, 0x0000000100000000)
  eden space 30208K, 0% used [0x00000000d9d00000,0x00000000d9d00000,0x00000000dba80000)
  from space 4608K, 98% used [0x00000000dba80000,0x00000000dbeeace8,0x00000000dbf00000)
  to   space 4608K, 0% used [0x00000000ddc80000,0x00000000ddc80000,0x00000000de100000)
 ParOldGen       total 79360K, used 2067K [0x000000008d600000, 0x0000000092380000, 0x00000000d9d00000)
  object space 79360K, 2% used [0x000000008d600000,0x000000008d804f70,0x0000000092380000)
 Metaspace       used 11146K, capacity 11369K, committed 11648K, reserved 1060864K
  class space    used 1010K, capacity 1097K, committed 1152K, reserved 1048576K
}
Event: 1.765 GC heap before
{Heap before GC invocations=4 (full 0):
 PSYoungGen      total 34816K, used 34731K [0x00000000d9d00000, 0x00000000de100000, 0x0000000100000000)
  eden space 30208K, 100% used [0x00000000d9d00000,0x00000000dba80000,0x00000000dba80000)
  from space 4608K, 98% used [0x00000000dba80000,0x00000000dbeeace8,0x00000000dbf00000)
  to   space 4608K, 0% used [0x00000000ddc80000,0x00000000ddc80000,0x00000000de100000)
 ParOldGen       total 79360K, used 2067K [0x000000008d600000, 0x0000000092380000, 0x00000000d9d00000)
  object space 79360K, 2% used [0x000000008d600000,0x000000008d804f70,0x0000000092380000)
 Metaspace       used 11151K, capacity 11369K, committed 11648K, reserved 1060864K
  class space    used 1010K, capacity 1097K, committed 1152K, reserved 1048576K
Event: 1.775 GC heap after
Heap after GC invocations=4 (full 0):
 PSYoungGen      total 65024K, used 4601K [0x00000000d9d00000, 0x00000000de100000, 0x0000000100000000)
  eden space 60416K, 0% used [0x00000000d9d00000,0x00000000d9d00000,0x00000000dd800000)
  from space 4608K, 99% used [0x00000000ddc80000,0x00000000de0fe488,0x00000000de100000)
  to   space 4608K, 0% used [0x00000000dd800000,0x00000000dd800000,0x00000000ddc80000)
 ParOldGen       total 79360K, used 3371K [0x000000008d600000, 0x0000000092380000, 0x00000000d9d00000)
  object space 79360K, 4% used [0x000000008d600000,0x000000008d94af70,0x0000000092380000)
 Metaspace       used 11151K, capacity 11369K, committed 11648K, reserved 1060864K
  class space    used 1010K, capacity 1097K, committed 1152K, reserved 1048576K
}
Event: 1.844 GC heap before
{Heap before GC invocations=5 (full 0):
 PSYoungGen      total 65024K, used 65017K [0x00000000d9d00000, 0x00000000de100000, 0x0000000100000000)
  eden space 60416K, 100% used [0x00000000d9d00000,0x00000000dd800000,0x00000000dd800000)
  from space 4608K, 99% used [0x00000000ddc80000,0x00000000de0fe488,0x00000000de100000)
  to   space 4608K, 0% used [0x00000000dd800000,0x00000000dd800000,0x00000000ddc80000)
 ParOldGen       total 79360K, used 3371K [0x000000008d600000, 0x0000000092380000, 0x00000000d9d00000)
  object space 79360K, 4% used [0x000000008d600000,0x000000008d94af70,0x0000000092380000)
 Metaspace       used 11151K, capacity 11369K, committed 11648K, reserved 1060864K
  class space    used 1010K, capacity 1097K, committed 1152K, reserved 1048576K
Event: 1.864 GC heap after
Heap after GC invocations=5 (full 0):
 PSYoungGen      total 65024K, used 4605K [0x00000000d9d00000, 0x00000000e2500000, 0x0000000100000000)
  eden space 60416K, 0% used [0x00000000d9d00000,0x00000000d9d00000,0x00000000dd800000)
  from space 4608K, 99% used [0x00000000dd800000,0x00000000ddc7f4b8,0x00000000ddc80000)
  to   space 9216K, 0% used [0x00000000e1c00000,0x00000000e1c00000,0x00000000e2500000)
 ParOldGen       total 79360K, used 6907K [0x000000008d600000, 0x0000000092380000, 0x00000000d9d00000)
  object space 79360K, 8% used [0x000000008d600000,0x000000008dcbef70,0x0000000092380000)
 Metaspace       used 11151K, capacity 11369K, committed 11648K, reserved 1060864K
  class space    used 1010K, capacity 1097K, committed 1152K, reserved 1048576K
}
Event: 2.429 GC heap before
{Heap before GC invocations=6 (full 0):
 PSYoungGen      total 65024K, used 65021K [0x00000000d9d00000, 0x00000000e2500000, 0x0000000100000000)
  eden space 60416K, 100% used [0x00000000d9d00000,0x00000000dd800000,0x00000000dd800000)
  from space 4608K, 99% used [0x00000000dd800000,0x00000000ddc7f4b8,0x00000000ddc80000)
  to   space 9216K, 0% used [0x00000000e1c00000,0x00000000e1c00000,0x00000000e2500000)
 ParOldGen       total 79360K, used 6907K [0x000000008d600000, 0x0000000092380000, 0x00000000d9d00000)
  object space 79360K, 8% used [0x000000008d600000,0x000000008dcbef70,0x0000000092380000)
 Metaspace       used 11538K, capacity 11723K, committed 11904K, reserved 1060864K
  class space    used 1030K, capacity 1130K, committed 1152K, reserved 1048576K
Event: 2.440 GC heap after
Heap after GC invocations=6 (full 0):
 PSYoungGen      total 129024K, used 6260K [0x00000000d9d00000, 0x00000000e2400000, 0x0000000100000000)
  eden space 120832K, 0% used [0x00000000d9d00000,0x00000000d9d00000,0x00000000e1300000)
  from space 8192K, 76% used [0x00000000e1c00000,0x00000000e221d388,0x00000000e2400000)
  to   space 8704K, 0% used [0x00000000e1300000,0x00000000e1300000,0x00000000e1b80000)
 ParOldGen       total 79360K, used 15107K [0x000000008d600000, 0x0000000092380000, 0x00000000d9d00000)
  object space 79360K, 19% used [0x000000008d600000,0x000000008e4c0f90,0x0000000092380000)
 Metaspace       used 11538K, capacity 11723K, committed 11904K, reserved 1060864K
  class space    used 1030K, capacity 1130K, committed 1152K, reserved 1048576K
}
Event: 3.898 GC heap before
{Heap before GC invocations=7 (full 0):
 PSYoungGen      total 129024K, used 127092K [0x00000000d9d00000, 0x00000000e2400000, 0x0000000100000000)
  eden space 120832K, 100% used [0x00000000d9d00000,0x00000000e1300000,0x00000000e1300000)
  from space 8192K, 76% used [0x00000000e1c00000,0x00000000e221d388,0x00000000e2400000)
  to   space 8704K, 0% used [0x00000000e1300000,0x00000000e1300000,0x00000000e1b80000)
 ParOldGen       total 79360K, used 15107K [0x000000008d600000, 0x0000000092380000, 0x00000000d9d00000)
  object space 79360K, 19% used [0x000000008d600000,0x000000008e4c0f90,0x0000000092380000)
 Metaspace       used 11714K, capacity 11947K, committed 12160K, reserved 1060864K
  class space    used 1037K, capacity 1136K, committed 1152K, reserved 1048576K
Event: 3.905 GC heap after
Heap after GC invocations=7 (full 0):
 PSYoungGen      total 129536K, used 480K [0x00000000d9d00000, 0x00000000e9c00000, 0x0000000100000000)
  eden space 120832K, 0% used [0x00000000d9d00000,0x00000000d9d00000,0x00000000e1300000)
  from space 8704K, 5% used [0x00000000e1300000,0x00000000e1378000,0x00000000e1b80000)
  to   space 9728K, 0% used [0x00000000e9280000,0x00000000e9280000,0x00000000e9c00000)
 ParOldGen       total 79360K, used 17033K [0x000000008d600000, 0x0000000092380000, 0x00000000d9d00000)
  object space 79360K, 21% used [0x000000008d600000,0x000000008e6a2728,0x0000000092380000)
 Metaspace       used 11714K, capacity 11947K, committed 12160K, reserved 1060864K
  class space    used 1037K, capacity 1136K, committed 1152K, reserved 1048576K
}

Deoptimization events (10 events):
Event: 2.713 Thread 0x0000000002924000 Uncommon trap: reason=class_check action=maybe_recompile pc=0x0000000002df9cd0 method=java.util.HashMap.putVal(ILjava/lang/Object;Ljava/lang/Object;ZZ)Ljava/lang/Object; @ 91
Event: 2.719 Thread 0x0000000002924000 Uncommon trap: reason=class_check action=maybe_recompile pc=0x0000000002df9cd0 method=java.util.HashMap.putVal(ILjava/lang/Object;Ljava/lang/Object;ZZ)Ljava/lang/Object; @ 91
Event: 2.721 Thread 0x0000000002924000 Uncommon trap: reason=class_check action=maybe_recompile pc=0x0000000002df9cd0 method=java.util.HashMap.putVal(ILjava/lang/Object;Ljava/lang/Object;ZZ)Ljava/lang/Object; @ 91
Event: 2.730 Thread 0x0000000002924000 Uncommon trap: reason=class_check action=maybe_recompile pc=0x0000000002e00828 method=java.util.HashMap.putVal(ILjava/lang/Object;Ljava/lang/Object;ZZ)Ljava/lang/Object; @ 91
Event: 2.744 Thread 0x0000000002924000 Uncommon trap: reason=unstable_if action=reinterpret pc=0x0000000002e013bc method=java.util.HashMap.getNode(ILjava/lang/Object;)Ljava/util/HashMap$Node; @ 129
Event: 2.751 Thread 0x0000000002924000 Uncommon trap: reason=unstable_if action=reinterpret pc=0x0000000002e04918 method=java.util.HashMap.getNode(ILjava/lang/Object;)Ljava/util/HashMap$Node; @ 129
Event: 5.080 Thread 0x0000000002924000 Uncommon trap: reason=unstable_if action=reinterpret pc=0x0000000002f6e33c method=com.base.engine.math.Transform.update()V @ 4
Event: 5.080 Thread 0x0000000002924000 Uncommon trap: reason=unstable_if action=reinterpret pc=0x0000000002f63fb8 method=com.base.engine.math.Transform.update()V @ 4
Event: 7.254 Thread 0x0000000002924000 Uncommon trap: reason=unstable_if action=reinterpret pc=0x0000000002fcef78 method=java.util.HashMap.forEach(Ljava/util/function/BiConsumer;)V @ 16
Event: 7.255 Thread 0x0000000002924000 Uncommon trap: reason=unstable_if action=reinterpret pc=0x0000000002f991c8 method=java.util.HashMap$HashIterator.<init>(Ljava/util/HashMap;)V @ 45

Internal exceptions (10 events):
Event: 0.404 Thread 0x0000000002924000 Exception <a 'sun/nio/fs/WindowsException'> (0x00000000da371088) thrown at [C:\re\workspace\8-2-build-windows-amd64-cygwin\jdk8u111\7883\hotspot\src\share\vm\prims\jni.cpp, line 709]
Event: 0.450 Thread 0x0000000002924000 Exception <a 'sun/nio/fs/WindowsException'> (0x00000000da4ffb88) thrown at [C:\re\workspace\8-2-build-windows-amd64-cygwin\jdk8u111\7883\hotspot\src\share\vm\prims\jni.cpp, line 709]
Event: 0.450 Thread 0x0000000002924000 Exception <a 'sun/nio/fs/WindowsException'> (0x00000000da5002e0) thrown at [C:\re\workspace\8-2-build-windows-amd64-cygwin\jdk8u111\7883\hotspot\src\share\vm\prims\jni.cpp, line 709]
Event: 0.473 Thread 0x0000000002924000 Exception <a 'sun/nio/fs/WindowsException'> (0x00000000da5a1540) thrown at [C:\re\workspace\8-2-build-windows-amd64-cygwin\jdk8u111\7883\hotspot\src\share\vm\prims\jni.cpp, line 709]
Event: 0.473 Thread 0x0000000002924000 Exception <a 'sun/nio/fs/WindowsException'> (0x00000000da5a1c48) thrown at [C:\re\workspace\8-2-build-windows-amd64-cygwin\jdk8u111\7883\hotspot\src\share\vm\prims\jni.cpp, line 709]
Event: 0.901 Thread 0x0000000002924000 Exception <a 'sun/nio/fs/WindowsException'> (0x00000000da698970) thrown at [C:\re\workspace\8-2-build-windows-amd64-cygwin\jdk8u111\7883\hotspot\src\share\vm\prims\jni.cpp, line 709]
Event: 0.901 Thread 0x0000000002924000 Exception <a 'sun/nio/fs/WindowsException'> (0x00000000da6990d8) thrown at [C:\re\workspace\8-2-build-windows-amd64-cygwin\jdk8u111\7883\hotspot\src\share\vm\prims\jni.cpp, line 709]
Event: 0.904 Thread 0x0000000002924000 Exception <a 'sun/nio/fs/WindowsException'> (0x00000000da6a93e8) thrown at [C:\re\workspace\8-2-build-windows-amd64-cygwin\jdk8u111\7883\hotspot\src\share\vm\prims\jni.cpp, line 709]
Event: 0.904 Thread 0x0000000002924000 Exception <a 'sun/nio/fs/WindowsException'> (0x00000000da6a9a08) thrown at [C:\re\workspace\8-2-build-windows-amd64-cygwin\jdk8u111\7883\hotspot\src\share\vm\prims\jni.cpp, line 709]
Event: 1.355 Thread 0x0000000002924000 Exception <a 'java/io/FileNotFoundException'> (0x00000000dafd1fd0) thrown at [C:\re\workspace\8-2-build-windows-amd64-cygwin\jdk8u111\7883\hotspot\src\share\vm\prims\jni.cpp, line 709]

Events (10 events):
Event: 7.254 Thread 0x0000000002924000 Uncommon trap: trap_request=0xffffff65 fr.pc=0x0000000002fcef78
Event: 7.254 Thread 0x0000000002924000 DEOPT PACKING pc=0x0000000002fcef78 sp=0x000000000291f430
Event: 7.254 Thread 0x0000000002924000 DEOPT UNPACKING pc=0x0000000002a6582a sp=0x000000000291f418 mode 2
Event: 7.255 Thread 0x0000000002924000 Uncommon trap: trap_request=0xffffff65 fr.pc=0x0000000002f991c8
Event: 7.255 Thread 0x0000000002924000 DEOPT PACKING pc=0x0000000002f991c8 sp=0x000000000291f3b0
Event: 7.255 Thread 0x0000000002924000 DEOPT UNPACKING pc=0x0000000002a6582a sp=0x000000000291f350 mode 2
Event: 7.255 loading class com/base/engine/rendering/windowManagement/GLFWWindow
Event: 7.255 loading class com/base/engine/rendering/windowManagement/GLFWWindow done
Event: 7.255 loading class com/base/engine/rendering/windowManagement/GLFWWindow
Event: 7.255 loading class com/base/engine/rendering/windowManagement/GLFWWindow done


Dynamic libraries:
0x00007ff6bc660000 - 0x00007ff6bc697000 	C:\Program Files\Java\jre1.8.0_111\bin\javaw.exe
0x00007ffabcd70000 - 0x00007ffabcf1d000 	C:\windows\SYSTEM32\ntdll.dll
0x00007ffabad40000 - 0x00007ffabae7e000 	C:\windows\system32\KERNEL32.DLL
0x00007ffaba1c0000 - 0x00007ffaba2d5000 	C:\windows\system32\KERNELBASE.dll
0x00007ffab86c0000 - 0x00007ffab874e000 	C:\windows\system32\apphelp.dll
0x00007ffaaebf0000 - 0x00007ffaaec43000 	C:\windows\AppPatch\AppPatch64\AcGenral.DLL
0x00007ffabae80000 - 0x00007ffabaf2a000 	C:\windows\system32\msvcrt.dll
0x00007ffab9f60000 - 0x00007ffab9f8e000 	C:\windows\system32\SspiCli.dll
0x00007ffaba7d0000 - 0x00007ffaba824000 	C:\windows\system32\SHLWAPI.dll
0x00007ffabaa20000 - 0x00007ffabab97000 	C:\windows\system32\USER32.dll
0x00007ffabc990000 - 0x00007ffabcb24000 	C:\windows\system32\ole32.dll
0x00007ffabb400000 - 0x00007ffabc928000 	C:\windows\system32\SHELL32.dll
0x00007ffab9330000 - 0x00007ffab9351000 	C:\windows\SYSTEM32\USERENV.dll
0x00007ffaba900000 - 0x00007ffaba9aa000 	C:\windows\system32\ADVAPI32.dll
0x00007ffaaf7c0000 - 0x00007ffaaf7de000 	C:\windows\SYSTEM32\MPR.dll
0x00007ffabb2a0000 - 0x00007ffabb3e0000 	C:\windows\system32\RPCRT4.dll
0x00007ffabcb30000 - 0x00007ffabcb89000 	C:\windows\SYSTEM32\sechost.dll
0x00007ffaba450000 - 0x00007ffaba661000 	C:\windows\SYSTEM32\combase.dll
0x00007ffabaf90000 - 0x00007ffabb0df000 	C:\windows\system32\GDI32.dll
0x00007ffab9e90000 - 0x00007ffab9ea5000 	C:\windows\SYSTEM32\profapi.dll
0x00007ffab8080000 - 0x00007ffab8132000 	C:\windows\SYSTEM32\SHCORE.dll
0x00007ffaba3f0000 - 0x00007ffaba426000 	C:\windows\system32\IMM32.DLL
0x00007ffaba670000 - 0x00007ffaba7c2000 	C:\windows\system32\MSCTF.dll
0x00007ffab72c0000 - 0x00007ffab753b000 	C:\windows\WinSxS\amd64_microsoft.windows.common-controls_6595b64144ccf1df_6.0.9600.18006_none_623f33d3ecbe86e8\COMCTL32.dll
0x000000005f1e0000 - 0x000000005f2b2000 	C:\Program Files\Java\jre1.8.0_111\bin\msvcr100.dll
0x000000005e720000 - 0x000000005efba000 	C:\Program Files\Java\jre1.8.0_111\bin\server\jvm.dll
0x00007ffaafbe0000 - 0x00007ffaafbe9000 	C:\windows\SYSTEM32\WSOCK32.dll
0x00007ffab6e50000 - 0x00007ffab6e72000 	C:\windows\SYSTEM32\WINMM.dll
0x00007ffab7220000 - 0x00007ffab722a000 	C:\windows\SYSTEM32\VERSION.dll
0x00007ffababb0000 - 0x00007ffababb7000 	C:\windows\system32\PSAPI.DLL
0x00007ffabc930000 - 0x00007ffabc98a000 	C:\windows\system32\WS2_32.dll
0x00007ffab6de0000 - 0x00007ffab6e0a000 	C:\windows\SYSTEM32\WINMMBASE.dll
0x00007ffabb3e0000 - 0x00007ffabb3e9000 	C:\windows\system32\NSI.dll
0x00007ffab9f90000 - 0x00007ffab9fdf000 	C:\windows\SYSTEM32\cfgmgr32.dll
0x00007ffab8ae0000 - 0x00007ffab8b08000 	C:\windows\SYSTEM32\DEVOBJ.dll
0x000000005e630000 - 0x000000005e63f000 	C:\Program Files\Java\jre1.8.0_111\bin\verify.dll
0x000000005e600000 - 0x000000005e629000 	C:\Program Files\Java\jre1.8.0_111\bin\java.dll
0x000000005e5e0000 - 0x000000005e5f6000 	C:\Program Files\Java\jre1.8.0_111\bin\zip.dll
0x000000005e5c0000 - 0x000000005e5da000 	C:\Program Files\Java\jre1.8.0_111\bin\net.dll
0x00007ffab9690000 - 0x00007ffab96e9000 	C:\windows\system32\mswsock.dll
0x000000005e5a0000 - 0x000000005e5b1000 	C:\Program Files\Java\jre1.8.0_111\bin\nio.dll
0x00007ffaaea50000 - 0x00007ffaaeab4000 	C:\Users\abinash\AppData\Local\Temp\lwjglabinash\3.2.3-build-13\lwjgl.dll
0x00007ffaa6450000 - 0x00007ffaa66a3000 	C:\Users\abinash\AppData\Local\Temp\lwjglabinash\3.2.3-build-13\jemalloc.dll
0x00007ffaae9e0000 - 0x00007ffaaea42000 	C:\Users\abinash\AppData\Local\Temp\lwjglabinash\3.2.3-build-13\glfw.dll
0x00007ffab8910000 - 0x00007ffab8a39000 	C:\windows\system32\uxtheme.dll
0x00007ffab0610000 - 0x00007ffab0652000 	C:\windows\SYSTEM32\dinput8.dll
0x00007ffab5cc0000 - 0x00007ffab5ccd000 	C:\windows\SYSTEM32\xinput1_4.dll
0x00007ffab7b90000 - 0x00007ffab7bb1000 	C:\windows\SYSTEM32\dwmapi.dll
0x00007ffab8e90000 - 0x00007ffab8e9d000 	C:\windows\SYSTEM32\HID.DLL
0x00007ffabcb90000 - 0x00007ffabcd6a000 	C:\windows\system32\SETUPAPI.DLL
0x00007ffaba2e0000 - 0x00007ffaba331000 	C:\windows\system32\WINTRUST.dll
0x00007ffab9fe0000 - 0x00007ffaba1bf000 	C:\windows\system32\CRYPT32.dll
0x00007ffab9f40000 - 0x00007ffab9f51000 	C:\windows\system32\MSASN1.dll
0x00007ffaad8b0000 - 0x00007ffaad9db000 	C:\windows\SYSTEM32\opengl32.dll
0x00007ffab26b0000 - 0x00007ffab26de000 	C:\windows\SYSTEM32\GLU32.dll
0x00007ffaaa7b0000 - 0x00007ffaaa8a8000 	C:\windows\SYSTEM32\DDRAW.dll
0x00007ffab35c0000 - 0x00007ffab35c9000 	C:\windows\SYSTEM32\DCIMAN32.dll
0x00007ffaaeed0000 - 0x00007ffaaeee8000 	C:\windows\SYSTEM32\atig6pxx.dll
0x000000005c4c0000 - 0x000000005e2bd000 	C:\windows\SYSTEM32\atio6axx.dll
0x00007ffaa7590000 - 0x00007ffaa76d1000 	C:\windows\SYSTEM32\atiadlxx.dll
0x00007ffab5480000 - 0x00007ffab55ff000 	C:\windows\SYSTEM32\PROPSYS.dll
0x00007ffab6b00000 - 0x00007ffab6b12000 	C:\windows\SYSTEM32\WTSAPI32.dll
0x00007ffab4f30000 - 0x00007ffab4f5a000 	C:\windows\SYSTEM32\IPHLPAPI.DLL
0x00007ffaba830000 - 0x00007ffaba8f6000 	C:\windows\system32\OLEAUT32.dll
0x00007ffab4f20000 - 0x00007ffab4f2a000 	C:\windows\SYSTEM32\WINNSI.DLL
0x00007ffaae990000 - 0x00007ffaae9bc000 	C:\windows\SYSTEM32\atig6txx.dll
0x00007ffab8b10000 - 0x00007ffab8b1b000 	C:\windows\SYSTEM32\kernel.appcore.dll
0x00007ffab9d00000 - 0x00007ffab9d0b000 	C:\windows\SYSTEM32\CRYPTBASE.dll
0x00007ffab9c90000 - 0x00007ffab9cf3000 	C:\windows\SYSTEM32\bcryptPrimitives.dll
0x00007ffaae680000 - 0x00007ffaae6d9000 	C:\Users\abinash\AppData\Local\Temp\lwjglabinash\3.2.3-build-13\lwjgl_opengl.dll
0x00007ffab98b0000 - 0x00007ffab98d0000 	C:\windows\SYSTEM32\CRYPTSP.dll
0x00007ffab93a0000 - 0x00007ffab93d6000 	C:\windows\system32\rsaenh.dll
0x00007ffab9a50000 - 0x00007ffab9a76000 	C:\windows\SYSTEM32\bcrypt.dll
0x00007ffab4c20000 - 0x00007ffab4c36000 	C:\windows\SYSTEM32\dhcpcsvc6.DLL
0x00007ffab4c00000 - 0x00007ffab4c1a000 	C:\windows\SYSTEM32\dhcpcsvc.DLL
0x000000005e3e0000 - 0x000000005e578000 	C:\Program Files\Java\jre1.8.0_111\bin\awt.dll
0x000000005f1a0000 - 0x000000005f1d1000 	C:\Program Files\Java\jre1.8.0_111\bin\jpeg.dll
0x00007ffababc0000 - 0x00007ffabac76000 	C:\windows\SYSTEM32\clbcatq.dll
0x00007ffaaa8b0000 - 0x00007ffaaaa39000 	C:\windows\SYSTEM32\dbghelp.dll

VM Arguments:
jvm_args: -Dfile.encoding=UTF-8 
java_command: tests.game.Start
java_class_path (initial): C:\Users\abinash\Desktop\Programing\Java Game Engine\AbisEngine2\target\classes;C:\Users\abinash\Desktop\Programing\Java Game Engine\AbisEngine2\lib\jar\commons-cli-1.4.jar;C:\Users\abinash\.m2\repository\org\lwjgl\lwjgl\3.2.3\lwjgl-3.2.3.jar;C:\Users\abinash\.m2\repository\org\lwjgl\lwjgl-assimp\3.2.3\lwjgl-assimp-3.2.3.jar;C:\Users\abinash\.m2\repository\org\lwjgl\lwjgl-bgfx\3.2.3\lwjgl-bgfx-3.2.3.jar;C:\Users\abinash\.m2\repository\org\lwjgl\lwjgl-cuda\3.2.3\lwjgl-cuda-3.2.3.jar;C:\Users\abinash\.m2\repository\org\lwjgl\lwjgl-egl\3.2.3\lwjgl-egl-3.2.3.jar;C:\Users\abinash\.m2\repository\org\lwjgl\lwjgl-glfw\3.2.3\lwjgl-glfw-3.2.3.jar;C:\Users\abinash\.m2\repository\org\lwjgl\lwjgl-jawt\3.2.3\lwjgl-jawt-3.2.3.jar;C:\Users\abinash\.m2\repository\org\lwjgl\lwjgl-jemalloc\3.2.3\lwjgl-jemalloc-3.2.3.jar;C:\Users\abinash\.m2\repository\org\lwjgl\lwjgl-libdivide\3.2.3\lwjgl-libdivide-3.2.3.jar;C:\Users\abinash\.m2\repository\org\lwjgl\lwjgl-llvm\3.2.3\lwjgl-llvm-3.2.3.jar;C:\Users\abinash\.m2\repository\org\lwjgl\lwjgl-lmdb\3.2.3\lwjgl-lmdb-3.2.3.jar;C:\Users\abinash\.m2\repository\org\lwjgl\lwjgl-lz4\3.2.3\lwjgl-lz4-3.2.3.jar;C:\Users\abinash\.m2\repository\org\lwjgl\lwjgl-meow\3.2.3\lwjgl-meow-3.2.3.jar;C:\Users\abinash\.m2\repository\org\lwjgl\lwjgl-nanovg\3.2.3\lwjgl-nanovg-3.2.3.jar;C:\Users\abinash\.m2\repository\org\lwjgl\lwjgl-nfd\3.2.3\lwjgl-nfd-3.2.3.jar;C:\Users\abinash\.m2\repository\org\lwjgl\lwjgl-nuklear\3.2.3\lwjgl-nuklear-3.2.3.jar;C:\Users\abinash\.m2\repository\org\lwjgl\lwjgl-odbc\3.2.3\lwjgl-odbc-3.2.3.jar;C:\Users\abinash\.m2\repository\org\lwjgl\lwjgl-openal\3.2.3\lwjgl-openal-3.2.3.jar;C:\Users\abinash\.m2\repository\org\lwjgl\lwjgl-opencl\3.2.3\lwjgl-opencl-3.2.3.jar;C:\Users\abinash\.m2\repository\org\lwjgl\lwjgl-opengl\3.2.3\lwjgl-opengl-3.2.3.jar;C:\Users\abinash\.m2\repository\org\lwjgl\lwjgl-opengles\3.2.3\lwjgl-opengles-3.2.3.jar;C:\Users\abinash\.m2\repository\org\lwjgl\lwjgl-openvr\3.2.3\lwjgl-openvr-3.2.3.ja
Launcher Type: SUN_STANDARD

Environment Variables:
PATH=C:/Program Files/Java/jre1.8.0_111/bin/server;C:/Program Files/Java/jre1.8.0_111/bin;C:/Program Files/Java/jre1.8.0_111/lib/amd64;C:\Program Files (x86)\Common Files\Oracle\Java\javapath;C:\ProgramData\Oracle\Java\javapath;C:\windows\system32;C:\windows;C:\windows\System32\Wbem;C:\windows\System32\WindowsPowerShell\v1.0\;C:\Program Files (x86)\ATI Technologies\ATI.ACE\Core-Static;C:\Program Files (x86)\Windows Live\Shared;C:\Program Files (x86)\AMD\ATI.ACE\Core-Static;C:\Program Files (x86)\QuickTime\QTSystem\;C:\Program Files\nodejs\;C:\Program Files\Microsoft VS Code\bin;C:\Program Files\PuTTY\;C:\Program Files\Git\cmd;C:\Program Files\Git\mingw64\bin;C:\Program Files\Git\usr\bin;C:\Go\bin;C:\Program Files\dotnet\;C:\Program Files (x86)\Bitvise SSH Client;C:\Program Files\Git LFS;C:\Users\abinash\AppData\Local\Programs\Python\Python35\Scripts\;C:\Users\abinash\AppData\Local\Programs\Python\Python35\;C:\Users\abinash\AppData\Local\Programs\Python\Python35-32\Scripts\;C:\Users\abinash\AppData\Local\Programs\Python\Python35-32\;C:\Users\abinash\Documents\gocode\bin;C:\Users\abinash\AppData\Local\GitHubDesktop\bin;C:\Users\abinash\AppData\Local\atom\bin;C:\Program Files (x86)\Nmap;C:\Program Files\Microsoft VS Code\bin;C:\Users\abinash\AppData\Roaming\npm;C:\Users\abinash\go\bin;C:\Users\abinash\eclipse\java-2018-09\eclipse;
USERNAME=abinash
OS=Windows_NT
PROCESSOR_IDENTIFIER=AMD64 Family 21 Model 19 Stepping 1, AuthenticAMD



---------------  S Y S T E M  ---------------

OS: Windows 8.1 , 64 bit Build 9600 (6.3.9600.17415)

CPU:total 4 (4 cores per cpu, 1 threads per core) family 21 model 19 stepping 1, cmov, cx8, fxsr, mmx, sse, sse2, sse3, ssse3, sse4.1, sse4.2, popcnt, avx, aes, clmul, mmxext, 3dnowpref, lzcnt, sse4a, tsc, tscinvbit, tscinv, bmi1

Memory: 4k page, physical 7509188k(3184952k free), swap 15373508k(9675636k free)

vm_info: Java HotSpot(TM) 64-Bit Server VM (25.111-b14) for windows-amd64 JRE (1.8.0_111-b14), built on Sep 22 2016 19:24:05 by "java_re" with MS VC++ 10.0 (VS2010)

time: Thu Oct 31 19:13:37 2019
elapsed time: 7 seconds (0d 0h 0m 7s)

