#
# A fatal error has been detected by the Java Runtime Environment:
#
#  EXCEPTION_ACCESS_VIOLATION (0xc0000005) at pc=0x0000000060553b20, pid=17696, tid=0x00000000000046d8
#
# JRE version: Java(TM) SE Runtime Environment (8.0_111-b14) (build 1.8.0_111-b14)
# Java VM: Java HotSpot(TM) 64-Bit Server VM (25.111-b14 mixed mode windows-amd64 compressed oops)
# Problematic frame:
# C  [atio6axx.dll+0x333b20]
#
# Failed to write core dump. Minidumps are not enabled by default on client versions of Windows
#
# If you would like to submit a bug report, please visit:
#   http://bugreport.java.com/bugreport/crash.jsp
# The crash happened outside the Java Virtual Machine in native code.
# See problematic frame for where to report the bug.
#

---------------  T H R E A D  ---------------

Current thread (0x00000000021e4000):  JavaThread "main" [_thread_in_native, id=18136, stack(0x0000000002060000,0x0000000002160000)]

siginfo: ExceptionCode=0xc0000005, reading address 0x000000001f8799ea

Registers:
RAX=0x0000000000000000, RBX=0x0000000021040000, RCX=0x0000000021040024, RDX=0x000000000000000c
RSP=0x000000000215e2b0, RBP=0x000000000009184e, RSI=0x000000000000d3aa, RDI=0x000000001f8799ea
R8 =0x000000000000d3a7, R9 =0x0000000000091842, R10=0x000000000000000c, R11=0x0000000000000006
R12=0x000000000000000c, R13=0x0000000061e4f780, R14=0x0000000000000002, R15=0x000000000000000f
RIP=0x0000000060553b20, EFLAGS=0x0000000000010206

Top of Stack: (sp=0x000000000215e2b0)
0x000000000215e2b0:   000000001ba7d950 000000001fc07e58
0x000000000215e2c0:   0000000000010000 000000000009184e
0x000000000215e2d0:   0000000000000000 0000000000000000
0x000000000215e2e0:   0024620000000017 000000000000000f
0x000000000215e2f0:   0000000000000006 000000000000d3aa
0x000000000215e300:   000000001fc06a50 0000000000000001
0x000000000215e310:   0000000000000000 0000000000000000
0x000000000215e320:   00000000006a0000 000000001b5af270
0x000000000215e330:   0000000000000000 0000000000000004
0x000000000215e340:   0000000000000040 0000000000000000
0x000000000215e350:   0000000000000030 00007fff91010d07
0x000000000215e360:   0000000000810000 0000000000000000
0x000000000215e370:   0000000000000030 0000000000000000
0x000000000215e380:   0000000000000040 00007fff91010d07
0x000000000215e390:   0000000000810000 0000000000000000
0x000000000215e3a0:   0000000000000040 0000000100000000 

Instructions: (pc=0x0000000060553b20)
0x0000000060553b00:   06 00 00 44 8b cd 4d 2b ca 48 8b d9 85 f6 0f 84
0x0000000060553b10:   d2 fe ff ff 44 8b c6 45 85 e4 74 15 49 8b d2 90
0x0000000060553b20:   0f b6 07 48 ff c1 48 ff c7 88 41 ff 48 ff ca 75
0x0000000060553b30:   ef 49 03 f9 49 ff c8 75 de e9 a8 fe ff ff 48 8b 


Register to memory mapping:

RAX=0x0000000000000000 is an unknown value
RBX=0x0000000021040000 is an unknown value
RCX=0x0000000021040024 is an unknown value
RDX=0x000000000000000c is an unknown value
RSP=0x000000000215e2b0 is pointing into the stack for thread: 0x00000000021e4000
RBP=0x000000000009184e is an unknown value
RSI=0x000000000000d3aa is an unknown value
RDI=0x000000001f8799ea is an unknown value
R8 =0x000000000000d3a7 is an unknown value
R9 =0x0000000000091842 is an unknown value
R10=0x000000000000000c is an unknown value
R11=0x0000000000000006 is an unknown value
R12=0x000000000000000c is an unknown value
R13=0x0000000061e4f780 is an unknown value
R14=0x0000000000000002 is an unknown value
R15=0x000000000000000f is an unknown value


Stack: [0x0000000002060000,0x0000000002160000],  sp=0x000000000215e2b0,  free space=1016k
Native frames: (J=compiled Java code, j=interpreted, Vv=VM code, C=native code)
C  [atio6axx.dll+0x333b20]
C  [atio6axx.dll+0x3b2710]
C  [atio6axx.dll+0x337d7f]
C  [atio6axx.dll+0x335a06]
C  [atio6axx.dll+0x5d8800]
C  0x00000000022f7934

Java frames: (J=compiled Java code, j=interpreted, Vv=VM code)
j  org.lwjgl.opengl.GL11C.nglDrawElements(IIIJ)V+0
j  org.lwjgl.opengl.GL11C.glDrawElements(IIIJ)V+4
j  org.lwjgl.opengl.GL11.glDrawElements(IIIJ)V+4
j  net.abi.abisEngine.rendering.meshLoading.Mesh.draw()V+16
j  net.abi.abisEngine.components.MeshRenderer.render(Lnet/abi/abisEngine/rendering/shaders/Shader;Lnet/abi/abisEngine/rendering/RenderingEngine;)V+21
j  net.abi.abisEngine.core.Entity.render(Lnet/abi/abisEngine/rendering/shaders/Shader;Lnet/abi/abisEngine/rendering/RenderingEngine;)V+26
j  net.abi.abisEngine.core.Entity.renderAll(Lnet/abi/abisEngine/rendering/shaders/Shader;Lnet/abi/abisEngine/rendering/RenderingEngine;)V+3
j  net.abi.abisEngine.core.Entity.renderAll(Lnet/abi/abisEngine/rendering/shaders/Shader;Lnet/abi/abisEngine/rendering/RenderingEngine;)V+32
j  net.abi.abisEngine.rendering.RenderingEngine.render(Lnet/abi/abisEngine/rendering/sceneManagement/Scene;)V+31
j  net.abi.abisEngine.rendering.sceneManagement.SceneManager.render()V+30
j  net.abi.abisEngine.rendering.windowManagement.GLFWWindow.render()V+4
j  net.abi.abisEngine.rendering.windowManagement.GLFWWindowManager.render()V+80
j  net.abi.abisEngine.core.CoreEngine.run()V+206
j  net.abi.abisEngine.core.CoreEngine.start()V+9
j  net.abi.abisEngine.core.Main.run([Ljava/lang/String;)V+370
j  tests.game.Start.run([Ljava/lang/String;)V+2
j  tests.game.Start.main([Ljava/lang/String;)V+14
v  ~StubRoutines::call_stub

---------------  P R O C E S S  ---------------

Java Threads: ( => current thread )
  0x0000000018d50800 JavaThread "Java2D Disposer" daemon [_thread_blocked, id=18152, stack(0x000000001d330000,0x000000001d430000)]
  0x00000000180bd000 JavaThread "Service Thread" daemon [_thread_blocked, id=17572, stack(0x0000000018480000,0x0000000018580000)]
  0x0000000016777800 JavaThread "C1 CompilerThread2" daemon [_thread_blocked, id=17004, stack(0x0000000017f80000,0x0000000018080000)]
  0x0000000016753000 JavaThread "C2 CompilerThread1" daemon [_thread_blocked, id=15532, stack(0x0000000017e80000,0x0000000017f80000)]
  0x0000000016743000 JavaThread "C2 CompilerThread0" daemon [_thread_blocked, id=16812, stack(0x0000000017d80000,0x0000000017e80000)]
  0x000000001673f800 JavaThread "Attach Listener" daemon [_thread_blocked, id=15624, stack(0x0000000017c80000,0x0000000017d80000)]
  0x0000000016749800 JavaThread "Signal Dispatcher" daemon [_thread_blocked, id=15784, stack(0x0000000017b80000,0x0000000017c80000)]
  0x000000001672a000 JavaThread "Finalizer" daemon [_thread_blocked, id=16848, stack(0x00000000179a0000,0x0000000017aa0000)]
  0x00000000022d2800 JavaThread "Reference Handler" daemon [_thread_blocked, id=18328, stack(0x00000000178a0000,0x00000000179a0000)]
=>0x00000000021e4000 JavaThread "main" [_thread_in_native, id=18136, stack(0x0000000002060000,0x0000000002160000)]

Other Threads:
  0x0000000016708000 VMThread [stack: 0x00000000177a0000,0x00000000178a0000] [id=16404]
  0x00000000180e1800 WatcherThread [stack: 0x0000000018580000,0x0000000018680000] [id=16088]

VM state:not at safepoint (normal execution)

VM Mutex/Monitor currently owned by a thread: None

Heap:
 PSYoungGen      total 34816K, used 34805K [0x00000000d9d00000, 0x00000000de100000, 0x0000000100000000)
  eden space 30208K, 100% used [0x00000000d9d00000,0x00000000dba80000,0x00000000dba80000)
  from space 4608K, 99% used [0x00000000dba80000,0x00000000dbefd490,0x00000000dbf00000)
  to   space 4608K, 0% used [0x00000000ddc80000,0x00000000ddc80000,0x00000000de100000)
 ParOldGen       total 79360K, used 5928K [0x000000008d600000, 0x0000000092380000, 0x00000000d9d00000)
  object space 79360K, 7% used [0x000000008d600000,0x000000008dbca298,0x0000000092380000)
 Metaspace       used 12151K, capacity 12373K, committed 12544K, reserved 1060864K
  class space    used 1081K, capacity 1197K, committed 1280K, reserved 1048576K

Card table byte_map: [0x00000000116a0000,0x0000000011a40000] byte_map_base: 0x0000000011235000

Marking Bits: (ParMarkBitMap*) 0x0000000062b3a6c0
 Begin Bits: [0x00000000120b0000, 0x0000000013d58000)
 End Bits:   [0x0000000013d58000, 0x0000000015a00000)

Polling page: 0x0000000000870000

CodeCache: size=245760Kb used=4254Kb max_used=4264Kb free=241505Kb
 bounds [0x00000000022e0000, 0x0000000002710000, 0x00000000112e0000]
 total_blobs=2039 nmethods=1105 adapters=848
 compilation: enabled

Compilation events (10 events):
Event: 3.464 Thread 0x0000000016777800 1101       3       sun.util.calendar.ZoneInfo::getTransitionIndex (156 bytes)
Event: 3.465 Thread 0x0000000016743000 1104       4       java.lang.String::indexOf (7 bytes)
Event: 3.465 Thread 0x0000000016777800 nmethod 1101 0x0000000002700cd0 code [0x0000000002700e60, 0x0000000002701330]
Event: 3.465 Thread 0x0000000016777800 1103       3       java.util.regex.Matcher::find (35 bytes)
Event: 3.465 Thread 0x0000000016777800 nmethod 1103 0x0000000002700390 code [0x0000000002700540, 0x0000000002700af8]
Event: 3.465 Thread 0x0000000016777800 1102       3       java.lang.StringBuilder::<init> (6 bytes)
Event: 3.465 Thread 0x0000000016777800 nmethod 1102 0x00000000026fa350 code [0x00000000026fa4c0, 0x00000000026fa770]
Event: 3.467 Thread 0x0000000016743000 nmethod 1104 0x00000000026feb10 code [0x00000000026fec40, 0x00000000026fed98]
Event: 3.477 Thread 0x0000000016777800 1105       3       net.abi.abisEngine.math.Matrix4f::get (9 bytes)
Event: 3.477 Thread 0x0000000016777800 nmethod 1105 0x00000000026fe6d0 code [0x00000000026fe840, 0x00000000026fe9d0]

GC Heap History (6 events):
Event: 2.218 GC heap before
{Heap before GC invocations=1 (full 0):
 PSYoungGen      total 34816K, used 30191K [0x00000000d9d00000, 0x00000000dc380000, 0x0000000100000000)
  eden space 30208K, 99% used [0x00000000d9d00000,0x00000000dba7bc60,0x00000000dba80000)
  from space 4608K, 0% used [0x00000000dbf00000,0x00000000dbf00000,0x00000000dc380000)
  to   space 4608K, 0% used [0x00000000dba80000,0x00000000dba80000,0x00000000dbf00000)
 ParOldGen       total 79360K, used 0K [0x000000008d600000, 0x0000000092380000, 0x00000000d9d00000)
  object space 79360K, 0% used [0x000000008d600000,0x000000008d600000,0x0000000092380000)
 Metaspace       used 11294K, capacity 11433K, committed 11648K, reserved 1060864K
  class space    used 1020K, capacity 1097K, committed 1152K, reserved 1048576K
Event: 2.226 GC heap after
Heap after GC invocations=1 (full 0):
 PSYoungGen      total 34816K, used 4581K [0x00000000d9d00000, 0x00000000dc380000, 0x0000000100000000)
  eden space 30208K, 0% used [0x00000000d9d00000,0x00000000d9d00000,0x00000000dba80000)
  from space 4608K, 99% used [0x00000000dba80000,0x00000000dbef9468,0x00000000dbf00000)
  to   space 4608K, 0% used [0x00000000dbf00000,0x00000000dbf00000,0x00000000dc380000)
 ParOldGen       total 79360K, used 804K [0x000000008d600000, 0x0000000092380000, 0x00000000d9d00000)
  object space 79360K, 1% used [0x000000008d600000,0x000000008d6c9358,0x0000000092380000)
 Metaspace       used 11294K, capacity 11433K, committed 11648K, reserved 1060864K
  class space    used 1020K, capacity 1097K, committed 1152K, reserved 1048576K
}
Event: 3.134 GC heap before
{Heap before GC invocations=2 (full 0):
 PSYoungGen      total 34816K, used 34789K [0x00000000d9d00000, 0x00000000dc380000, 0x0000000100000000)
  eden space 30208K, 100% used [0x00000000d9d00000,0x00000000dba80000,0x00000000dba80000)
  from space 4608K, 99% used [0x00000000dba80000,0x00000000dbef9468,0x00000000dbf00000)
  to   space 4608K, 0% used [0x00000000dbf00000,0x00000000dbf00000,0x00000000dc380000)
 ParOldGen       total 79360K, used 804K [0x000000008d600000, 0x0000000092380000, 0x00000000d9d00000)
  object space 79360K, 1% used [0x000000008d600000,0x000000008d6c9358,0x0000000092380000)
 Metaspace       used 11978K, capacity 12213K, committed 12544K, reserved 1060864K
  class space    used 1067K, capacity 1165K, committed 1280K, reserved 1048576K
Event: 3.139 GC heap after
Heap after GC invocations=2 (full 0):
 PSYoungGen      total 34816K, used 3433K [0x00000000d9d00000, 0x00000000dc380000, 0x0000000100000000)
  eden space 30208K, 0% used [0x00000000d9d00000,0x00000000d9d00000,0x00000000dba80000)
  from space 4608K, 74% used [0x00000000dbf00000,0x00000000dc25a530,0x00000000dc380000)
  to   space 4608K, 0% used [0x00000000dba80000,0x00000000dba80000,0x00000000dbf00000)
 ParOldGen       total 79360K, used 812K [0x000000008d600000, 0x0000000092380000, 0x00000000d9d00000)
  object space 79360K, 1% used [0x000000008d600000,0x000000008d6cb358,0x0000000092380000)
 Metaspace       used 11978K, capacity 12213K, committed 12544K, reserved 1060864K
  class space    used 1067K, capacity 1165K, committed 1280K, reserved 1048576K
}
Event: 3.180 GC heap before
{Heap before GC invocations=3 (full 0):
 PSYoungGen      total 34816K, used 33641K [0x00000000d9d00000, 0x00000000dc380000, 0x0000000100000000)
  eden space 30208K, 100% used [0x00000000d9d00000,0x00000000dba80000,0x00000000dba80000)
  from space 4608K, 74% used [0x00000000dbf00000,0x00000000dc25a530,0x00000000dc380000)
  to   space 4608K, 0% used [0x00000000dba80000,0x00000000dba80000,0x00000000dbf00000)
 ParOldGen       total 79360K, used 812K [0x000000008d600000, 0x0000000092380000, 0x00000000d9d00000)
  object space 79360K, 1% used [0x000000008d600000,0x000000008d6cb358,0x0000000092380000)
 Metaspace       used 11978K, capacity 12213K, committed 12544K, reserved 1060864K
  class space    used 1067K, capacity 1165K, committed 1280K, reserved 1048576K
Event: 3.199 GC heap after
Heap after GC invocations=3 (full 0):
 PSYoungGen      total 34816K, used 4597K [0x00000000d9d00000, 0x00000000de100000, 0x0000000100000000)
  eden space 30208K, 0% used [0x00000000d9d00000,0x00000000d9d00000,0x00000000dba80000)
  from space 4608K, 99% used [0x00000000dba80000,0x00000000dbefd490,0x00000000dbf00000)
  to   space 4608K, 0% used [0x00000000ddc80000,0x00000000ddc80000,0x00000000de100000)
 ParOldGen       total 79360K, used 5928K [0x000000008d600000, 0x0000000092380000, 0x00000000d9d00000)
  object space 79360K, 7% used [0x000000008d600000,0x000000008dbca298,0x0000000092380000)
 Metaspace       used 11978K, capacity 12213K, committed 12544K, reserved 1060864K
  class space    used 1067K, capacity 1165K, committed 1280K, reserved 1048576K
}

Deoptimization events (10 events):
Event: 2.556 Thread 0x00000000021e4000 Uncommon trap: reason=speculate_class_check action=maybe_recompile pc=0x000000000266a610 method=org.lwjgl.system.Struct.wrap(JILjava/nio/ByteBuffer;)Lorg/lwjgl/system/Struct; @ 44
Event: 2.561 Thread 0x00000000021e4000 Uncommon trap: reason=speculate_class_check action=maybe_recompile pc=0x000000000267133c method=org.lwjgl.system.Struct.wrap(JILjava/nio/ByteBuffer;)Lorg/lwjgl/system/Struct; @ 44
Event: 2.561 Thread 0x00000000021e4000 Uncommon trap: reason=speculate_class_check action=maybe_recompile pc=0x000000000267133c method=org.lwjgl.system.Struct.wrap(JILjava/nio/ByteBuffer;)Lorg/lwjgl/system/Struct; @ 44
Event: 3.257 Thread 0x00000000021e4000 Uncommon trap: reason=unstable_if action=reinterpret pc=0x0000000002643e74 method=sun.awt.image.ByteInterleavedRaster.putByteData(IIII[B)V @ 395
Event: 3.258 Thread 0x00000000021e4000 Uncommon trap: reason=unstable_if action=reinterpret pc=0x0000000002645d30 method=java.awt.image.ComponentColorModel.getRGB(Ljava/lang/Object;)I @ 4
Event: 3.258 Thread 0x00000000021e4000 Uncommon trap: reason=unstable_if action=reinterpret pc=0x000000000263a8a0 method=java.awt.image.ComponentColorModel.getAlpha(Ljava/lang/Object;)I @ 4
Event: 3.258 Thread 0x00000000021e4000 Uncommon trap: reason=unstable_if action=reinterpret pc=0x0000000002639c94 method=java.awt.image.ComponentColorModel.extractComponent(Ljava/lang/Object;II)I @ 4
Event: 3.258 Thread 0x00000000021e4000 Uncommon trap: reason=unstable_if action=reinterpret pc=0x00000000026393a8 method=java.awt.image.ComponentColorModel.getAlpha(Ljava/lang/Object;)I @ 4
Event: 3.258 Thread 0x00000000021e4000 Uncommon trap: reason=predicate action=maybe_recompile pc=0x0000000002657a30 method=net.abi.abisEngine.rendering.resourceManagement.Texture.loadTexture(Ljava/lang/String;)Lnet/abi/abisEngine/rendering/resourceManagement/TextureResource; @ 84
Event: 3.399 Thread 0x00000000021e4000 Uncommon trap: reason=predicate action=maybe_recompile pc=0x000000000265977c method=net.abi.abisEngine.rendering.resourceManagement.Texture.loadTexture(Ljava/lang/String;)Lnet/abi/abisEngine/rendering/resourceManagement/TextureResource; @ 84

Internal exceptions (10 events):
Event: 0.737 Thread 0x00000000021e4000 Exception <a 'sun/nio/fs/WindowsException'> (0x00000000da510ab0) thrown at [C:\re\workspace\8-2-build-windows-amd64-cygwin\jdk8u111\7883\hotspot\src\share\vm\prims\jni.cpp, line 709]
Event: 0.770 Thread 0x00000000021e4000 Exception <a 'sun/nio/fs/WindowsException'> (0x00000000da5b21a0) thrown at [C:\re\workspace\8-2-build-windows-amd64-cygwin\jdk8u111\7883\hotspot\src\share\vm\prims\jni.cpp, line 709]
Event: 0.770 Thread 0x00000000021e4000 Exception <a 'sun/nio/fs/WindowsException'> (0x00000000da5b28a8) thrown at [C:\re\workspace\8-2-build-windows-amd64-cygwin\jdk8u111\7883\hotspot\src\share\vm\prims\jni.cpp, line 709]
Event: 1.013 Thread 0x00000000021e4000 Exception <a 'sun/nio/fs/WindowsException'> (0x00000000da622610) thrown at [C:\re\workspace\8-2-build-windows-amd64-cygwin\jdk8u111\7883\hotspot\src\share\vm\prims\jni.cpp, line 709]
Event: 1.013 Thread 0x00000000021e4000 Exception <a 'sun/nio/fs/WindowsException'> (0x00000000da622d40) thrown at [C:\re\workspace\8-2-build-windows-amd64-cygwin\jdk8u111\7883\hotspot\src\share\vm\prims\jni.cpp, line 709]
Event: 1.782 Thread 0x00000000021e4000 Exception <a 'sun/nio/fs/WindowsException'> (0x00000000da88e438) thrown at [C:\re\workspace\8-2-build-windows-amd64-cygwin\jdk8u111\7883\hotspot\src\share\vm\prims\jni.cpp, line 709]
Event: 1.782 Thread 0x00000000021e4000 Exception <a 'sun/nio/fs/WindowsException'> (0x00000000da88eba0) thrown at [C:\re\workspace\8-2-build-windows-amd64-cygwin\jdk8u111\7883\hotspot\src\share\vm\prims\jni.cpp, line 709]
Event: 1.785 Thread 0x00000000021e4000 Exception <a 'sun/nio/fs/WindowsException'> (0x00000000da89eeb0) thrown at [C:\re\workspace\8-2-build-windows-amd64-cygwin\jdk8u111\7883\hotspot\src\share\vm\prims\jni.cpp, line 709]
Event: 1.785 Thread 0x00000000021e4000 Exception <a 'sun/nio/fs/WindowsException'> (0x00000000da89f4d0) thrown at [C:\re\workspace\8-2-build-windows-amd64-cygwin\jdk8u111\7883\hotspot\src\share\vm\prims\jni.cpp, line 709]
Event: 2.067 Thread 0x00000000021e4000 Exception <a 'java/io/FileNotFoundException'> (0x00000000db0c8458) thrown at [C:\re\workspace\8-2-build-windows-amd64-cygwin\jdk8u111\7883\hotspot\src\share\vm\prims\jni.cpp, line 709]

Events (10 events):
Event: 3.465 loading class java/util/concurrent/CopyOnWriteArrayList
Event: 3.466 loading class java/util/concurrent/CopyOnWriteArrayList done
Event: 3.466 loading class net/abi/abisEngine/rendering/windowManagement/GLFWWindowManager$Context
Event: 3.466 loading class net/abi/abisEngine/rendering/windowManagement/GLFWWindowManager$Context done
Event: 3.467 loading class net/abi/abisEngine/core/Time
Event: 3.467 loading class net/abi/abisEngine/core/Time done
Event: 3.469 loading class java/util/concurrent/ConcurrentHashMap$MapEntry
Event: 3.469 loading class java/util/concurrent/ConcurrentHashMap$MapEntry done
Event: 3.476 loading class java/util/concurrent/CopyOnWriteArrayList$COWIterator
Event: 3.476 loading class java/util/concurrent/CopyOnWriteArrayList$COWIterator done


Dynamic libraries:
0x00007ff6c7480000 - 0x00007ff6c74b7000 	C:\Program Files\Java\jre1.8.0_111\bin\javaw.exe
0x00007fff90fe0000 - 0x00007fff9118d000 	C:\windows\SYSTEM32\ntdll.dll
0x00007fff8efa0000 - 0x00007fff8f0de000 	C:\windows\system32\KERNEL32.DLL
0x00007fff8e280000 - 0x00007fff8e395000 	C:\windows\system32\KERNELBASE.dll
0x00007fff8cb20000 - 0x00007fff8cbae000 	C:\windows\system32\apphelp.dll
0x00007fff77fb0000 - 0x00007fff78003000 	C:\windows\AppPatch\AppPatch64\AcGenral.DLL
0x00007fff8f1b0000 - 0x00007fff8f25a000 	C:\windows\system32\msvcrt.dll
0x00007fff8e630000 - 0x00007fff8e65e000 	C:\windows\system32\SspiCli.dll
0x00007fff8e8a0000 - 0x00007fff8e8f4000 	C:\windows\system32\SHLWAPI.dll
0x00007fff90a30000 - 0x00007fff90ba7000 	C:\windows\system32\USER32.dll
0x00007fff8e900000 - 0x00007fff8ea94000 	C:\windows\system32\ole32.dll
0x00007fff8f2a0000 - 0x00007fff907c8000 	C:\windows\system32\SHELL32.dll
0x00007fff8d6a0000 - 0x00007fff8d6c1000 	C:\windows\SYSTEM32\USERENV.dll
0x00007fff907d0000 - 0x00007fff9087a000 	C:\windows\system32\ADVAPI32.dll
0x00007fff835b0000 - 0x00007fff835ce000 	C:\windows\SYSTEM32\MPR.dll
0x00007fff90c20000 - 0x00007fff90d60000 	C:\windows\system32\RPCRT4.dll
0x00007fff8ec70000 - 0x00007fff8ecc9000 	C:\windows\SYSTEM32\sechost.dll
0x00007fff8e680000 - 0x00007fff8e891000 	C:\windows\SYSTEM32\combase.dll
0x00007fff908e0000 - 0x00007fff90a2f000 	C:\windows\system32\GDI32.dll
0x00007fff8e100000 - 0x00007fff8e115000 	C:\windows\SYSTEM32\profapi.dll
0x00007fff8c550000 - 0x00007fff8c602000 	C:\windows\SYSTEM32\SHCORE.dll
0x00007fff8f260000 - 0x00007fff8f296000 	C:\windows\system32\IMM32.DLL
0x00007fff90dc0000 - 0x00007fff90f12000 	C:\windows\system32\MSCTF.dll
0x00007fff8bc70000 - 0x00007fff8beeb000 	C:\windows\WinSxS\amd64_microsoft.windows.common-controls_6595b64144ccf1df_6.0.9600.18006_none_623f33d3ecbe86e8\COMCTL32.dll
0x0000000063740000 - 0x0000000063812000 	C:\Program Files\Java\jre1.8.0_111\bin\msvcr100.dll
0x0000000062320000 - 0x0000000062bba000 	C:\Program Files\Java\jre1.8.0_111\bin\server\jvm.dll
0x00007fff83920000 - 0x00007fff83929000 	C:\windows\SYSTEM32\WSOCK32.dll
0x00007fff8b980000 - 0x00007fff8b9a2000 	C:\windows\SYSTEM32\WINMM.dll
0x00007fff8b9b0000 - 0x00007fff8b9ba000 	C:\windows\SYSTEM32\VERSION.dll
0x00007fff8edb0000 - 0x00007fff8edb7000 	C:\windows\system32\PSAPI.DLL
0x00007fff90880000 - 0x00007fff908da000 	C:\windows\system32\WS2_32.dll
0x00007fff8b950000 - 0x00007fff8b97a000 	C:\windows\SYSTEM32\WINMMBASE.dll
0x00007fff8eaa0000 - 0x00007fff8eaa9000 	C:\windows\system32\NSI.dll
0x00007fff8e5e0000 - 0x00007fff8e62f000 	C:\windows\SYSTEM32\cfgmgr32.dll
0x00007fff8cda0000 - 0x00007fff8cdc8000 	C:\windows\SYSTEM32\DEVOBJ.dll
0x0000000063c70000 - 0x0000000063c7f000 	C:\Program Files\Java\jre1.8.0_111\bin\verify.dll
0x0000000063c40000 - 0x0000000063c69000 	C:\Program Files\Java\jre1.8.0_111\bin\java.dll
0x0000000063b10000 - 0x0000000063b26000 	C:\Program Files\Java\jre1.8.0_111\bin\zip.dll
0x0000000063af0000 - 0x0000000063b0a000 	C:\Program Files\Java\jre1.8.0_111\bin\net.dll
0x00007fff8d930000 - 0x00007fff8d989000 	C:\windows\system32\mswsock.dll
0x0000000063ad0000 - 0x0000000063ae1000 	C:\Program Files\Java\jre1.8.0_111\bin\nio.dll
0x00007fff75900000 - 0x00007fff75964000 	C:\Users\abinash\AppData\Local\Temp\lwjglabinash\3.2.3-build-13\lwjgl.dll
0x00007fff6b930000 - 0x00007fff6bb83000 	C:\Users\abinash\AppData\Local\Temp\lwjglabinash\3.2.3-build-13\jemalloc.dll
0x00007fff75880000 - 0x00007fff758e2000 	C:\Users\abinash\AppData\Local\Temp\lwjglabinash\3.2.3-build-13\glfw.dll
0x00007fff8cbf0000 - 0x00007fff8cd19000 	C:\windows\system32\uxtheme.dll
0x00007fff7a330000 - 0x00007fff7a372000 	C:\windows\SYSTEM32\dinput8.dll
0x00007fff81260000 - 0x00007fff8126d000 	C:\windows\SYSTEM32\xinput1_4.dll
0x00007fff8c2f0000 - 0x00007fff8c311000 	C:\windows\SYSTEM32\dwmapi.dll
0x00007fff8d140000 - 0x00007fff8d14d000 	C:\windows\SYSTEM32\HID.DLL
0x00007fff8edc0000 - 0x00007fff8ef9a000 	C:\windows\system32\SETUPAPI.DLL
0x00007fff8e3a0000 - 0x00007fff8e3f1000 	C:\windows\system32\WINTRUST.dll
0x00007fff8e400000 - 0x00007fff8e5df000 	C:\windows\system32\CRYPT32.dll
0x00007fff8e1b0000 - 0x00007fff8e1c1000 	C:\windows\system32\MSASN1.dll
0x00007fff5c680000 - 0x00007fff5cd3f000 	C:\Users\abinash\AppData\Local\Temp\lwjglabinash\3.2.3-build-13\assimp.dll
0x00007fff8d990000 - 0x00007fff8d9b0000 	C:\windows\SYSTEM32\CRYPTSP.dll
0x00007fff8d660000 - 0x00007fff8d696000 	C:\windows\system32\rsaenh.dll
0x00007fff8dbf0000 - 0x00007fff8dc16000 	C:\windows\SYSTEM32\bcrypt.dll
0x00007fff8df00000 - 0x00007fff8df63000 	C:\windows\system32\bcryptprimitives.dll
0x00007fff8df70000 - 0x00007fff8df7b000 	C:\windows\SYSTEM32\CRYPTBASE.dll
0x00007fff88da0000 - 0x00007fff88dca000 	C:\windows\SYSTEM32\IPHLPAPI.DLL
0x00007fff88b30000 - 0x00007fff88b3a000 	C:\windows\SYSTEM32\WINNSI.DLL
0x00007fff887b0000 - 0x00007fff887c6000 	C:\windows\SYSTEM32\dhcpcsvc6.DLL
0x00007fff887d0000 - 0x00007fff887ea000 	C:\windows\SYSTEM32\dhcpcsvc.DLL
0x00007fff7b800000 - 0x00007fff7b92b000 	C:\windows\SYSTEM32\opengl32.dll
0x00007fff80760000 - 0x00007fff8078e000 	C:\windows\SYSTEM32\GLU32.dll
0x00007fff74c50000 - 0x00007fff74d48000 	C:\windows\SYSTEM32\DDRAW.dll
0x00007fff80750000 - 0x00007fff80759000 	C:\windows\SYSTEM32\DCIMAN32.dll
0x00007fff7d380000 - 0x00007fff7d398000 	C:\windows\SYSTEM32\atig6pxx.dll
0x0000000060220000 - 0x000000006201d000 	C:\windows\SYSTEM32\atio6axx.dll
0x00007fff73540000 - 0x00007fff73681000 	C:\windows\SYSTEM32\atiadlxx.dll
0x00007fff89920000 - 0x00007fff89a9f000 	C:\windows\SYSTEM32\PROPSYS.dll
0x00007fff89380000 - 0x00007fff89392000 	C:\windows\SYSTEM32\WTSAPI32.dll
0x00007fff8f0e0000 - 0x00007fff8f1a6000 	C:\windows\system32\OLEAUT32.dll
0x00007fff79420000 - 0x00007fff7944c000 	C:\windows\SYSTEM32\atig6txx.dll
0x00007fff8cd70000 - 0x00007fff8cd7b000 	C:\windows\SYSTEM32\kernel.appcore.dll
0x00007fff734e0000 - 0x00007fff73539000 	C:\Users\abinash\AppData\Local\Temp\lwjglabinash\3.2.3-build-13\lwjgl_opengl.dll
0x0000000063930000 - 0x0000000063ac8000 	C:\Program Files\Java\jre1.8.0_111\bin\awt.dll
0x0000000063700000 - 0x0000000063731000 	C:\Program Files\Java\jre1.8.0_111\bin\jpeg.dll
0x00007fff90f20000 - 0x00007fff90fd6000 	C:\windows\SYSTEM32\clbcatq.dll
0x00007fff7dad0000 - 0x00007fff7dc59000 	C:\windows\SYSTEM32\dbghelp.dll

VM Arguments:
jvm_args: -Dfile.encoding=UTF-8 
java_command: tests.game.Start
java_class_path (initial): C:\Users\abinash\Desktop\Programing\Java Game Engine\AbisEngine2\target\classes;C:\Users\abinash\Desktop\Programing\Java Game Engine\AbisEngine2\lib\jar\commons-cli-1.4.jar;C:\Users\abinash\.m2\repository\org\lwjgl\lwjgl\3.2.3\lwjgl-3.2.3.jar;C:\Users\abinash\.m2\repository\org\lwjgl\lwjgl-assimp\3.2.3\lwjgl-assimp-3.2.3.jar;C:\Users\abinash\.m2\repository\org\lwjgl\lwjgl-bgfx\3.2.3\lwjgl-bgfx-3.2.3.jar;C:\Users\abinash\.m2\repository\org\lwjgl\lwjgl-cuda\3.2.3\lwjgl-cuda-3.2.3.jar;C:\Users\abinash\.m2\repository\org\lwjgl\lwjgl-egl\3.2.3\lwjgl-egl-3.2.3.jar;C:\Users\abinash\.m2\repository\org\lwjgl\lwjgl-glfw\3.2.3\lwjgl-glfw-3.2.3.jar;C:\Users\abinash\.m2\repository\org\lwjgl\lwjgl-jawt\3.2.3\lwjgl-jawt-3.2.3.jar;C:\Users\abinash\.m2\repository\org\lwjgl\lwjgl-jemalloc\3.2.3\lwjgl-jemalloc-3.2.3.jar;C:\Users\abinash\.m2\repository\org\lwjgl\lwjgl-libdivide\3.2.3\lwjgl-libdivide-3.2.3.jar;C:\Users\abinash\.m2\repository\org\lwjgl\lwjgl-llvm\3.2.3\lwjgl-llvm-3.2.3.jar;C:\Users\abinash\.m2\repository\org\lwjgl\lwjgl-lmdb\3.2.3\lwjgl-lmdb-3.2.3.jar;C:\Users\abinash\.m2\repository\org\lwjgl\lwjgl-lz4\3.2.3\lwjgl-lz4-3.2.3.jar;C:\Users\abinash\.m2\repository\org\lwjgl\lwjgl-meow\3.2.3\lwjgl-meow-3.2.3.jar;C:\Users\abinash\.m2\repository\org\lwjgl\lwjgl-nanovg\3.2.3\lwjgl-nanovg-3.2.3.jar;C:\Users\abinash\.m2\repository\org\lwjgl\lwjgl-nfd\3.2.3\lwjgl-nfd-3.2.3.jar;C:\Users\abinash\.m2\repository\org\lwjgl\lwjgl-nuklear\3.2.3\lwjgl-nuklear-3.2.3.jar;C:\Users\abinash\.m2\repository\org\lwjgl\lwjgl-odbc\3.2.3\lwjgl-odbc-3.2.3.jar;C:\Users\abinash\.m2\repository\org\lwjgl\lwjgl-openal\3.2.3\lwjgl-openal-3.2.3.jar;C:\Users\abinash\.m2\repository\org\lwjgl\lwjgl-opencl\3.2.3\lwjgl-opencl-3.2.3.jar;C:\Users\abinash\.m2\repository\org\lwjgl\lwjgl-opengl\3.2.3\lwjgl-opengl-3.2.3.jar;C:\Users\abinash\.m2\repository\org\lwjgl\lwjgl-opengles\3.2.3\lwjgl-opengles-3.2.3.jar;C:\Users\abinash\.m2\repository\org\lwjgl\lwjgl-openvr\3.2.3\lwjgl-openvr-3.2.3.ja
Launcher Type: SUN_STANDARD

Environment Variables:
PATH=C:/Program Files/Java/jre1.8.0_111/bin/server;C:/Program Files/Java/jre1.8.0_111/bin;C:/Program Files/Java/jre1.8.0_111/lib/amd64;C:\Program Files (x86)\Common Files\Oracle\Java\javapath;C:\ProgramData\Oracle\Java\javapath;C:\windows\system32;C:\windows;C:\windows\System32\Wbem;C:\windows\System32\WindowsPowerShell\v1.0\;C:\Program Files (x86)\ATI Technologies\ATI.ACE\Core-Static;C:\Program Files (x86)\Windows Live\Shared;C:\Program Files (x86)\AMD\ATI.ACE\Core-Static;C:\Program Files (x86)\QuickTime\QTSystem\;C:\Program Files\nodejs\;C:\Program Files\Microsoft VS Code\bin;C:\Program Files\PuTTY\;C:\Program Files\Git\cmd;C:\Program Files\Git\mingw64\bin;C:\Program Files\Git\usr\bin;C:\Go\bin;C:\Program Files\dotnet\;C:\Program Files (x86)\Bitvise SSH Client;C:\Program Files\Git LFS;C:\Program Files\TortoiseGit\bin;C:\Users\abinash\AppData\Local\Programs\Python\Python35\Scripts\;C:\Users\abinash\AppData\Local\Programs\Python\Python35\;C:\Users\abinash\AppData\Local\Programs\Python\Python35-32\Scripts\;C:\Users\abinash\AppData\Local\Programs\Python\Python35-32\;C:\Users\abinash\Documents\gocode\bin;C:\Users\abinash\AppData\Local\GitHubDesktop\bin;C:\Users\abinash\AppData\Local\atom\bin;C:\Program Files (x86)\Nmap;C:\Program Files\Microsoft VS Code\bin;C:\Users\abinash\AppData\Roaming\npm;C:\Users\abinash\go\bin;C:\Users\abinash\eclipse\java-2018-09\eclipse;
USERNAME=abinash
OS=Windows_NT
PROCESSOR_IDENTIFIER=AMD64 Family 21 Model 19 Stepping 1, AuthenticAMD



---------------  S Y S T E M  ---------------

OS: Windows 8.1 , 64 bit Build 9600 (6.3.9600.17415)

CPU:total 4 (4 cores per cpu, 1 threads per core) family 21 model 19 stepping 1, cmov, cx8, fxsr, mmx, sse, sse2, sse3, ssse3, sse4.1, sse4.2, popcnt, avx, aes, clmul, mmxext, 3dnowpref, lzcnt, sse4a, tsc, tscinvbit, tscinv, bmi1

Memory: 4k page, physical 7509188k(1130448k free), swap 10050264k(1968920k free)

vm_info: Java HotSpot(TM) 64-Bit Server VM (25.111-b14) for windows-amd64 JRE (1.8.0_111-b14), built on Sep 22 2016 19:24:05 by "java_re" with MS VC++ 10.0 (VS2010)

time: Wed Nov 13 12:38:16 2019
elapsed time: 3 seconds (0d 0h 0m 3s)

