#
# A fatal error has been detected by the Java Runtime Environment:
#
#  EXCEPTION_ACCESS_VIOLATION (0xc0000005) at pc=0x00007ffaaafc6490, pid=266668, tid=0x00000000000411c8
#
# JRE version: Java(TM) SE Runtime Environment (8.0_111-b14) (build 1.8.0_111-b14)
# Java VM: Java HotSpot(TM) 64-Bit Server VM (25.111-b14 mixed mode windows-amd64 compressed oops)
# Problematic frame:
# C  [glfw.dll+0x6490]
#
# Failed to write core dump. Minidumps are not enabled by default on client versions of Windows
#
# If you would like to submit a bug report, please visit:
#   http://bugreport.java.com/bugreport/crash.jsp
# The crash happened outside the Java Virtual Machine in native code.
# See problematic frame for where to report the bug.
#

---------------  T H R E A D  ---------------

Current thread (0x0000000002804000):  JavaThread "main" [_thread_in_native, id=266696, stack(0x0000000002700000,0x0000000002800000)]

siginfo: ExceptionCode=0xc0000005, reading address 0x0000000000000000

Registers:
RAX=0x0000000000000000, RBX=0x0000000000ec61c0, RCX=0x0000000000000000, RDX=0x000000001bf4a990
RSP=0x00000000027feef0, RBP=0x00000000027fef80, RSI=0x0000000000000000, RDI=0x0000000002917e70
R8 =0x0000000000ec61c0, R9 =0x00007ffaaafc63e0, R10=0x00007ffaad401b10, R11=0x0000000002df0d58
R12=0x0000000000000000, R13=0x00000000027fefa0, R14=0x00000000027fef70, R15=0x0000000002804000
RIP=0x00007ffaaafc6490, EFLAGS=0x0000000000010283

Top of Stack: (sp=0x00000000027feef0)
0x00000000027feef0:   0000000000ec61c0 000000005eb5bd20
0x00000000027fef00:   0000000100000d48 00000000027fef08
0x00000000027fef10:   000000001698c788 0000000002df0e0a
0x00000000027fef20:   00000000169b6000 0000000000000000
0x00000000027fef30:   00000000169874d8 0000000000000000
0x00000000027fef40:   00000000027fef68 00000000027fefd8
0x00000000027fef50:   0000000002917e70 000000008e4717e8
0x00000000027fef60:   00000000029219d7 00007ffaaafc3ea0
0x00000000027fef70:   000000008e4717e8 0000000000000000
0x00000000027fef80:   00000000027ff000 000000000291835d
0x00000000027fef90:   0000000000000011 000000000291835d
0x00000000027fefa0:   00007ffaaafc63e0 00000000027ff028
0x00000000027fefb0:   0000000000ec61c0 0000000000000000
0x00000000027fefc0:   00000000027fefc0 00000000169c162e
0x00000000027fefd0:   00000000027ff028 00000000169ccfd8
0x00000000027fefe0:   000000001ce42aa8 00000000169c1660 

Instructions: (pc=0x00007ffaaafc6490)
0x00007ffaaafc6470:   48 8b 0d 69 1a 05 00 48 8d 15 62 1a 05 00 48 3b
0x00007ffaaafc6480:   cb 74 1b 0f 1f 40 00 66 0f 1f 84 00 00 00 00 00
0x00007ffaaafc6490:   48 8b 01 48 8b d1 48 8b c8 48 3b c3 75 f2 48 8b
0x00007ffaaafc64a0:   03 48 8b cb 48 89 02 48 83 c4 20 5b e9 97 27 01 


Register to memory mapping:

RAX=0x0000000000000000 is an unknown value
RBX=0x0000000000ec61c0 is an unknown value
RCX=0x0000000000000000 is an unknown value
RDX=0x000000001bf4a990 is an unknown value
RSP=0x00000000027feef0 is pointing into the stack for thread: 0x0000000002804000
RBP=0x00000000027fef80 is pointing into the stack for thread: 0x0000000002804000
RSI=0x0000000000000000 is an unknown value
RDI=0x0000000002917e70 is at code_begin+1040 in an Interpreter codelet
invoke return entry points  [0x0000000002917a60, 0x0000000002918440]  2528 bytes
R8 =0x0000000000ec61c0 is an unknown value
R9 =0x00007ffaaafc63e0 is an unknown value
R10=0x00007ffaad401b10 is an unknown value
R11=0x0000000002df0d58 is at entry_point+24 in (nmethod*)0x0000000002df0bd0
R12=0x0000000000000000 is an unknown value
R13=0x00000000027fefa0 is pointing into the stack for thread: 0x0000000002804000
R14=0x00000000027fef70 is pointing into the stack for thread: 0x0000000002804000
R15=0x0000000002804000 is a thread


Stack: [0x0000000002700000,0x0000000002800000],  sp=0x00000000027feef0,  free space=1019k
Native frames: (J=compiled Java code, j=interpreted, Vv=VM code, C=native code)
C  [glfw.dll+0x6490]
C  0x0000000002df0e0a

Java frames: (J=compiled Java code, j=interpreted, Vv=VM code)
J 1225  org.lwjgl.system.JNI.invokePV(JJ)V (0 bytes) @ 0x0000000002df0d84 [0x0000000002df0d40+0x44]
j  org.lwjgl.glfw.GLFW.glfwDestroyWindow(J)V+6
j  net.abi.abisEngine.rendering.windowManagement.GLFWWindow.dispose()V+15
j  net.abi.abisEngine.rendering.windowManagement.GLFWWindowManager.lambda$0(Ljava/lang/String;Lnet/abi/abisEngine/rendering/windowManagement/GLFWWindow;)V+1
j  net.abi.abisEngine.rendering.windowManagement.GLFWWindowManager$$Lambda$23.accept(Ljava/lang/Object;Ljava/lang/Object;)V+8
j  java.util.HashMap.forEach(Ljava/util/function/BiConsumer;)V+65
j  net.abi.abisEngine.rendering.windowManagement.GLFWWindowManager.destroyAll()V+8
j  net.abi.abisEngine.core.CoreEngine.cleanUp()V+0
j  net.abi.abisEngine.core.CoreEngine.run()V+251
j  net.abi.abisEngine.core.CoreEngine.start()V+9
j  net.abi.abisEngine.core.Main.run([Ljava/lang/String;)V+375
j  tests.game.Start.run([Ljava/lang/String;)V+2
j  tests.game.Start.main([Ljava/lang/String;)V+14
v  ~StubRoutines::call_stub

---------------  P R O C E S S  ---------------

Java Threads: ( => current thread )
  0x00000000192f4000 JavaThread "Java2D Disposer" daemon [_thread_blocked, id=266780, stack(0x000000001c640000,0x000000001c740000)]
  0x0000000018502000 JavaThread "Service Thread" daemon [_thread_blocked, id=266752, stack(0x0000000018af0000,0x0000000018bf0000)]
  0x00000000184f4000 JavaThread "C1 CompilerThread2" daemon [_thread_blocked, id=266748, stack(0x00000000189f0000,0x0000000018af0000)]
  0x00000000184f1000 JavaThread "C2 CompilerThread1" daemon [_thread_blocked, id=266744, stack(0x00000000188f0000,0x00000000189f0000)]
  0x0000000016da2000 JavaThread "C2 CompilerThread0" daemon [_thread_in_native, id=266740, stack(0x00000000183f0000,0x00000000184f0000)]
  0x0000000016d9f000 JavaThread "Attach Listener" daemon [_thread_blocked, id=266736, stack(0x00000000182f0000,0x00000000183f0000)]
  0x0000000016d9e000 JavaThread "Signal Dispatcher" daemon [_thread_blocked, id=266732, stack(0x00000000181f0000,0x00000000182f0000)]
  0x0000000016d8a000 JavaThread "Finalizer" daemon [_thread_blocked, id=266724, stack(0x0000000018000000,0x0000000018100000)]
  0x00000000028f4000 JavaThread "Reference Handler" daemon [_thread_blocked, id=266720, stack(0x0000000017f00000,0x0000000018000000)]
=>0x0000000002804000 JavaThread "main" [_thread_in_native, id=266696, stack(0x0000000002700000,0x0000000002800000)]

Other Threads:
  0x0000000016d67800 VMThread [stack: 0x0000000017e00000,0x0000000017f00000] [id=266716]
  0x0000000018527000 WatcherThread [stack: 0x0000000018bf0000,0x0000000018cf0000] [id=266756]

VM state:not at safepoint (normal execution)

VM Mutex/Monitor currently owned by a thread: None

Heap:
 PSYoungGen      total 250368K, used 37337K [0x00000000d9d00000, 0x00000000e9b00000, 0x0000000100000000)
  eden space 241664K, 13% used [0x00000000d9d00000,0x00000000dbde9ea0,0x00000000e8900000)
  from space 8704K, 41% used [0x00000000e9280000,0x00000000e960c6d0,0x00000000e9b00000)
  to   space 9216K, 0% used [0x00000000e8900000,0x00000000e8900000,0x00000000e9200000)
 ParOldGen       total 79360K, used 16297K [0x000000008d600000, 0x0000000092380000, 0x00000000d9d00000)
  object space 79360K, 20% used [0x000000008d600000,0x000000008e5ea600,0x0000000092380000)
 Metaspace       used 11962K, capacity 12207K, committed 12416K, reserved 1060864K
  class space    used 1041K, capacity 1138K, committed 1152K, reserved 1048576K

Card table byte_map: [0x0000000011cd0000,0x0000000012070000] byte_map_base: 0x0000000011865000

Marking Bits: (ParMarkBitMap*) 0x000000005f23a6c0
 Begin Bits: [0x00000000126e0000, 0x0000000014388000)
 End Bits:   [0x0000000014388000, 0x0000000016030000)

Polling page: 0x00000000026d0000

CodeCache: size=245760Kb used=6972Kb max_used=6983Kb free=238787Kb
 bounds [0x0000000002910000, 0x0000000002ff0000, 0x0000000011910000]
 total_blobs=2695 nmethods=1766 adapters=843
 compilation: enabled

Compilation events (10 events):
Event: 11.370 Thread 0x00000000184f1000 nmethod 1761 0x0000000002fd0810 code [0x0000000002fd0940, 0x0000000002fd09b8]
Event: 11.374 Thread 0x00000000184f1000 1762   !   4       java.nio.Bits::reserveMemory (155 bytes)
Event: 11.377 Thread 0x00000000184f1000 nmethod 1762 0x0000000002fd8950 code [0x0000000002fd8aa0, 0x0000000002fd8bd8]
Event: 11.445 Thread 0x00000000184f1000 1763       4       net.abi.abisEngine.rendering.windowManagement.GLFWWindowManager::update (80 bytes)
Event: 11.504 Thread 0x00000000184f1000 nmethod 1763 0x0000000002fe6b90 code [0x0000000002fe6ec0, 0x0000000002fe8150]
Event: 12.090 Thread 0x00000000184f1000 1765       4       java.lang.String::<init> (10 bytes)
Event: 12.091 Thread 0x00000000184f1000 nmethod 1765 0x0000000002fb22d0 code [0x0000000002fb2400, 0x0000000002fb2478]
Event: 12.091 Thread 0x00000000184f1000 1766       4       java.lang.String::<init> (100 bytes)
Event: 12.095 Thread 0x00000000184f1000 nmethod 1766 0x0000000002fdf990 code [0x0000000002fdfae0, 0x0000000002fdfd98]
Event: 12.095 Thread 0x00000000184f1000 1767   !   4       org.lwjgl.system.MemoryUtil::wrap (78 bytes)

GC Heap History (10 events):
Event: 2.474 GC heap before
{Heap before GC invocations=4 (full 0):
 PSYoungGen      total 34816K, used 34791K [0x00000000d9d00000, 0x00000000de100000, 0x0000000100000000)
  eden space 30208K, 100% used [0x00000000d9d00000,0x00000000dba80000,0x00000000dba80000)
  from space 4608K, 99% used [0x00000000dba80000,0x00000000dbef9ce8,0x00000000dbf00000)
  to   space 4608K, 0% used [0x00000000ddc80000,0x00000000ddc80000,0x00000000de100000)
 ParOldGen       total 79360K, used 775K [0x000000008d600000, 0x0000000092380000, 0x00000000d9d00000)
  object space 79360K, 0% used [0x000000008d600000,0x000000008d6c1e58,0x0000000092380000)
 Metaspace       used 11176K, capacity 11369K, committed 11648K, reserved 1060864K
  class space    used 1011K, capacity 1097K, committed 1152K, reserved 1048576K
Event: 2.485 GC heap after
Heap after GC invocations=4 (full 0):
 PSYoungGen      total 65024K, used 4599K [0x00000000d9d00000, 0x00000000de100000, 0x0000000100000000)
  eden space 60416K, 0% used [0x00000000d9d00000,0x00000000d9d00000,0x00000000dd800000)
  from space 4608K, 99% used [0x00000000ddc80000,0x00000000de0fdda8,0x00000000de100000)
  to   space 4608K, 0% used [0x00000000dd800000,0x00000000dd800000,0x00000000ddc80000)
 ParOldGen       total 79360K, used 2223K [0x000000008d600000, 0x0000000092380000, 0x00000000d9d00000)
  object space 79360K, 2% used [0x000000008d600000,0x000000008d82be58,0x0000000092380000)
 Metaspace       used 11176K, capacity 11369K, committed 11648K, reserved 1060864K
  class space    used 1011K, capacity 1097K, committed 1152K, reserved 1048576K
}
Event: 2.548 GC heap before
{Heap before GC invocations=5 (full 0):
 PSYoungGen      total 65024K, used 65015K [0x00000000d9d00000, 0x00000000de100000, 0x0000000100000000)
  eden space 60416K, 100% used [0x00000000d9d00000,0x00000000dd800000,0x00000000dd800000)
  from space 4608K, 99% used [0x00000000ddc80000,0x00000000de0fdda8,0x00000000de100000)
  to   space 4608K, 0% used [0x00000000dd800000,0x00000000dd800000,0x00000000ddc80000)
 ParOldGen       total 79360K, used 2223K [0x000000008d600000, 0x0000000092380000, 0x00000000d9d00000)
  object space 79360K, 2% used [0x000000008d600000,0x000000008d82be58,0x0000000092380000)
 Metaspace       used 11176K, capacity 11369K, committed 11648K, reserved 1060864K
  class space    used 1011K, capacity 1097K, committed 1152K, reserved 1048576K
Event: 2.566 GC heap after
Heap after GC invocations=5 (full 0):
 PSYoungGen      total 65024K, used 4605K [0x00000000d9d00000, 0x00000000e2400000, 0x0000000100000000)
  eden space 60416K, 0% used [0x00000000d9d00000,0x00000000d9d00000,0x00000000dd800000)
  from space 4608K, 99% used [0x00000000dd800000,0x00000000ddc7f498,0x00000000ddc80000)
  to   space 8704K, 0% used [0x00000000e1b80000,0x00000000e1b80000,0x00000000e2400000)
 ParOldGen       total 79360K, used 5745K [0x000000008d600000, 0x0000000092380000, 0x00000000d9d00000)
  object space 79360K, 7% used [0x000000008d600000,0x000000008db9c788,0x0000000092380000)
 Metaspace       used 11176K, capacity 11369K, committed 11648K, reserved 1060864K
  class space    used 1011K, capacity 1097K, committed 1152K, reserved 1048576K
}
Event: 3.072 GC heap before
{Heap before GC invocations=6 (full 0):
 PSYoungGen      total 65024K, used 65021K [0x00000000d9d00000, 0x00000000e2400000, 0x0000000100000000)
  eden space 60416K, 100% used [0x00000000d9d00000,0x00000000dd800000,0x00000000dd800000)
  from space 4608K, 99% used [0x00000000dd800000,0x00000000ddc7f498,0x00000000ddc80000)
  to   space 8704K, 0% used [0x00000000e1b80000,0x00000000e1b80000,0x00000000e2400000)
 ParOldGen       total 79360K, used 5745K [0x000000008d600000, 0x0000000092380000, 0x00000000d9d00000)
  object space 79360K, 7% used [0x000000008d600000,0x000000008db9c788,0x0000000092380000)
 Metaspace       used 11552K, capacity 11787K, committed 11904K, reserved 1060864K
  class space    used 1031K, capacity 1130K, committed 1152K, reserved 1048576K
Event: 3.082 GC heap after
Heap after GC invocations=6 (full 0):
 PSYoungGen      total 129536K, used 6644K [0x00000000d9d00000, 0x00000000e2400000, 0x0000000100000000)
  eden space 120832K, 0% used [0x00000000d9d00000,0x00000000d9d00000,0x00000000e1300000)
  from space 8704K, 76% used [0x00000000e1b80000,0x00000000e21fd388,0x00000000e2400000)
  to   space 8704K, 0% used [0x00000000e1300000,0x00000000e1300000,0x00000000e1b80000)
 ParOldGen       total 79360K, used 13945K [0x000000008d600000, 0x0000000092380000, 0x00000000d9d00000)
  object space 79360K, 17% used [0x000000008d600000,0x000000008e39e7a8,0x0000000092380000)
 Metaspace       used 11552K, capacity 11787K, committed 11904K, reserved 1060864K
  class space    used 1031K, capacity 1130K, committed 1152K, reserved 1048576K
}
Event: 4.564 GC heap before
{Heap before GC invocations=7 (full 0):
 PSYoungGen      total 129536K, used 127476K [0x00000000d9d00000, 0x00000000e2400000, 0x0000000100000000)
  eden space 120832K, 100% used [0x00000000d9d00000,0x00000000e1300000,0x00000000e1300000)
  from space 8704K, 76% used [0x00000000e1b80000,0x00000000e21fd388,0x00000000e2400000)
  to   space 8704K, 0% used [0x00000000e1300000,0x00000000e1300000,0x00000000e1b80000)
 ParOldGen       total 79360K, used 13945K [0x000000008d600000, 0x0000000092380000, 0x00000000d9d00000)
  object space 79360K, 17% used [0x000000008d600000,0x000000008e39e7a8,0x0000000092380000)
 Metaspace       used 11853K, capacity 12131K, committed 12416K, reserved 1060864K
  class space    used 1037K, capacity 1136K, committed 1152K, reserved 1048576K
Event: 4.571 GC heap after
Heap after GC invocations=7 (full 0):
 PSYoungGen      total 129536K, used 432K [0x00000000d9d00000, 0x00000000e9c00000, 0x0000000100000000)
  eden space 120832K, 0% used [0x00000000d9d00000,0x00000000d9d00000,0x00000000e1300000)
  from space 8704K, 4% used [0x00000000e1300000,0x00000000e136c010,0x00000000e1b80000)
  to   space 9728K, 0% used [0x00000000e9280000,0x00000000e9280000,0x00000000e9c00000)
 ParOldGen       total 79360K, used 16281K [0x000000008d600000, 0x0000000092380000, 0x00000000d9d00000)
  object space 79360K, 20% used [0x000000008d600000,0x000000008e5e6600,0x0000000092380000)
 Metaspace       used 11853K, capacity 12131K, committed 12416K, reserved 1060864K
  class space    used 1037K, capacity 1136K, committed 1152K, reserved 1048576K
}
Event: 10.871 GC heap before
{Heap before GC invocations=8 (full 0):
 PSYoungGen      total 129536K, used 121264K [0x00000000d9d00000, 0x00000000e9c00000, 0x0000000100000000)
  eden space 120832K, 100% used [0x00000000d9d00000,0x00000000e1300000,0x00000000e1300000)
  from space 8704K, 4% used [0x00000000e1300000,0x00000000e136c010,0x00000000e1b80000)
  to   space 9728K, 0% used [0x00000000e9280000,0x00000000e9280000,0x00000000e9c00000)
 ParOldGen       total 79360K, used 16281K [0x000000008d600000, 0x0000000092380000, 0x00000000d9d00000)
  object space 79360K, 20% used [0x000000008d600000,0x000000008e5e6600,0x0000000092380000)
 Metaspace       used 11960K, capacity 12205K, committed 12416K, reserved 1060864K
  class space    used 1040K, capacity 1137K, committed 1152K, reserved 1048576K
Event: 10.891 GC heap after
Heap after GC invocations=8 (full 0):
 PSYoungGen      total 250368K, used 3633K [0x00000000d9d00000, 0x00000000e9b00000, 0x0000000100000000)
  eden space 241664K, 0% used [0x00000000d9d00000,0x00000000d9d00000,0x00000000e8900000)
  from space 8704K, 41% used [0x00000000e9280000,0x00000000e960c6d0,0x00000000e9b00000)
  to   space 9216K, 0% used [0x00000000e8900000,0x00000000e8900000,0x00000000e9200000)
 ParOldGen       total 79360K, used 16297K [0x000000008d600000, 0x0000000092380000, 0x00000000d9d00000)
  object space 79360K, 20% used [0x000000008d600000,0x000000008e5ea600,0x0000000092380000)
 Metaspace       used 11960K, capacity 12205K, committed 12416K, reserved 1060864K
  class space    used 1040K, capacity 1137K, committed 1152K, reserved 1048576K
}

Deoptimization events (10 events):
Event: 3.383 Thread 0x0000000002804000 Uncommon trap: reason=class_check action=maybe_recompile pc=0x0000000002cfe328 method=java.util.HashMap.putVal(ILjava/lang/Object;Ljava/lang/Object;ZZ)Ljava/lang/Object; @ 91
Event: 3.397 Thread 0x0000000002804000 Uncommon trap: reason=unstable_if action=reinterpret pc=0x0000000002d007fc method=java.util.HashMap.getNode(ILjava/lang/Object;)Ljava/util/HashMap$Node; @ 129
Event: 3.402 Thread 0x0000000002804000 Uncommon trap: reason=unstable_if action=reinterpret pc=0x0000000002cfeee4 method=java.util.HashMap.getNode(ILjava/lang/Object;)Ljava/util/HashMap$Node; @ 129
Event: 8.201 Thread 0x0000000002804000 Uncommon trap: reason=unstable_if action=reinterpret pc=0x0000000002f21e40 method=org.lwjgl.system.ThreadLocalUtil.setEnv(JI)V @ 53
Event: 8.201 Thread 0x0000000002804000 Uncommon trap: reason=unstable_if action=reinterpret pc=0x0000000002efaa60 method=org.lwjgl.opengl.GL$ICDStatic.set(Lorg/lwjgl/opengl/GLCapabilities;)V @ 21
Event: 8.232 Thread 0x0000000002804000 Uncommon trap: reason=unstable_if action=reinterpret pc=0x0000000002ee69fc method=net.abi.abisEngine.math.Transform.update()V @ 4
Event: 8.232 Thread 0x0000000002804000 Uncommon trap: reason=unstable_if action=reinterpret pc=0x0000000002ee16b8 method=net.abi.abisEngine.math.Transform.update()V @ 4
Event: 8.232 Thread 0x0000000002804000 Uncommon trap: reason=unstable_if action=reinterpret pc=0x0000000002ee1020 method=net.abi.abisEngine.math.Transform.update()V @ 4
Event: 10.913 Thread 0x0000000002804000 Uncommon trap: reason=unstable_if action=reinterpret pc=0x0000000002f25f00 method=java.nio.Bits.tryReserveMemory(JI)Z @ 29
Event: 12.044 Thread 0x0000000002804000 Uncommon trap: reason=predicate action=maybe_recompile pc=0x0000000002fa21a4 method=java.util.HashMap.forEach(Ljava/util/function/BiConsumer;)V @ 54

Internal exceptions (10 events):
Event: 0.731 Thread 0x0000000002804000 Exception <a 'sun/nio/fs/WindowsException'> (0x00000000da371048) thrown at [C:\re\workspace\8-2-build-windows-amd64-cygwin\jdk8u111\7883\hotspot\src\share\vm\prims\jni.cpp, line 709]
Event: 0.792 Thread 0x0000000002804000 Exception <a 'sun/nio/fs/WindowsException'> (0x00000000da4ff870) thrown at [C:\re\workspace\8-2-build-windows-amd64-cygwin\jdk8u111\7883\hotspot\src\share\vm\prims\jni.cpp, line 709]
Event: 0.792 Thread 0x0000000002804000 Exception <a 'sun/nio/fs/WindowsException'> (0x00000000da4fffc8) thrown at [C:\re\workspace\8-2-build-windows-amd64-cygwin\jdk8u111\7883\hotspot\src\share\vm\prims\jni.cpp, line 709]
Event: 0.897 Thread 0x0000000002804000 Exception <a 'sun/nio/fs/WindowsException'> (0x00000000da5a1430) thrown at [C:\re\workspace\8-2-build-windows-amd64-cygwin\jdk8u111\7883\hotspot\src\share\vm\prims\jni.cpp, line 709]
Event: 0.897 Thread 0x0000000002804000 Exception <a 'sun/nio/fs/WindowsException'> (0x00000000da5a1b38) thrown at [C:\re\workspace\8-2-build-windows-amd64-cygwin\jdk8u111\7883\hotspot\src\share\vm\prims\jni.cpp, line 709]
Event: 1.743 Thread 0x0000000002804000 Exception <a 'sun/nio/fs/WindowsException'> (0x00000000da7996a8) thrown at [C:\re\workspace\8-2-build-windows-amd64-cygwin\jdk8u111\7883\hotspot\src\share\vm\prims\jni.cpp, line 709]
Event: 1.743 Thread 0x0000000002804000 Exception <a 'sun/nio/fs/WindowsException'> (0x00000000da799e10) thrown at [C:\re\workspace\8-2-build-windows-amd64-cygwin\jdk8u111\7883\hotspot\src\share\vm\prims\jni.cpp, line 709]
Event: 1.747 Thread 0x0000000002804000 Exception <a 'sun/nio/fs/WindowsException'> (0x00000000da7aa120) thrown at [C:\re\workspace\8-2-build-windows-amd64-cygwin\jdk8u111\7883\hotspot\src\share\vm\prims\jni.cpp, line 709]
Event: 1.747 Thread 0x0000000002804000 Exception <a 'sun/nio/fs/WindowsException'> (0x00000000da7aa740) thrown at [C:\re\workspace\8-2-build-windows-amd64-cygwin\jdk8u111\7883\hotspot\src\share\vm\prims\jni.cpp, line 709]
Event: 2.043 Thread 0x0000000002804000 Exception <a 'java/io/FileNotFoundException'> (0x00000000dafdadc8) thrown at [C:\re\workspace\8-2-build-windows-amd64-cygwin\jdk8u111\7883\hotspot\src\share\vm\prims\jni.cpp, line 709]

Events (10 events):
Event: 10.915 Executing VM operation: RevokeBias done
Event: 10.915 Executing VM operation: RevokeBias
Event: 10.915 Executing VM operation: RevokeBias done
Event: 12.043 loading class net/abi/abisEngine/rendering/windowManagement/GLFWWindow
Event: 12.043 loading class net/abi/abisEngine/rendering/windowManagement/GLFWWindow done
Event: 12.043 loading class net/abi/abisEngine/rendering/windowManagement/GLFWWindow
Event: 12.043 loading class net/abi/abisEngine/rendering/windowManagement/GLFWWindow done
Event: 12.044 Thread 0x0000000002804000 Uncommon trap: trap_request=0xffffff86 fr.pc=0x0000000002fa21a4
Event: 12.044 Thread 0x0000000002804000 DEOPT PACKING pc=0x0000000002fa21a4 sp=0x00000000027ff160
Event: 12.044 Thread 0x0000000002804000 DEOPT UNPACKING pc=0x000000000295582a sp=0x00000000027ff120 mode 2


Dynamic libraries:
0x00007ff7553e0000 - 0x00007ff755417000 	C:\Program Files\Java\jre1.8.0_111\bin\javaw.exe
0x00007ffabcd70000 - 0x00007ffabcf1d000 	C:\windows\SYSTEM32\ntdll.dll
0x00007ffabad40000 - 0x00007ffabae7e000 	C:\windows\system32\KERNEL32.DLL
0x00007ffaba1c0000 - 0x00007ffaba2d5000 	C:\windows\system32\KERNELBASE.dll
0x00007ffab86c0000 - 0x00007ffab874e000 	C:\windows\system32\apphelp.dll
0x00007ffaae1e0000 - 0x00007ffaae233000 	C:\windows\AppPatch\AppPatch64\AcGenral.DLL
0x00007ffabae80000 - 0x00007ffabaf2a000 	C:\windows\system32\msvcrt.dll
0x00007ffab9f60000 - 0x00007ffab9f8e000 	C:\windows\system32\SspiCli.dll
0x00007ffaba7d0000 - 0x00007ffaba824000 	C:\windows\system32\SHLWAPI.dll
0x00007ffabaa20000 - 0x00007ffabab97000 	C:\windows\system32\USER32.dll
0x00007ffabc990000 - 0x00007ffabcb24000 	C:\windows\system32\ole32.dll
0x00007ffabb400000 - 0x00007ffabc928000 	C:\windows\system32\SHELL32.dll
0x00007ffab9330000 - 0x00007ffab9351000 	C:\windows\SYSTEM32\USERENV.dll
0x00007ffaba900000 - 0x00007ffaba9aa000 	C:\windows\system32\ADVAPI32.dll
0x00007ffaaf7c0000 - 0x00007ffaaf7de000 	C:\windows\SYSTEM32\MPR.dll
0x00007ffabb2a0000 - 0x00007ffabb3e0000 	C:\windows\system32\RPCRT4.dll
0x00007ffabcb30000 - 0x00007ffabcb89000 	C:\windows\SYSTEM32\sechost.dll
0x00007ffaba450000 - 0x00007ffaba661000 	C:\windows\SYSTEM32\combase.dll
0x00007ffabaf90000 - 0x00007ffabb0df000 	C:\windows\system32\GDI32.dll
0x00007ffab9e90000 - 0x00007ffab9ea5000 	C:\windows\SYSTEM32\profapi.dll
0x00007ffab8080000 - 0x00007ffab8132000 	C:\windows\SYSTEM32\SHCORE.dll
0x00007ffaba3f0000 - 0x00007ffaba426000 	C:\windows\system32\IMM32.DLL
0x00007ffaba670000 - 0x00007ffaba7c2000 	C:\windows\system32\MSCTF.dll
0x00007ffab72c0000 - 0x00007ffab753b000 	C:\windows\WinSxS\amd64_microsoft.windows.common-controls_6595b64144ccf1df_6.0.9600.18006_none_623f33d3ecbe86e8\COMCTL32.dll
0x000000005e7b0000 - 0x000000005e882000 	C:\Program Files\Java\jre1.8.0_111\bin\msvcr100.dll
0x000000005ea20000 - 0x000000005f2ba000 	C:\Program Files\Java\jre1.8.0_111\bin\server\jvm.dll
0x00007ffaafbe0000 - 0x00007ffaafbe9000 	C:\windows\SYSTEM32\WSOCK32.dll
0x00007ffab6e50000 - 0x00007ffab6e72000 	C:\windows\SYSTEM32\WINMM.dll
0x00007ffab7220000 - 0x00007ffab722a000 	C:\windows\SYSTEM32\VERSION.dll
0x00007ffababb0000 - 0x00007ffababb7000 	C:\windows\system32\PSAPI.DLL
0x00007ffabc930000 - 0x00007ffabc98a000 	C:\windows\system32\WS2_32.dll
0x00007ffab6de0000 - 0x00007ffab6e0a000 	C:\windows\SYSTEM32\WINMMBASE.dll
0x00007ffabb3e0000 - 0x00007ffabb3e9000 	C:\windows\system32\NSI.dll
0x00007ffab9f90000 - 0x00007ffab9fdf000 	C:\windows\SYSTEM32\cfgmgr32.dll
0x00007ffab8ae0000 - 0x00007ffab8b08000 	C:\windows\SYSTEM32\DEVOBJ.dll
0x000000005e930000 - 0x000000005e93f000 	C:\Program Files\Java\jre1.8.0_111\bin\verify.dll
0x000000005e900000 - 0x000000005e929000 	C:\Program Files\Java\jre1.8.0_111\bin\java.dll
0x000000005e8e0000 - 0x000000005e8f6000 	C:\Program Files\Java\jre1.8.0_111\bin\zip.dll
0x000000005e8c0000 - 0x000000005e8da000 	C:\Program Files\Java\jre1.8.0_111\bin\net.dll
0x00007ffab9690000 - 0x00007ffab96e9000 	C:\windows\system32\mswsock.dll
0x000000005e8a0000 - 0x000000005e8b1000 	C:\Program Files\Java\jre1.8.0_111\bin\nio.dll
0x00007ffaad400000 - 0x00007ffaad464000 	C:\Users\abinash\AppData\Local\Temp\lwjglabinash\3.2.3-build-13\lwjgl.dll
0x00007ffaa2b20000 - 0x00007ffaa2d73000 	C:\Users\abinash\AppData\Local\Temp\lwjglabinash\3.2.3-build-13\jemalloc.dll
0x00007ffaaafc0000 - 0x00007ffaab022000 	C:\Users\abinash\AppData\Local\Temp\lwjglabinash\3.2.3-build-13\glfw.dll
0x00007ffab8910000 - 0x00007ffab8a39000 	C:\windows\system32\uxtheme.dll
0x00007ffaae190000 - 0x00007ffaae1d2000 	C:\windows\SYSTEM32\dinput8.dll
0x00007ffab1a90000 - 0x00007ffab1a9d000 	C:\windows\SYSTEM32\xinput1_4.dll
0x00007ffab7b90000 - 0x00007ffab7bb1000 	C:\windows\SYSTEM32\dwmapi.dll
0x00007ffab8e90000 - 0x00007ffab8e9d000 	C:\windows\SYSTEM32\HID.DLL
0x00007ffabcb90000 - 0x00007ffabcd6a000 	C:\windows\system32\SETUPAPI.DLL
0x00007ffaba2e0000 - 0x00007ffaba331000 	C:\windows\system32\WINTRUST.dll
0x00007ffab9fe0000 - 0x00007ffaba1bf000 	C:\windows\system32\CRYPT32.dll
0x00007ffab9f40000 - 0x00007ffab9f51000 	C:\windows\system32\MSASN1.dll
0x00007ffab98b0000 - 0x00007ffab98d0000 	C:\windows\SYSTEM32\CRYPTSP.dll
0x00007ffab93a0000 - 0x00007ffab93d6000 	C:\windows\system32\rsaenh.dll
0x00007ffab9a50000 - 0x00007ffab9a76000 	C:\windows\SYSTEM32\bcrypt.dll
0x00007ffab9c90000 - 0x00007ffab9cf3000 	C:\windows\system32\bcryptprimitives.dll
0x00007ffab9d00000 - 0x00007ffab9d0b000 	C:\windows\SYSTEM32\CRYPTBASE.dll
0x00007ffab4f30000 - 0x00007ffab4f5a000 	C:\windows\SYSTEM32\IPHLPAPI.DLL
0x00007ffab4f20000 - 0x00007ffab4f2a000 	C:\windows\SYSTEM32\WINNSI.DLL
0x00007ffab4c20000 - 0x00007ffab4c36000 	C:\windows\SYSTEM32\dhcpcsvc6.DLL
0x00007ffab4c00000 - 0x00007ffab4c1a000 	C:\windows\SYSTEM32\dhcpcsvc.DLL
0x00007ffaad8b0000 - 0x00007ffaad9db000 	C:\windows\SYSTEM32\opengl32.dll
0x00007ffab26b0000 - 0x00007ffab26de000 	C:\windows\SYSTEM32\GLU32.dll
0x00007ffaaa7b0000 - 0x00007ffaaa8a8000 	C:\windows\SYSTEM32\DDRAW.dll
0x00007ffab35c0000 - 0x00007ffab35c9000 	C:\windows\SYSTEM32\DCIMAN32.dll
0x00007ffab05a0000 - 0x00007ffab05b8000 	C:\windows\SYSTEM32\atig6pxx.dll
0x000000005c4d0000 - 0x000000005e2cd000 	C:\windows\SYSTEM32\atio6axx.dll
0x00007ffaa7590000 - 0x00007ffaa76d1000 	C:\windows\SYSTEM32\atiadlxx.dll
0x00007ffab5480000 - 0x00007ffab55ff000 	C:\windows\SYSTEM32\PROPSYS.dll
0x00007ffab6b00000 - 0x00007ffab6b12000 	C:\windows\SYSTEM32\WTSAPI32.dll
0x00007ffaba830000 - 0x00007ffaba8f6000 	C:\windows\system32\OLEAUT32.dll
0x00007ffaae5c0000 - 0x00007ffaae5ec000 	C:\windows\SYSTEM32\atig6txx.dll
0x00007ffab8b10000 - 0x00007ffab8b1b000 	C:\windows\SYSTEM32\kernel.appcore.dll
0x00007ffaaaef0000 - 0x00007ffaaaf49000 	C:\Users\abinash\AppData\Local\Temp\lwjglabinash\3.2.3-build-13\lwjgl_opengl.dll
0x000000005e3e0000 - 0x000000005e578000 	C:\Program Files\Java\jre1.8.0_111\bin\awt.dll
0x000000005e770000 - 0x000000005e7a1000 	C:\Program Files\Java\jre1.8.0_111\bin\jpeg.dll
0x00007ffababc0000 - 0x00007ffabac76000 	C:\windows\SYSTEM32\clbcatq.dll
0x00007ffaaa8b0000 - 0x00007ffaaaa39000 	C:\windows\SYSTEM32\dbghelp.dll

VM Arguments:
jvm_args: -Dfile.encoding=UTF-8 
java_command: tests.game.Start
java_class_path (initial): C:\Users\abinash\Desktop\Programing\Java Game Engine\AbisEngine2\target\classes;C:\Users\abinash\Desktop\Programing\Java Game Engine\AbisEngine2\lib\jar\commons-cli-1.4.jar;C:\Users\abinash\.m2\repository\org\lwjgl\lwjgl\3.2.3\lwjgl-3.2.3.jar;C:\Users\abinash\.m2\repository\org\lwjgl\lwjgl-assimp\3.2.3\lwjgl-assimp-3.2.3.jar;C:\Users\abinash\.m2\repository\org\lwjgl\lwjgl-bgfx\3.2.3\lwjgl-bgfx-3.2.3.jar;C:\Users\abinash\.m2\repository\org\lwjgl\lwjgl-cuda\3.2.3\lwjgl-cuda-3.2.3.jar;C:\Users\abinash\.m2\repository\org\lwjgl\lwjgl-egl\3.2.3\lwjgl-egl-3.2.3.jar;C:\Users\abinash\.m2\repository\org\lwjgl\lwjgl-glfw\3.2.3\lwjgl-glfw-3.2.3.jar;C:\Users\abinash\.m2\repository\org\lwjgl\lwjgl-jawt\3.2.3\lwjgl-jawt-3.2.3.jar;C:\Users\abinash\.m2\repository\org\lwjgl\lwjgl-jemalloc\3.2.3\lwjgl-jemalloc-3.2.3.jar;C:\Users\abinash\.m2\repository\org\lwjgl\lwjgl-libdivide\3.2.3\lwjgl-libdivide-3.2.3.jar;C:\Users\abinash\.m2\repository\org\lwjgl\lwjgl-llvm\3.2.3\lwjgl-llvm-3.2.3.jar;C:\Users\abinash\.m2\repository\org\lwjgl\lwjgl-lmdb\3.2.3\lwjgl-lmdb-3.2.3.jar;C:\Users\abinash\.m2\repository\org\lwjgl\lwjgl-lz4\3.2.3\lwjgl-lz4-3.2.3.jar;C:\Users\abinash\.m2\repository\org\lwjgl\lwjgl-meow\3.2.3\lwjgl-meow-3.2.3.jar;C:\Users\abinash\.m2\repository\org\lwjgl\lwjgl-nanovg\3.2.3\lwjgl-nanovg-3.2.3.jar;C:\Users\abinash\.m2\repository\org\lwjgl\lwjgl-nfd\3.2.3\lwjgl-nfd-3.2.3.jar;C:\Users\abinash\.m2\repository\org\lwjgl\lwjgl-nuklear\3.2.3\lwjgl-nuklear-3.2.3.jar;C:\Users\abinash\.m2\repository\org\lwjgl\lwjgl-odbc\3.2.3\lwjgl-odbc-3.2.3.jar;C:\Users\abinash\.m2\repository\org\lwjgl\lwjgl-openal\3.2.3\lwjgl-openal-3.2.3.jar;C:\Users\abinash\.m2\repository\org\lwjgl\lwjgl-opencl\3.2.3\lwjgl-opencl-3.2.3.jar;C:\Users\abinash\.m2\repository\org\lwjgl\lwjgl-opengl\3.2.3\lwjgl-opengl-3.2.3.jar;C:\Users\abinash\.m2\repository\org\lwjgl\lwjgl-opengles\3.2.3\lwjgl-opengles-3.2.3.jar;C:\Users\abinash\.m2\repository\org\lwjgl\lwjgl-openvr\3.2.3\lwjgl-openvr-3.2.3.ja
Launcher Type: SUN_STANDARD

Environment Variables:
PATH=C:/Program Files/Java/jre1.8.0_111/bin/server;C:/Program Files/Java/jre1.8.0_111/bin;C:/Program Files/Java/jre1.8.0_111/lib/amd64;C:\Program Files (x86)\Common Files\Oracle\Java\javapath;C:\ProgramData\Oracle\Java\javapath;C:\windows\system32;C:\windows;C:\windows\System32\Wbem;C:\windows\System32\WindowsPowerShell\v1.0\;C:\Program Files (x86)\ATI Technologies\ATI.ACE\Core-Static;C:\Program Files (x86)\Windows Live\Shared;C:\Program Files (x86)\AMD\ATI.ACE\Core-Static;C:\Program Files (x86)\QuickTime\QTSystem\;C:\Program Files\nodejs\;C:\Program Files\Microsoft VS Code\bin;C:\Program Files\PuTTY\;C:\Program Files\Git\cmd;C:\Program Files\Git\mingw64\bin;C:\Program Files\Git\usr\bin;C:\Go\bin;C:\Program Files\dotnet\;C:\Program Files (x86)\Bitvise SSH Client;C:\Program Files\Git LFS;C:\Users\abinash\AppData\Local\Programs\Python\Python35\Scripts\;C:\Users\abinash\AppData\Local\Programs\Python\Python35\;C:\Users\abinash\AppData\Local\Programs\Python\Python35-32\Scripts\;C:\Users\abinash\AppData\Local\Programs\Python\Python35-32\;C:\Users\abinash\Documents\gocode\bin;C:\Users\abinash\AppData\Local\GitHubDesktop\bin;C:\Users\abinash\AppData\Local\atom\bin;C:\Program Files (x86)\Nmap;C:\Program Files\Microsoft VS Code\bin;C:\Users\abinash\AppData\Roaming\npm;C:\Users\abinash\go\bin;C:\Users\abinash\eclipse\java-2018-09\eclipse;
USERNAME=abinash
OS=Windows_NT
PROCESSOR_IDENTIFIER=AMD64 Family 21 Model 19 Stepping 1, AuthenticAMD



---------------  S Y S T E M  ---------------

OS: Windows 8.1 , 64 bit Build 9600 (6.3.9600.17415)

CPU:total 4 (4 cores per cpu, 1 threads per core) family 21 model 19 stepping 1, cmov, cx8, fxsr, mmx, sse, sse2, sse3, ssse3, sse4.1, sse4.2, popcnt, avx, aes, clmul, mmxext, 3dnowpref, lzcnt, sse4a, tsc, tscinvbit, tscinv, bmi1

Memory: 4k page, physical 7509188k(1993832k free), swap 15373508k(8556208k free)

vm_info: Java HotSpot(TM) 64-Bit Server VM (25.111-b14) for windows-amd64 JRE (1.8.0_111-b14), built on Sep 22 2016 19:24:05 by "java_re" with MS VC++ 10.0 (VS2010)

time: Sat Nov 02 12:03:00 2019
elapsed time: 12 seconds (0d 0h 0m 12s)

