#
# A fatal error has been detected by the Java Runtime Environment:
#
#  EXCEPTION_ACCESS_VIOLATION (0xc0000005) at pc=0x00007ffaaae9c530, pid=2436, tid=0x0000000000001d78
#
# JRE version: Java(TM) SE Runtime Environment (8.0_111-b14) (build 1.8.0_111-b14)
# Java VM: Java HotSpot(TM) 64-Bit Server VM (25.111-b14 mixed mode windows-amd64 compressed oops)
# Problematic frame:
# C  [lwjgl.dll+0x1c530]
#
# Failed to write core dump. Minidumps are not enabled by default on client versions of Windows
#
# If you would like to submit a bug report, please visit:
#   http://bugreport.java.com/bugreport/crash.jsp
# The crash happened outside the Java Virtual Machine in native code.
# See problematic frame for where to report the bug.
#

---------------  T H R E A D  ---------------

Current thread (0x0000000002654000):  JavaThread "main" [_thread_in_native, id=7544, stack(0x0000000002540000,0x0000000002640000)]

siginfo: ExceptionCode=0xc0000005, reading address 0x000000001df70020

Registers:
RAX=0x00007ffaaae999d0, RBX=0x00000000167c7758, RCX=0x000000001df70000, RDX=0x000000000263f168
RSP=0x000000000263f0d8, RBP=0x000000000263f158, RSI=0x0000000000000108, RDI=0x0000000000000659
R8 =0x000000001df70000, R9 =0x000000008e5ee9b8, R10=0x0000000002767908, R11=0x000000005df0b580
R12=0x0000000000000000, R13=0x00000000167c7758, R14=0x000000000263f180, R15=0x0000000002654000
RIP=0x00007ffaaae9c530, EFLAGS=0x0000000000010206

Top of Stack: (sp=0x000000000263f0d8)
0x000000000263f0d8:   0000000002767934 000000001663c140
0x000000000263f0e8:   0000000002654000 000000001663c140
0x000000000263f0f8:   0000000002654000 fffffffe00000000
0x000000000263f108:   0000000000000000 0000000000000000
0x000000000263f118:   000000000263f118 0000000000000000
0x000000000263f128:   000000000263f180 00000000167c9098
0x000000000263f138:   0000000000000000 00000000167c7758
0x000000000263f148:   0000000000000000 000000000263f178
0x000000000263f158:   000000000263f1c8 0000000002757e70
0x000000000263f168:   000000008e5edc30 00000000027619d7
0x000000000263f178:   000000001df70000 0000000000000001
0x000000000263f188:   000000000263f188 00000000167c77fc
0x000000000263f198:   000000000263f1e0 00000000167c9098
0x000000000263f1a8:   0000000000000000 00000000167c7828
0x000000000263f1b8:   000000000263f178 000000000263f1d8
0x000000000263f1c8:   000000000263f228 0000000002757e70 

Instructions: (pc=0x00007ffaaae9c530)
0x00007ffaaae9c510:   8d 41 08 49 89 00 0f b7 01 c3 cc cc cc cc cc cc
0x00007ffaaae9c520:   ba 28 00 00 00 e9 e6 00 00 00 cc cc cc cc cc cc
0x00007ffaaae9c530:   48 8b 41 20 c3 cc cc cc cc cc cc cc cc cc cc cc
0x00007ffaaae9c540:   4c 89 41 18 4c 89 49 20 c3 cc cc cc cc cc cc cc 


Register to memory mapping:

RAX=0x00007ffaaae999d0 is an unknown value
RBX={method} {0x00000000167c7760} 'ndcbGetUserData' '(J)J' in 'org/lwjgl/system/dyncall/DynCallback'
RCX=0x000000001df70000 is an unknown value
RDX=0x000000000263f168 is pointing into the stack for thread: 0x0000000002654000
RSP=0x000000000263f0d8 is pointing into the stack for thread: 0x0000000002654000
RBP=0x000000000263f158 is pointing into the stack for thread: 0x0000000002654000
RSI=0x0000000000000108 is an unknown value
RDI=0x0000000000000659 is an unknown value
R8 =0x000000001df70000 is an unknown value
R9 =0x000000008e5ee9b8 is an oop
java.lang.Class 
 - klass: 'java/lang/Class'
R10=0x0000000002767908 is at code_begin+840 in an Interpreter codelet
method entry point (kind = native)  [0x00000000027675c0, 0x0000000002767f20]  2400 bytes
R11=0x000000005df0b580 is an unknown value
R12=0x0000000000000000 is an unknown value
R13={method} {0x00000000167c7760} 'ndcbGetUserData' '(J)J' in 'org/lwjgl/system/dyncall/DynCallback'
R14=0x000000000263f180 is pointing into the stack for thread: 0x0000000002654000
R15=0x0000000002654000 is a thread


Stack: [0x0000000002540000,0x0000000002640000],  sp=0x000000000263f0d8,  free space=1020k
Native frames: (J=compiled Java code, j=interpreted, Vv=VM code, C=native code)
C  [lwjgl.dll+0x1c530]

Java frames: (J=compiled Java code, j=interpreted, Vv=VM code)
j  org.lwjgl.system.dyncall.DynCallback.ndcbGetUserData(J)J+0
j  org.lwjgl.system.dyncall.DynCallback.dcbGetUserData(J)J+12
j  org.lwjgl.system.Callback.free(J)V+12
j  org.lwjgl.glfw.Callbacks.glfwFreeCallbacks(J)V+165
j  com.base.engine.rendering.windowManagement.GLFWWindow.dispose()V+78
j  com.base.engine.rendering.windowManagement.GLFWWindowManager.lambda$1(Ljava/lang/String;Lcom/base/engine/rendering/windowManagement/GLFWWindow;)V+1
j  com.base.engine.rendering.windowManagement.GLFWWindowManager$$Lambda$21.accept(Ljava/lang/Object;Ljava/lang/Object;)V+8
j  java.util.HashMap.forEach(Ljava/util/function/BiConsumer;)V+65
j  com.base.engine.rendering.windowManagement.GLFWWindowManager.destroyAll()V+8
j  com.base.engine.core.CoreEngine.cleanUp()V+0
j  com.base.engine.core.CoreEngine.run()V+228
j  com.base.engine.core.CoreEngine.start()V+9
j  com.base.engine.core.Main.run([Ljava/lang/String;)V+370
j  tests.game.Start.run([Ljava/lang/String;)V+2
j  tests.game.Start.main([Ljava/lang/String;)V+14
v  ~StubRoutines::call_stub

---------------  P R O C E S S  ---------------

Java Threads: ( => current thread )
  0x0000000019180800 JavaThread "Java2D Disposer" daemon [_thread_blocked, id=9960, stack(0x0000000019ed0000,0x0000000019fd0000)]
  0x0000000018519000 JavaThread "Service Thread" daemon [_thread_blocked, id=5264, stack(0x00000000188e0000,0x00000000189e0000)]
  0x0000000016bc4000 JavaThread "C1 CompilerThread2" daemon [_thread_blocked, id=6444, stack(0x00000000183e0000,0x00000000184e0000)]
  0x0000000016bb9000 JavaThread "C2 CompilerThread1" daemon [_thread_in_native, id=4908, stack(0x00000000182e0000,0x00000000183e0000)]
  0x0000000016bb2800 JavaThread "C2 CompilerThread0" daemon [_thread_blocked, id=8528, stack(0x00000000181e0000,0x00000000182e0000)]
  0x0000000016baf000 JavaThread "Attach Listener" daemon [_thread_blocked, id=1860, stack(0x00000000180e0000,0x00000000181e0000)]
  0x0000000016bad800 JavaThread "Signal Dispatcher" daemon [_thread_blocked, id=1848, stack(0x0000000017fe0000,0x00000000180e0000)]
  0x0000000016b9a800 JavaThread "Finalizer" daemon [_thread_blocked, id=4460, stack(0x0000000017e00000,0x0000000017f00000)]
  0x0000000002742800 JavaThread "Reference Handler" daemon [_thread_blocked, id=10808, stack(0x0000000017d00000,0x0000000017e00000)]
=>0x0000000002654000 JavaThread "main" [_thread_in_native, id=7544, stack(0x0000000002540000,0x0000000002640000)]

Other Threads:
  0x0000000016b78000 VMThread [stack: 0x0000000017c00000,0x0000000017d00000] [id=10084]
  0x000000001851f000 WatcherThread [stack: 0x00000000189e0000,0x0000000018ae0000] [id=7844]

VM state:not at safepoint (normal execution)

VM Mutex/Monitor currently owned by a thread: None

Heap:
 PSYoungGen      total 130048K, used 12744K [0x00000000d9d00000, 0x00000000e9c00000, 0x0000000100000000)
  eden space 120832K, 10% used [0x00000000d9d00000,0x00000000da8fa010,0x00000000e1300000)
  from space 9216K, 5% used [0x00000000e1300000,0x00000000e1378000,0x00000000e1c00000)
  to   space 9728K, 0% used [0x00000000e9280000,0x00000000e9280000,0x00000000e9c00000)
 ParOldGen       total 79360K, used 17389K [0x000000008d600000, 0x0000000092380000, 0x00000000d9d00000)
  object space 79360K, 21% used [0x000000008d600000,0x000000008e6fb790,0x0000000092380000)
 Metaspace       used 11724K, capacity 11927K, committed 12160K, reserved 1060864K
  class space    used 1034K, capacity 1134K, committed 1152K, reserved 1048576K

Card table byte_map: [0x0000000011b10000,0x0000000011eb0000] byte_map_base: 0x00000000116a5000

Marking Bits: (ParMarkBitMap*) 0x000000005e4fa6c0
 Begin Bits: [0x0000000012520000, 0x00000000141c8000)
 End Bits:   [0x00000000141c8000, 0x0000000015e70000)

Polling page: 0x0000000000d70000

CodeCache: size=245760Kb used=5527Kb max_used=5527Kb free=240232Kb
 bounds [0x0000000002750000, 0x0000000002cc0000, 0x0000000011750000]
 total_blobs=2306 nmethods=1380 adapters=840
 compilation: enabled

Compilation events (10 events):
Event: 12.468 Thread 0x0000000016bb2800 1383 %     4       java.lang.String::indexOf @ 69 (166 bytes)
Event: 12.474 Thread 0x0000000016bb2800 nmethod 1383% 0x0000000002c93b90 code [0x0000000002c93ce0, 0x0000000002c940b8]
Event: 12.478 Thread 0x0000000016bc4000 nmethod 1377 0x0000000002ca2610 code [0x0000000002ca3040, 0x0000000002cac1b8]
Event: 12.478 Thread 0x0000000016bc4000 1378       3       java.util.Calendar::getDisplayName (154 bytes)
Event: 12.479 Thread 0x0000000016bc4000 nmethod 1378 0x0000000002c971d0 code [0x0000000002c97440, 0x0000000002c98368]
Event: 12.480 Thread 0x0000000016bc4000 1379       3       java.util.Calendar::checkDisplayNameParams (61 bytes)
Event: 12.480 Thread 0x0000000016bc4000 nmethod 1379 0x0000000002c9c4d0 code [0x0000000002c9c680, 0x0000000002c9cc18]
Event: 12.480 Thread 0x0000000016bc4000 1380       3       java.text.DontCareFieldPosition$1::formatted (1 bytes)
Event: 12.480 Thread 0x0000000016bc4000 nmethod 1380 0x0000000002c96e90 code [0x0000000002c96fe0, 0x0000000002c97130]
Event: 12.480 Thread 0x0000000016bc4000 1376   !   3       java.text.SimpleDateFormat::zeroPaddingNumber (270 bytes)

GC Heap History (10 events):
Event: 4.616 GC heap before
{Heap before GC invocations=3 (full 0):
 PSYoungGen      total 34816K, used 33499K [0x00000000d9d00000, 0x00000000de100000, 0x0000000100000000)
  eden space 30208K, 100% used [0x00000000d9d00000,0x00000000dba80000,0x00000000dba80000)
  from space 4608K, 71% used [0x00000000dbf00000,0x00000000dc236c20,0x00000000dc380000)
  to   space 4608K, 0% used [0x00000000dba80000,0x00000000dba80000,0x00000000dbf00000)
 ParOldGen       total 79360K, used 2095K [0x000000008d600000, 0x0000000092380000, 0x00000000d9d00000)
  object space 79360K, 2% used [0x000000008d600000,0x000000008d80bfd8,0x0000000092380000)
 Metaspace       used 11245K, capacity 11433K, committed 11648K, reserved 1060864K
  class space    used 1013K, capacity 1097K, committed 1152K, reserved 1048576K
Event: 4.625 GC heap after
Heap after GC invocations=3 (full 0):
 PSYoungGen      total 34816K, used 4537K [0x00000000d9d00000, 0x00000000de100000, 0x0000000100000000)
  eden space 30208K, 0% used [0x00000000d9d00000,0x00000000d9d00000,0x00000000dba80000)
  from space 4608K, 98% used [0x00000000dba80000,0x00000000dbeee5f8,0x00000000dbf00000)
  to   space 4608K, 0% used [0x00000000ddc80000,0x00000000ddc80000,0x00000000de100000)
 ParOldGen       total 79360K, used 2103K [0x000000008d600000, 0x0000000092380000, 0x00000000d9d00000)
  object space 79360K, 2% used [0x000000008d600000,0x000000008d80dfd8,0x0000000092380000)
 Metaspace       used 11245K, capacity 11433K, committed 11648K, reserved 1060864K
  class space    used 1013K, capacity 1097K, committed 1152K, reserved 1048576K
}
Event: 4.681 GC heap before
{Heap before GC invocations=4 (full 0):
 PSYoungGen      total 34816K, used 34745K [0x00000000d9d00000, 0x00000000de100000, 0x0000000100000000)
  eden space 30208K, 100% used [0x00000000d9d00000,0x00000000dba80000,0x00000000dba80000)
  from space 4608K, 98% used [0x00000000dba80000,0x00000000dbeee5f8,0x00000000dbf00000)
  to   space 4608K, 0% used [0x00000000ddc80000,0x00000000ddc80000,0x00000000de100000)
 ParOldGen       total 79360K, used 2103K [0x000000008d600000, 0x0000000092380000, 0x00000000d9d00000)
  object space 79360K, 2% used [0x000000008d600000,0x000000008d80dfd8,0x0000000092380000)
 Metaspace       used 11247K, capacity 11433K, committed 11648K, reserved 1060864K
  class space    used 1013K, capacity 1097K, committed 1152K, reserved 1048576K
Event: 4.699 GC heap after
Heap after GC invocations=4 (full 0):
 PSYoungGen      total 65024K, used 4585K [0x00000000d9d00000, 0x00000000de100000, 0x0000000100000000)
  eden space 60416K, 0% used [0x00000000d9d00000,0x00000000d9d00000,0x00000000dd800000)
  from space 4608K, 99% used [0x00000000ddc80000,0x00000000de0fa458,0x00000000de100000)
  to   space 4608K, 0% used [0x00000000dd800000,0x00000000dd800000,0x00000000ddc80000)
 ParOldGen       total 79360K, used 3439K [0x000000008d600000, 0x0000000092380000, 0x00000000d9d00000)
  object space 79360K, 4% used [0x000000008d600000,0x000000008d95bff8,0x0000000092380000)
 Metaspace       used 11247K, capacity 11433K, committed 11648K, reserved 1060864K
  class space    used 1013K, capacity 1097K, committed 1152K, reserved 1048576K
}
Event: 4.797 GC heap before
{Heap before GC invocations=5 (full 0):
 PSYoungGen      total 65024K, used 65001K [0x00000000d9d00000, 0x00000000de100000, 0x0000000100000000)
  eden space 60416K, 100% used [0x00000000d9d00000,0x00000000dd800000,0x00000000dd800000)
  from space 4608K, 99% used [0x00000000ddc80000,0x00000000de0fa458,0x00000000de100000)
  to   space 4608K, 0% used [0x00000000dd800000,0x00000000dd800000,0x00000000ddc80000)
 ParOldGen       total 79360K, used 3439K [0x000000008d600000, 0x0000000092380000, 0x00000000d9d00000)
  object space 79360K, 4% used [0x000000008d600000,0x000000008d95bff8,0x0000000092380000)
 Metaspace       used 11247K, capacity 11433K, committed 11648K, reserved 1060864K
  class space    used 1013K, capacity 1097K, committed 1152K, reserved 1048576K
Event: 4.822 GC heap after
Heap after GC invocations=5 (full 0):
 PSYoungGen      total 65024K, used 4606K [0x00000000d9d00000, 0x00000000e2500000, 0x0000000100000000)
  eden space 60416K, 0% used [0x00000000d9d00000,0x00000000d9d00000,0x00000000dd800000)
  from space 4608K, 99% used [0x00000000dd800000,0x00000000ddc7fb78,0x00000000ddc80000)
  to   space 9216K, 0% used [0x00000000e1c00000,0x00000000e1c00000,0x00000000e2500000)
 ParOldGen       total 79360K, used 6951K [0x000000008d600000, 0x0000000092380000, 0x00000000d9d00000)
  object space 79360K, 8% used [0x000000008d600000,0x000000008dcc9ff8,0x0000000092380000)
 Metaspace       used 11247K, capacity 11433K, committed 11648K, reserved 1060864K
  class space    used 1013K, capacity 1097K, committed 1152K, reserved 1048576K
}
Event: 5.608 GC heap before
{Heap before GC invocations=6 (full 0):
 PSYoungGen      total 65024K, used 65022K [0x00000000d9d00000, 0x00000000e2500000, 0x0000000100000000)
  eden space 60416K, 100% used [0x00000000d9d00000,0x00000000dd800000,0x00000000dd800000)
  from space 4608K, 99% used [0x00000000dd800000,0x00000000ddc7fb78,0x00000000ddc80000)
  to   space 9216K, 0% used [0x00000000e1c00000,0x00000000e1c00000,0x00000000e2500000)
 ParOldGen       total 79360K, used 6951K [0x000000008d600000, 0x0000000092380000, 0x00000000d9d00000)
  object space 79360K, 8% used [0x000000008d600000,0x000000008dcc9ff8,0x0000000092380000)
 Metaspace       used 11541K, capacity 11787K, committed 11904K, reserved 1060864K
  class space    used 1028K, capacity 1130K, committed 1152K, reserved 1048576K
Event: 5.625 GC heap after
Heap after GC invocations=6 (full 0):
 PSYoungGen      total 130048K, used 6532K [0x00000000d9d00000, 0x00000000e2500000, 0x0000000100000000)
  eden space 120832K, 0% used [0x00000000d9d00000,0x00000000d9d00000,0x00000000e1300000)
  from space 9216K, 70% used [0x00000000e1c00000,0x00000000e2261398,0x00000000e2500000)
  to   space 9216K, 0% used [0x00000000e1300000,0x00000000e1300000,0x00000000e1c00000)
 ParOldGen       total 79360K, used 15152K [0x000000008d600000, 0x0000000092380000, 0x00000000d9d00000)
  object space 79360K, 19% used [0x000000008d600000,0x000000008e4cc018,0x0000000092380000)
 Metaspace       used 11541K, capacity 11787K, committed 11904K, reserved 1060864K
  class space    used 1028K, capacity 1130K, committed 1152K, reserved 1048576K
}
Event: 9.189 GC heap before
{Heap before GC invocations=7 (full 0):
 PSYoungGen      total 130048K, used 127364K [0x00000000d9d00000, 0x00000000e2500000, 0x0000000100000000)
  eden space 120832K, 100% used [0x00000000d9d00000,0x00000000e1300000,0x00000000e1300000)
  from space 9216K, 70% used [0x00000000e1c00000,0x00000000e2261398,0x00000000e2500000)
  to   space 9216K, 0% used [0x00000000e1300000,0x00000000e1300000,0x00000000e1c00000)
 ParOldGen       total 79360K, used 15152K [0x000000008d600000, 0x0000000092380000, 0x00000000d9d00000)
  object space 79360K, 19% used [0x000000008d600000,0x000000008e4cc018,0x0000000092380000)
 Metaspace       used 11690K, capacity 11861K, committed 12160K, reserved 1060864K
  class space    used 1032K, capacity 1133K, committed 1152K, reserved 1048576K
Event: 9.202 GC heap after
Heap after GC invocations=7 (full 0):
 PSYoungGen      total 130048K, used 480K [0x00000000d9d00000, 0x00000000e9c00000, 0x0000000100000000)
  eden space 120832K, 0% used [0x00000000d9d00000,0x00000000d9d00000,0x00000000e1300000)
  from space 9216K, 5% used [0x00000000e1300000,0x00000000e1378000,0x00000000e1c00000)
  to   space 9728K, 0% used [0x00000000e9280000,0x00000000e9280000,0x00000000e9c00000)
 ParOldGen       total 79360K, used 17389K [0x000000008d600000, 0x0000000092380000, 0x00000000d9d00000)
  object space 79360K, 21% used [0x000000008d600000,0x000000008e6fb790,0x0000000092380000)
 Metaspace       used 11690K, capacity 11861K, committed 12160K, reserved 1060864K
  class space    used 1032K, capacity 1133K, committed 1152K, reserved 1048576K
}

Deoptimization events (10 events):
Event: 5.505 Thread 0x0000000002654000 Uncommon trap: reason=predicate action=maybe_recompile pc=0x0000000002a9f170 method=com.base.engine.rendering.resourceManagement.Texture.loadTexture(Ljava/lang/String;)Lcom/base/engine/rendering/resourceManagement/TextureResource; @ 84
Event: 5.721 Thread 0x0000000002654000 Uncommon trap: reason=predicate action=maybe_recompile pc=0x0000000002a9dabc method=com.base.engine.rendering.resourceManagement.Texture.loadTexture(Ljava/lang/String;)Lcom/base/engine/rendering/resourceManagement/TextureResource; @ 84
Event: 6.020 Thread 0x0000000002654000 Uncommon trap: reason=unstable_if action=reinterpret pc=0x0000000002b82178 method=com.base.engine.rendering.meshLoading.OBJModel.<init>(Ljava/lang/String;)V @ 376
Event: 6.024 Thread 0x0000000002654000 Uncommon trap: reason=class_check action=maybe_recompile pc=0x0000000002b3b350 method=java.util.HashMap.putVal(ILjava/lang/Object;Ljava/lang/Object;ZZ)Ljava/lang/Object; @ 91
Event: 6.065 Thread 0x0000000002654000 Uncommon trap: reason=class_check action=maybe_recompile pc=0x0000000002b3b350 method=java.util.HashMap.putVal(ILjava/lang/Object;Ljava/lang/Object;ZZ)Ljava/lang/Object; @ 91
Event: 6.067 Thread 0x0000000002654000 Uncommon trap: reason=class_check action=maybe_recompile pc=0x0000000002b3b350 method=java.util.HashMap.putVal(ILjava/lang/Object;Ljava/lang/Object;ZZ)Ljava/lang/Object; @ 91
Event: 6.075 Thread 0x0000000002654000 Uncommon trap: reason=class_check action=maybe_recompile pc=0x0000000002b3a3e8 method=java.util.HashMap.putVal(ILjava/lang/Object;Ljava/lang/Object;ZZ)Ljava/lang/Object; @ 91
Event: 6.086 Thread 0x0000000002654000 Uncommon trap: reason=unstable_if action=reinterpret pc=0x0000000002b3cf3c method=java.util.HashMap.getNode(ILjava/lang/Object;)Ljava/util/HashMap$Node; @ 129
Event: 6.091 Thread 0x0000000002654000 Uncommon trap: reason=unstable_if action=reinterpret pc=0x0000000002b3c9e4 method=java.util.HashMap.getNode(ILjava/lang/Object;)Ljava/util/HashMap$Node; @ 129
Event: 6.435 Thread 0x0000000002654000 Uncommon trap: reason=unstable_if action=reinterpret pc=0x0000000002b65dc0 method=com.base.engine.util.Util.toIntArray([Ljava/lang/Integer;)[I @ 25

Internal exceptions (10 events):
Event: 1.183 Thread 0x0000000002654000 Exception <a 'sun/nio/fs/WindowsException'> (0x00000000da371050) thrown at [C:\re\workspace\8-2-build-windows-amd64-cygwin\jdk8u111\7883\hotspot\src\share\vm\prims\jni.cpp, line 709]
Event: 1.396 Thread 0x0000000002654000 Exception <a 'sun/nio/fs/WindowsException'> (0x00000000da4ff878) thrown at [C:\re\workspace\8-2-build-windows-amd64-cygwin\jdk8u111\7883\hotspot\src\share\vm\prims\jni.cpp, line 709]
Event: 1.396 Thread 0x0000000002654000 Exception <a 'sun/nio/fs/WindowsException'> (0x00000000da4fffd0) thrown at [C:\re\workspace\8-2-build-windows-amd64-cygwin\jdk8u111\7883\hotspot\src\share\vm\prims\jni.cpp, line 709]
Event: 1.760 Thread 0x0000000002654000 Exception <a 'sun/nio/fs/WindowsException'> (0x00000000da5a12f8) thrown at [C:\re\workspace\8-2-build-windows-amd64-cygwin\jdk8u111\7883\hotspot\src\share\vm\prims\jni.cpp, line 709]
Event: 1.761 Thread 0x0000000002654000 Exception <a 'sun/nio/fs/WindowsException'> (0x00000000da5a1a00) thrown at [C:\re\workspace\8-2-build-windows-amd64-cygwin\jdk8u111\7883\hotspot\src\share\vm\prims\jni.cpp, line 709]
Event: 2.704 Thread 0x0000000002654000 Exception <a 'sun/nio/fs/WindowsException'> (0x00000000da6953a8) thrown at [C:\re\workspace\8-2-build-windows-amd64-cygwin\jdk8u111\7883\hotspot\src\share\vm\prims\jni.cpp, line 709]
Event: 2.704 Thread 0x0000000002654000 Exception <a 'sun/nio/fs/WindowsException'> (0x00000000da695b10) thrown at [C:\re\workspace\8-2-build-windows-amd64-cygwin\jdk8u111\7883\hotspot\src\share\vm\prims\jni.cpp, line 709]
Event: 2.710 Thread 0x0000000002654000 Exception <a 'sun/nio/fs/WindowsException'> (0x00000000da6a5e20) thrown at [C:\re\workspace\8-2-build-windows-amd64-cygwin\jdk8u111\7883\hotspot\src\share\vm\prims\jni.cpp, line 709]
Event: 2.710 Thread 0x0000000002654000 Exception <a 'sun/nio/fs/WindowsException'> (0x00000000da6a6440) thrown at [C:\re\workspace\8-2-build-windows-amd64-cygwin\jdk8u111\7883\hotspot\src\share\vm\prims\jni.cpp, line 709]
Event: 4.023 Thread 0x0000000002654000 Exception <a 'java/io/FileNotFoundException'> (0x00000000db028328) thrown at [C:\re\workspace\8-2-build-windows-amd64-cygwin\jdk8u111\7883\hotspot\src\share\vm\prims\jni.cpp, line 709]

Events (10 events):
Event: 9.210 Executing VM operation: RevokeBias
Event: 9.210 Executing VM operation: RevokeBias done
Event: 11.060 loading class java/nio/DirectByteBuffer$1
Event: 11.060 loading class java/nio/DirectByteBuffer$1 done
Event: 12.467 loading class com/base/engine/rendering/windowManagement/GLFWWindow
Event: 12.467 loading class com/base/engine/rendering/windowManagement/GLFWWindow done
Event: 12.467 loading class com/base/engine/rendering/windowManagement/GLFWWindow
Event: 12.467 loading class com/base/engine/rendering/windowManagement/GLFWWindow done
Event: 12.468 loading class org/lwjgl/glfw/Callbacks
Event: 12.468 loading class org/lwjgl/glfw/Callbacks done


Dynamic libraries:
0x00007ff7b4fa0000 - 0x00007ff7b4fd7000 	C:\Program Files\Java\jre1.8.0_111\bin\javaw.exe
0x00007ffabcd70000 - 0x00007ffabcf1d000 	C:\windows\SYSTEM32\ntdll.dll
0x00007ffabad40000 - 0x00007ffabae7e000 	C:\windows\system32\KERNEL32.DLL
0x00007ffaba1c0000 - 0x00007ffaba2d5000 	C:\windows\system32\KERNELBASE.dll
0x00007ffab86c0000 - 0x00007ffab874e000 	C:\windows\system32\apphelp.dll
0x00007ffaaaef0000 - 0x00007ffaaaf43000 	C:\windows\AppPatch\AppPatch64\AcGenral.DLL
0x00007ffabae80000 - 0x00007ffabaf2a000 	C:\windows\system32\msvcrt.dll
0x00007ffab9f60000 - 0x00007ffab9f8e000 	C:\windows\system32\SspiCli.dll
0x00007ffaba7d0000 - 0x00007ffaba824000 	C:\windows\system32\SHLWAPI.dll
0x00007ffabaa20000 - 0x00007ffabab97000 	C:\windows\system32\USER32.dll
0x00007ffabc990000 - 0x00007ffabcb24000 	C:\windows\system32\ole32.dll
0x00007ffabb400000 - 0x00007ffabc928000 	C:\windows\system32\SHELL32.dll
0x00007ffab9330000 - 0x00007ffab9351000 	C:\windows\SYSTEM32\USERENV.dll
0x00007ffaba900000 - 0x00007ffaba9aa000 	C:\windows\system32\ADVAPI32.dll
0x00007ffaaf7c0000 - 0x00007ffaaf7de000 	C:\windows\SYSTEM32\MPR.dll
0x00007ffabb2a0000 - 0x00007ffabb3e0000 	C:\windows\system32\RPCRT4.dll
0x00007ffabcb30000 - 0x00007ffabcb89000 	C:\windows\SYSTEM32\sechost.dll
0x00007ffaba450000 - 0x00007ffaba661000 	C:\windows\SYSTEM32\combase.dll
0x00007ffabaf90000 - 0x00007ffabb0df000 	C:\windows\system32\GDI32.dll
0x00007ffab9e90000 - 0x00007ffab9ea5000 	C:\windows\SYSTEM32\profapi.dll
0x00007ffab8080000 - 0x00007ffab8132000 	C:\windows\SYSTEM32\SHCORE.dll
0x00007ffaba3f0000 - 0x00007ffaba426000 	C:\windows\system32\IMM32.DLL
0x00007ffaba670000 - 0x00007ffaba7c2000 	C:\windows\system32\MSCTF.dll
0x00007ffab72c0000 - 0x00007ffab753b000 	C:\windows\WinSxS\amd64_microsoft.windows.common-controls_6595b64144ccf1df_6.0.9600.18006_none_623f33d3ecbe86e8\COMCTL32.dll
0x000000005eaa0000 - 0x000000005eb72000 	C:\Program Files\Java\jre1.8.0_111\bin\msvcr100.dll
0x000000005dce0000 - 0x000000005e57a000 	C:\Program Files\Java\jre1.8.0_111\bin\server\jvm.dll
0x00007ffaafbe0000 - 0x00007ffaafbe9000 	C:\windows\SYSTEM32\WSOCK32.dll
0x00007ffab6e50000 - 0x00007ffab6e72000 	C:\windows\SYSTEM32\WINMM.dll
0x00007ffab7220000 - 0x00007ffab722a000 	C:\windows\SYSTEM32\VERSION.dll
0x00007ffababb0000 - 0x00007ffababb7000 	C:\windows\system32\PSAPI.DLL
0x00007ffabc930000 - 0x00007ffabc98a000 	C:\windows\system32\WS2_32.dll
0x00007ffab6de0000 - 0x00007ffab6e0a000 	C:\windows\SYSTEM32\WINMMBASE.dll
0x00007ffabb3e0000 - 0x00007ffabb3e9000 	C:\windows\system32\NSI.dll
0x00007ffab9f90000 - 0x00007ffab9fdf000 	C:\windows\SYSTEM32\cfgmgr32.dll
0x00007ffab8ae0000 - 0x00007ffab8b08000 	C:\windows\SYSTEM32\DEVOBJ.dll
0x000000005f1d0000 - 0x000000005f1df000 	C:\Program Files\Java\jre1.8.0_111\bin\verify.dll
0x000000005f1a0000 - 0x000000005f1c9000 	C:\Program Files\Java\jre1.8.0_111\bin\java.dll
0x000000005f180000 - 0x000000005f196000 	C:\Program Files\Java\jre1.8.0_111\bin\zip.dll
0x000000005f160000 - 0x000000005f17a000 	C:\Program Files\Java\jre1.8.0_111\bin\net.dll
0x00007ffab9690000 - 0x00007ffab96e9000 	C:\windows\system32\mswsock.dll
0x000000005f140000 - 0x000000005f151000 	C:\Program Files\Java\jre1.8.0_111\bin\nio.dll
0x00007ffaaae80000 - 0x00007ffaaaee4000 	C:\Users\abinash\AppData\Local\Temp\lwjglabinash\3.2.3-build-13\lwjgl.dll
0x00007ffaa2b20000 - 0x00007ffaa2d73000 	C:\Users\abinash\AppData\Local\Temp\lwjglabinash\3.2.3-build-13\jemalloc.dll
0x00007ffaaa1b0000 - 0x00007ffaaa212000 	C:\Users\abinash\AppData\Local\Temp\lwjglabinash\3.2.3-build-13\glfw.dll
0x00007ffab8910000 - 0x00007ffab8a39000 	C:\windows\system32\uxtheme.dll
0x00007ffaad570000 - 0x00007ffaad5b2000 	C:\windows\SYSTEM32\dinput8.dll
0x00007ffab1740000 - 0x00007ffab174d000 	C:\windows\SYSTEM32\xinput1_4.dll
0x00007ffab7b90000 - 0x00007ffab7bb1000 	C:\windows\SYSTEM32\dwmapi.dll
0x00007ffab8e90000 - 0x00007ffab8e9d000 	C:\windows\SYSTEM32\HID.DLL
0x00007ffabcb90000 - 0x00007ffabcd6a000 	C:\windows\system32\SETUPAPI.DLL
0x00007ffaba2e0000 - 0x00007ffaba331000 	C:\windows\system32\WINTRUST.dll
0x00007ffab9fe0000 - 0x00007ffaba1bf000 	C:\windows\system32\CRYPT32.dll
0x00007ffab9f40000 - 0x00007ffab9f51000 	C:\windows\system32\MSASN1.dll
0x00007ffaad8b0000 - 0x00007ffaad9db000 	C:\windows\SYSTEM32\opengl32.dll
0x00007ffab26b0000 - 0x00007ffab26de000 	C:\windows\SYSTEM32\GLU32.dll
0x00007ffaaa7b0000 - 0x00007ffaaa8a8000 	C:\windows\SYSTEM32\DDRAW.dll
0x00007ffab35c0000 - 0x00007ffab35c9000 	C:\windows\SYSTEM32\DCIMAN32.dll
0x00007ffaaec50000 - 0x00007ffaaec68000 	C:\windows\SYSTEM32\atig6pxx.dll
0x000000005bee0000 - 0x000000005dcdd000 	C:\windows\SYSTEM32\atio6axx.dll
0x00007ffaa8580000 - 0x00007ffaa86c1000 	C:\windows\SYSTEM32\atiadlxx.dll
0x00007ffab5480000 - 0x00007ffab55ff000 	C:\windows\SYSTEM32\PROPSYS.dll
0x00007ffab6b00000 - 0x00007ffab6b12000 	C:\windows\SYSTEM32\WTSAPI32.dll
0x00007ffab4f30000 - 0x00007ffab4f5a000 	C:\windows\SYSTEM32\IPHLPAPI.DLL
0x00007ffaba830000 - 0x00007ffaba8f6000 	C:\windows\system32\OLEAUT32.dll
0x00007ffab4f20000 - 0x00007ffab4f2a000 	C:\windows\SYSTEM32\WINNSI.DLL
0x00007ffaae710000 - 0x00007ffaae73c000 	C:\windows\SYSTEM32\atig6txx.dll
0x00007ffab8b10000 - 0x00007ffab8b1b000 	C:\windows\SYSTEM32\kernel.appcore.dll
0x00007ffab9d00000 - 0x00007ffab9d0b000 	C:\windows\SYSTEM32\CRYPTBASE.dll
0x00007ffab9c90000 - 0x00007ffab9cf3000 	C:\windows\SYSTEM32\bcryptPrimitives.dll
0x00007ffaa99e0000 - 0x00007ffaa9a39000 	C:\Users\abinash\AppData\Local\Temp\lwjglabinash\3.2.3-build-13\lwjgl_opengl.dll
0x00007ffab98b0000 - 0x00007ffab98d0000 	C:\windows\SYSTEM32\CRYPTSP.dll
0x00007ffab93a0000 - 0x00007ffab93d6000 	C:\windows\system32\rsaenh.dll
0x00007ffab9a50000 - 0x00007ffab9a76000 	C:\windows\SYSTEM32\bcrypt.dll
0x00007ffab4c20000 - 0x00007ffab4c36000 	C:\windows\SYSTEM32\dhcpcsvc6.DLL
0x00007ffab4c00000 - 0x00007ffab4c1a000 	C:\windows\SYSTEM32\dhcpcsvc.DLL
0x000000005efa0000 - 0x000000005f138000 	C:\Program Files\Java\jre1.8.0_111\bin\awt.dll
0x000000005ea60000 - 0x000000005ea91000 	C:\Program Files\Java\jre1.8.0_111\bin\jpeg.dll
0x00007ffababc0000 - 0x00007ffabac76000 	C:\windows\SYSTEM32\clbcatq.dll
0x00007ffaaa8b0000 - 0x00007ffaaaa39000 	C:\windows\SYSTEM32\dbghelp.dll

VM Arguments:
jvm_args: -Dfile.encoding=UTF-8 
java_command: tests.game.Start
java_class_path (initial): C:\Users\abinash\Desktop\Programing\Java Game Engine\AbisEngine2\target\classes;C:\Users\abinash\Desktop\Programing\Java Game Engine\AbisEngine2\lib\jar\commons-cli-1.4.jar;C:\Users\abinash\.m2\repository\org\lwjgl\lwjgl\3.2.3\lwjgl-3.2.3.jar;C:\Users\abinash\.m2\repository\org\lwjgl\lwjgl-assimp\3.2.3\lwjgl-assimp-3.2.3.jar;C:\Users\abinash\.m2\repository\org\lwjgl\lwjgl-bgfx\3.2.3\lwjgl-bgfx-3.2.3.jar;C:\Users\abinash\.m2\repository\org\lwjgl\lwjgl-cuda\3.2.3\lwjgl-cuda-3.2.3.jar;C:\Users\abinash\.m2\repository\org\lwjgl\lwjgl-egl\3.2.3\lwjgl-egl-3.2.3.jar;C:\Users\abinash\.m2\repository\org\lwjgl\lwjgl-glfw\3.2.3\lwjgl-glfw-3.2.3.jar;C:\Users\abinash\.m2\repository\org\lwjgl\lwjgl-jawt\3.2.3\lwjgl-jawt-3.2.3.jar;C:\Users\abinash\.m2\repository\org\lwjgl\lwjgl-jemalloc\3.2.3\lwjgl-jemalloc-3.2.3.jar;C:\Users\abinash\.m2\repository\org\lwjgl\lwjgl-libdivide\3.2.3\lwjgl-libdivide-3.2.3.jar;C:\Users\abinash\.m2\repository\org\lwjgl\lwjgl-llvm\3.2.3\lwjgl-llvm-3.2.3.jar;C:\Users\abinash\.m2\repository\org\lwjgl\lwjgl-lmdb\3.2.3\lwjgl-lmdb-3.2.3.jar;C:\Users\abinash\.m2\repository\org\lwjgl\lwjgl-lz4\3.2.3\lwjgl-lz4-3.2.3.jar;C:\Users\abinash\.m2\repository\org\lwjgl\lwjgl-meow\3.2.3\lwjgl-meow-3.2.3.jar;C:\Users\abinash\.m2\repository\org\lwjgl\lwjgl-nanovg\3.2.3\lwjgl-nanovg-3.2.3.jar;C:\Users\abinash\.m2\repository\org\lwjgl\lwjgl-nfd\3.2.3\lwjgl-nfd-3.2.3.jar;C:\Users\abinash\.m2\repository\org\lwjgl\lwjgl-nuklear\3.2.3\lwjgl-nuklear-3.2.3.jar;C:\Users\abinash\.m2\repository\org\lwjgl\lwjgl-odbc\3.2.3\lwjgl-odbc-3.2.3.jar;C:\Users\abinash\.m2\repository\org\lwjgl\lwjgl-openal\3.2.3\lwjgl-openal-3.2.3.jar;C:\Users\abinash\.m2\repository\org\lwjgl\lwjgl-opencl\3.2.3\lwjgl-opencl-3.2.3.jar;C:\Users\abinash\.m2\repository\org\lwjgl\lwjgl-opengl\3.2.3\lwjgl-opengl-3.2.3.jar;C:\Users\abinash\.m2\repository\org\lwjgl\lwjgl-opengles\3.2.3\lwjgl-opengles-3.2.3.jar;C:\Users\abinash\.m2\repository\org\lwjgl\lwjgl-openvr\3.2.3\lwjgl-openvr-3.2.3.ja
Launcher Type: SUN_STANDARD

Environment Variables:
PATH=C:/Program Files/Java/jre1.8.0_111/bin/server;C:/Program Files/Java/jre1.8.0_111/bin;C:/Program Files/Java/jre1.8.0_111/lib/amd64;C:\Program Files (x86)\Common Files\Oracle\Java\javapath;C:\ProgramData\Oracle\Java\javapath;C:\windows\system32;C:\windows;C:\windows\System32\Wbem;C:\windows\System32\WindowsPowerShell\v1.0\;C:\Program Files (x86)\ATI Technologies\ATI.ACE\Core-Static;C:\Program Files (x86)\Windows Live\Shared;C:\Program Files (x86)\AMD\ATI.ACE\Core-Static;C:\Program Files (x86)\QuickTime\QTSystem\;C:\Program Files\nodejs\;C:\Program Files\Microsoft VS Code\bin;C:\Program Files\PuTTY\;C:\Program Files\Git\cmd;C:\Program Files\Git\mingw64\bin;C:\Program Files\Git\usr\bin;C:\Go\bin;C:\Program Files\dotnet\;C:\Program Files (x86)\Bitvise SSH Client;C:\Program Files\Git LFS;C:\Users\abinash\AppData\Local\Programs\Python\Python35\Scripts\;C:\Users\abinash\AppData\Local\Programs\Python\Python35\;C:\Users\abinash\AppData\Local\Programs\Python\Python35-32\Scripts\;C:\Users\abinash\AppData\Local\Programs\Python\Python35-32\;C:\Users\abinash\Documents\gocode\bin;C:\Users\abinash\AppData\Local\GitHubDesktop\bin;C:\Users\abinash\AppData\Local\atom\bin;C:\Program Files (x86)\Nmap;C:\Program Files\Microsoft VS Code\bin;C:\Users\abinash\AppData\Roaming\npm;C:\Users\abinash\go\bin;C:\Users\abinash\eclipse\java-2018-09\eclipse;
USERNAME=abinash
OS=Windows_NT
PROCESSOR_IDENTIFIER=AMD64 Family 21 Model 19 Stepping 1, AuthenticAMD



---------------  S Y S T E M  ---------------

OS: Windows 8.1 , 64 bit Build 9600 (6.3.9600.17415)

CPU:total 4 (4 cores per cpu, 1 threads per core) family 21 model 19 stepping 1, cmov, cx8, fxsr, mmx, sse, sse2, sse3, ssse3, sse4.1, sse4.2, popcnt, avx, aes, clmul, mmxext, 3dnowpref, lzcnt, sse4a, tsc, tscinvbit, tscinv, bmi1

Memory: 4k page, physical 7509188k(3254308k free), swap 15373508k(10369192k free)

vm_info: Java HotSpot(TM) 64-Bit Server VM (25.111-b14) for windows-amd64 JRE (1.8.0_111-b14), built on Sep 22 2016 19:24:05 by "java_re" with MS VC++ 10.0 (VS2010)

time: Fri Oct 25 18:28:59 2019
elapsed time: 12 seconds (0d 0h 0m 12s)

