
-------------------------------------November 8, 2019 10:38 PM-------------------------------------

[November 8, 2019 10:38 PM] [net.abi.abisEngine.core.CoreEngine] INFO: Starting Engine.
[November 8, 2019 10:38 PM] [net.abi.abisEngine.rendering.windowManagement.GLFWWindowManager] ERROR: Monitor Provided Is NULL, Defaulting To Primary Monitor.
[November 8, 2019 10:38 PM] [net.abi.abisEngine.rendering.sceneManagement.SceneManager] DEBUG: Setting Scene: EngineSplash
[November 8, 2019 10:38 PM] [net.abi.abisEngine.rendering.shaders.Shader] FINE: Successfully Attached Shader: 1 Log: 

[November 8, 2019 10:38 PM] [net.abi.abisEngine.rendering.shaders.Shader] FINE: Successfully Attached Shader: 1 Log: 

[November 8, 2019 10:38 PM] [net.abi.abisEngine.rendering.shaders.Shader] FINE: Uniform 'T_model' At Location: 5
[November 8, 2019 10:38 PM] [net.abi.abisEngine.rendering.shaders.Shader] FINE: Uniform 'T_MVP' At Location: 4
[November 8, 2019 10:38 PM] [net.abi.abisEngine.rendering.shaders.Shader] FINE: Uniform 'diffuse' At Location: 8
[November 8, 2019 10:38 PM] [net.abi.abisEngine.rendering.shaders.Shader] FINE: Uniform 'normal_map' At Location: 9
[November 8, 2019 10:38 PM] [net.abi.abisEngine.rendering.shaders.Shader] FINE: Uniform 'C_eyePos' At Location: 0
[November 8, 2019 10:38 PM] [net.abi.abisEngine.rendering.shaders.Shader] FINE: Uniform 'specularIntensity' At Location: 6
[November 8, 2019 10:38 PM] [net.abi.abisEngine.rendering.shaders.Shader] FINE: Uniform 'specularPower' At Location: 7
[November 8, 2019 10:38 PM] [net.abi.abisEngine.rendering.shaders.Shader] FINE: Uniform 'R_directionalLight.base.color' At Location: 1
[November 8, 2019 10:38 PM] [net.abi.abisEngine.rendering.shaders.Shader] FINE: Uniform 'R_directionalLight.base.intensity' At Location: 2
[November 8, 2019 10:38 PM] [net.abi.abisEngine.rendering.shaders.Shader] FINE: Uniform 'R_directionalLight.direction' At Location: 3
[November 8, 2019 10:38 PM] [net.abi.abisEngine.rendering.shaders.Shader] FINE: Successfully Attached Shader: 4 Log: 

[November 8, 2019 10:38 PM] [net.abi.abisEngine.rendering.shaders.Shader] FINE: Successfully Attached Shader: 4 Log: 

[November 8, 2019 10:38 PM] [net.abi.abisEngine.rendering.shaders.Shader] FINE: Uniform 'T_model' At Location: 9
[November 8, 2019 10:38 PM] [net.abi.abisEngine.rendering.shaders.Shader] FINE: Uniform 'T_MVP' At Location: 8
[November 8, 2019 10:38 PM] [net.abi.abisEngine.rendering.shaders.Shader] FINE: Uniform 'diffuse' At Location: 12
[November 8, 2019 10:38 PM] [net.abi.abisEngine.rendering.shaders.Shader] FINE: Uniform 'normal_map' At Location: 13
[November 8, 2019 10:38 PM] [net.abi.abisEngine.rendering.shaders.Shader] FINE: Uniform 'C_eyePos' At Location: 0
[November 8, 2019 10:38 PM] [net.abi.abisEngine.rendering.shaders.Shader] FINE: Uniform 'specularIntensity' At Location: 10
[November 8, 2019 10:38 PM] [net.abi.abisEngine.rendering.shaders.Shader] FINE: Uniform 'specularPower' At Location: 11
[November 8, 2019 10:38 PM] [net.abi.abisEngine.rendering.shaders.Shader] FINE: Uniform 'R_pointLight.base.color' At Location: 1
[November 8, 2019 10:38 PM] [net.abi.abisEngine.rendering.shaders.Shader] FINE: Uniform 'R_pointLight.base.intensity' At Location: 2
[November 8, 2019 10:38 PM] [net.abi.abisEngine.rendering.shaders.Shader] FINE: Uniform 'R_pointLight.atten.constant' At Location: 3
[November 8, 2019 10:38 PM] [net.abi.abisEngine.rendering.shaders.Shader] FINE: Uniform 'R_pointLight.atten.linear' At Location: 4
[November 8, 2019 10:38 PM] [net.abi.abisEngine.rendering.shaders.Shader] FINE: Uniform 'R_pointLight.atten.exponent' At Location: 5
[November 8, 2019 10:38 PM] [net.abi.abisEngine.rendering.shaders.Shader] FINE: Uniform 'R_pointLight.position' At Location: 6
[November 8, 2019 10:38 PM] [net.abi.abisEngine.rendering.shaders.Shader] FINE: Uniform 'R_pointLight.range' At Location: 7
[November 8, 2019 10:38 PM] [net.abi.abisEngine.rendering.shaders.Shader] FINE: Successfully Attached Shader: 7 Log: 

[November 8, 2019 10:38 PM] [net.abi.abisEngine.rendering.shaders.Shader] FINE: Successfully Attached Shader: 7 Log: 

[November 8, 2019 10:38 PM] [net.abi.abisEngine.rendering.shaders.Shader] FINE: Uniform 'T_model' At Location: 11
[November 8, 2019 10:38 PM] [net.abi.abisEngine.rendering.shaders.Shader] FINE: Uniform 'T_MVP' At Location: 10
[November 8, 2019 10:38 PM] [net.abi.abisEngine.rendering.shaders.Shader] FINE: Uniform 'diffuse' At Location: 14
[November 8, 2019 10:38 PM] [net.abi.abisEngine.rendering.shaders.Shader] FINE: Uniform 'normal_map' At Location: 15
[November 8, 2019 10:38 PM] [net.abi.abisEngine.rendering.shaders.Shader] FINE: Uniform 'C_eyePos' At Location: 0
[November 8, 2019 10:38 PM] [net.abi.abisEngine.rendering.shaders.Shader] FINE: Uniform 'specularIntensity' At Location: 12
[November 8, 2019 10:38 PM] [net.abi.abisEngine.rendering.shaders.Shader] FINE: Uniform 'specularPower' At Location: 13
[November 8, 2019 10:38 PM] [net.abi.abisEngine.rendering.shaders.Shader] FINE: Uniform 'R_spotLight.pointLight.base.color' At Location: 1
[November 8, 2019 10:38 PM] [net.abi.abisEngine.rendering.shaders.Shader] FINE: Uniform 'R_spotLight.pointLight.base.intensity' At Location: 2
[November 8, 2019 10:38 PM] [net.abi.abisEngine.rendering.shaders.Shader] FINE: Uniform 'R_spotLight.pointLight.atten.constant' At Location: 3
[November 8, 2019 10:38 PM] [net.abi.abisEngine.rendering.shaders.Shader] FINE: Uniform 'R_spotLight.pointLight.atten.linear' At Location: 4
[November 8, 2019 10:38 PM] [net.abi.abisEngine.rendering.shaders.Shader] FINE: Uniform 'R_spotLight.pointLight.atten.exponent' At Location: 5
[November 8, 2019 10:38 PM] [net.abi.abisEngine.rendering.shaders.Shader] FINE: Uniform 'R_spotLight.pointLight.position' At Location: 6
[November 8, 2019 10:38 PM] [net.abi.abisEngine.rendering.shaders.Shader] FINE: Uniform 'R_spotLight.pointLight.range' At Location: 7
[November 8, 2019 10:38 PM] [net.abi.abisEngine.rendering.shaders.Shader] FINE: Uniform 'R_spotLight.direction' At Location: 8
[November 8, 2019 10:38 PM] [net.abi.abisEngine.rendering.shaders.Shader] FINE: Uniform 'R_spotLight.cutoff' At Location: 9
[November 8, 2019 10:38 PM] [net.abi.abisEngine.rendering.sceneManagement.SceneManager] DEBUG: Current Scene: Scene [root=net.abi.abisEngine.core.Entity@7cd62f43, id=fe890429-3c29-45a1-8367-ac997b569801, name=EngineSplash]
[November 8, 2019 10:38 PM] [net.abi.abisEngine.rendering.shaders.Shader] FINE: Successfully Attached Shader: 10 Log: 

[November 8, 2019 10:38 PM] [net.abi.abisEngine.rendering.shaders.Shader] FINE: Successfully Attached Shader: 10 Log: 

[November 8, 2019 10:38 PM] [net.abi.abisEngine.rendering.shaders.Shader] FINE: Uniform 'T_MVP' At Location: 1
[November 8, 2019 10:38 PM] [net.abi.abisEngine.rendering.shaders.Shader] FINE: Uniform 'R_ambient' At Location: 0
[November 8, 2019 10:38 PM] [net.abi.abisEngine.rendering.shaders.Shader] FINE: Uniform 'diffuse' At Location: 2
[November 8, 2019 10:38 PM] [net.abi.abisEngine.rendering.windowManagement.GLFWWindowManager] DEBUG: Monitor Provided Is NULL, Defaulting To Primary Monitor.
[November 8, 2019 10:38 PM] [net.abi.abisEngine.rendering.sceneManagement.SceneManager] DEBUG: Setting Scene: TestGame
[November 8, 2019 10:38 PM] [net.abi.abisEngine.rendering.sceneManagement.SceneManager] DEBUG: Current Scene: Scene [root=net.abi.abisEngine.core.Entity@1794d431, id=b199e9ed-493b-4b57-9081-31dd8f39138f, name=TestGame]
[November 8, 2019 10:39 PM] [net.abi.abisEngine.rendering.windowManagement.GLFWWindowManager] DEBUG: Monitor Provided Is NULL, Defaulting To Primary Monitor.
[November 8, 2019 10:39 PM] [net.abi.abisEngine.rendering.sceneManagement.SceneManager] DEBUG: Setting Scene: TestGame
[November 8, 2019 10:39 PM] [net.abi.abisEngine.rendering.sceneManagement.SceneManager] DEBUG: Current Scene: Scene [root=net.abi.abisEngine.core.Entity@42e26948, id=3c029eb3-f193-485d-924a-6481a2ed68b4, name=TestGame]
